  AttackEvent.cpp
C:\Users\user\Desktop\API_Project\API_Project\Solution_Kirby\Engineframework\AnimationManager.h(14,2): warning C4091: 'static ': 변수를 선언하지 않으면 'AnimationManager' 왼쪽은 무시됩니다.
  (소스 파일 'AttackEvent.cpp'을(를) 컴파일하는 중)
  
  AttakObject.cpp
C:\Users\user\Desktop\API_Project\API_Project\Solution_Kirby\Engineframework\AnimationManager.h(14,2): warning C4091: 'static ': 변수를 선언하지 않으면 'AnimationManager' 왼쪽은 무시됩니다.
  (소스 파일 'AttakObject.cpp'을(를) 컴파일하는 중)
  
  ChangeObject.cpp
C:\Users\user\Desktop\API_Project\API_Project\Solution_Kirby\Engineframework\AnimationManager.h(14,2): warning C4091: 'static ': 변수를 선언하지 않으면 'AnimationManager' 왼쪽은 무시됩니다.
  (소스 파일 'ChangeObject.cpp'을(를) 컴파일하는 중)
  
  Edit.cpp
C:\Users\user\Desktop\API_Project\API_Project\Solution_Kirby\Engineframework\AnimationManager.h(14,2): warning C4091: 'static ': 변수를 선언하지 않으면 'AnimationManager' 왼쪽은 무시됩니다.
  (소스 파일 'Edit.cpp'을(를) 컴파일하는 중)
  
C:\Users\user\Desktop\API_Project\API_Project\Solution_Kirby\KirbyGame\Edit.cpp(453,78): warning C4244: '인수': 'double'에서 'int'(으)로 변환하면서 데이터가 손실될 수 있습니다.
C:\Users\user\Desktop\API_Project\API_Project\Solution_Kirby\KirbyGame\Edit.cpp(453,41): warning C4244: '인수': 'double'에서 'int'(으)로 변환하면서 데이터가 손실될 수 있습니다.
C:\Users\user\Desktop\API_Project\API_Project\Solution_Kirby\KirbyGame\Edit.cpp(455,93): warning C4244: '인수': 'double'에서 'int'(으)로 변환하면서 데이터가 손실될 수 있습니다.
C:\Users\user\Desktop\API_Project\API_Project\Solution_Kirby\KirbyGame\Edit.cpp(455,41): warning C4244: '인수': 'double'에서 'int'(으)로 변환하면서 데이터가 손실될 수 있습니다.
C:\Users\user\Desktop\API_Project\API_Project\Solution_Kirby\KirbyGame\Edit.cpp(460,78): warning C4244: '인수': 'double'에서 'int'(으)로 변환하면서 데이터가 손실될 수 있습니다.
C:\Users\user\Desktop\API_Project\API_Project\Solution_Kirby\KirbyGame\Edit.cpp(460,13): warning C4244: '인수': 'double'에서 'int'(으)로 변환하면서 데이터가 손실될 수 있습니다.
C:\Users\user\Desktop\API_Project\API_Project\Solution_Kirby\KirbyGame\Edit.cpp(462,93): warning C4244: '인수': 'double'에서 'int'(으)로 변환하면서 데이터가 손실될 수 있습니다.
C:\Users\user\Desktop\API_Project\API_Project\Solution_Kirby\KirbyGame\Edit.cpp(462,28): warning C4244: '인수': 'double'에서 'int'(으)로 변환하면서 데이터가 손실될 수 있습니다.
C:\Users\user\Desktop\API_Project\API_Project\Solution_Kirby\KirbyGame\Edit.cpp(469,103): warning C4244: '인수': 'double'에서 'float'(으)로 변환하면서 데이터가 손실될 수 있습니다.
C:\Users\user\Desktop\API_Project\API_Project\Solution_Kirby\KirbyGame\Edit.cpp(469,65): warning C4244: '인수': 'double'에서 'float'(으)로 변환하면서 데이터가 손실될 수 있습니다.
C:\Users\user\Desktop\API_Project\API_Project\Solution_Kirby\KirbyGame\Edit.cpp(474,103): warning C4244: '인수': 'double'에서 'float'(으)로 변환하면서 데이터가 손실될 수 있습니다.
C:\Users\user\Desktop\API_Project\API_Project\Solution_Kirby\KirbyGame\Edit.cpp(474,65): warning C4244: '인수': 'double'에서 'float'(으)로 변환하면서 데이터가 손실될 수 있습니다.
C:\Users\user\Desktop\API_Project\API_Project\Solution_Kirby\KirbyGame\Edit.cpp(479,112): warning C4244: '인수': 'double'에서 'float'(으)로 변환하면서 데이터가 손실될 수 있습니다.
C:\Users\user\Desktop\API_Project\API_Project\Solution_Kirby\KirbyGame\Edit.cpp(479,68): warning C4244: '인수': 'double'에서 'float'(으)로 변환하면서 데이터가 손실될 수 있습니다.
C:\Users\user\Desktop\API_Project\API_Project\Solution_Kirby\KirbyGame\Edit.cpp(484,112): warning C4244: '인수': 'double'에서 'float'(으)로 변환하면서 데이터가 손실될 수 있습니다.
C:\Users\user\Desktop\API_Project\API_Project\Solution_Kirby\KirbyGame\Edit.cpp(484,68): warning C4244: '인수': 'double'에서 'float'(으)로 변환하면서 데이터가 손실될 수 있습니다.
C:\Users\user\Desktop\API_Project\API_Project\Solution_Kirby\KirbyGame\Edit.cpp(493,15): warning C4244: '초기화 중': 'double'에서 'int'(으)로 변환하면서 데이터가 손실될 수 있습니다.
C:\Users\user\Desktop\API_Project\API_Project\Solution_Kirby\KirbyGame\Edit.cpp(494,15): warning C4244: '초기화 중': 'double'에서 'int'(으)로 변환하면서 데이터가 손실될 수 있습니다.
  EditerScene.cpp
C:\Users\user\Desktop\API_Project\API_Project\Solution_Kirby\Engineframework\AnimationManager.h(14,2): warning C4091: 'static ': 변수를 선언하지 않으면 'AnimationManager' 왼쪽은 무시됩니다.
  (소스 파일 'EditerScene.cpp'을(를) 컴파일하는 중)
  
  GameScene.cpp
C:\Users\user\Desktop\API_Project\API_Project\Solution_Kirby\Engineframework\AnimationManager.h(14,2): warning C4091: 'static ': 변수를 선언하지 않으면 'AnimationManager' 왼쪽은 무시됩니다.
  (소스 파일 'GameScene.cpp'을(를) 컴파일하는 중)
  
  LandChecker.cpp
C:\Users\user\Desktop\API_Project\API_Project\Solution_Kirby\Engineframework\AnimationManager.h(14,2): warning C4091: 'static ': 변수를 선언하지 않으면 'AnimationManager' 왼쪽은 무시됩니다.
  (소스 파일 'LandChecker.cpp'을(를) 컴파일하는 중)
  
  MonsterAI.cpp
C:\Users\user\Desktop\API_Project\API_Project\Solution_Kirby\Engineframework\AnimationManager.h(14,2): warning C4091: 'static ': 변수를 선언하지 않으면 'AnimationManager' 왼쪽은 무시됩니다.
  (소스 파일 'MonsterAI.cpp'을(를) 컴파일하는 중)
  
  Player.cpp
C:\Users\user\Desktop\API_Project\API_Project\Solution_Kirby\Engineframework\AnimationManager.h(14,2): warning C4091: 'static ': 변수를 선언하지 않으면 'AnimationManager' 왼쪽은 무시됩니다.
  (소스 파일 'Player.cpp'을(를) 컴파일하는 중)
  
C:\Users\user\Desktop\API_Project\API_Project\Solution_Kirby\KirbyGame\Player.cpp(485,44): warning C4244: '인수': 'double'에서 'float'(으)로 변환하면서 데이터가 손실될 수 있습니다.
C:\Users\user\Desktop\API_Project\API_Project\Solution_Kirby\KirbyGame\Player.cpp(484,44): warning C4244: '인수': 'double'에서 'float'(으)로 변환하면서 데이터가 손실될 수 있습니다.
C:\Users\user\Desktop\API_Project\API_Project\Solution_Kirby\KirbyGame\Player.cpp(507,47): warning C4244: '인수': 'double'에서 'float'(으)로 변환하면서 데이터가 손실될 수 있습니다.
C:\Users\user\Desktop\API_Project\API_Project\Solution_Kirby\KirbyGame\Player.cpp(507,14): warning C4244: '인수': 'double'에서 'float'(으)로 변환하면서 데이터가 손실될 수 있습니다.
C:\Users\user\Desktop\API_Project\API_Project\Solution_Kirby\KirbyGame\Player.cpp(508,48): warning C4244: '인수': 'double'에서 'float'(으)로 변환하면서 데이터가 손실될 수 있습니다.
C:\Users\user\Desktop\API_Project\API_Project\Solution_Kirby\KirbyGame\Player.cpp(508,14): warning C4244: '인수': 'double'에서 'float'(으)로 변환하면서 데이터가 손실될 수 있습니다.
C:\Users\user\Desktop\API_Project\API_Project\Solution_Kirby\KirbyGame\Player.cpp(510,54): warning C4244: '인수': 'double'에서 'float'(으)로 변환하면서 데이터가 손실될 수 있습니다.
C:\Users\user\Desktop\API_Project\API_Project\Solution_Kirby\KirbyGame\Player.cpp(510,41): warning C4244: '인수': 'double'에서 'float'(으)로 변환하면서 데이터가 손실될 수 있습니다.
  SceneChanger.cpp
C:\Users\user\Desktop\API_Project\API_Project\Solution_Kirby\Engineframework\AnimationManager.h(14,2): warning C4091: 'static ': 변수를 선언하지 않으면 'AnimationManager' 왼쪽은 무시됩니다.
  (소스 파일 'SceneChanger.cpp'을(를) 컴파일하는 중)
  
  StageMaker.cpp
C:\Users\user\Desktop\API_Project\API_Project\Solution_Kirby\Engineframework\AnimationManager.h(14,2): warning C4091: 'static ': 변수를 선언하지 않으면 'AnimationManager' 왼쪽은 무시됩니다.
  (소스 파일 'StageMaker.cpp'을(를) 컴파일하는 중)
  
C:\Users\user\Desktop\API_Project\API_Project\Solution_Kirby\KirbyGame\StageMaker.cpp(72,26): warning C4267: '초기화 중': 'size_t'에서 'int'(으)로 변환하면서 데이터가 손실될 수 있습니다.
C:\Users\user\Desktop\API_Project\API_Project\Solution_Kirby\KirbyGame\StageMaker.cpp(285,49): warning C4244: '인수': 'double'에서 'float'(으)로 변환하면서 데이터가 손실될 수 있습니다.
C:\Users\user\Desktop\API_Project\API_Project\Solution_Kirby\KirbyGame\StageMaker.cpp(292,71): warning C4244: '인수': 'double'에서 'float'(으)로 변환하면서 데이터가 손실될 수 있습니다.
C:\Users\user\Desktop\API_Project\API_Project\Solution_Kirby\KirbyGame\StageMaker.cpp(292,53): warning C4244: '인수': 'double'에서 'float'(으)로 변환하면서 데이터가 손실될 수 있습니다.
  StartScene.cpp
C:\Users\user\Desktop\API_Project\API_Project\Solution_Kirby\Engineframework\AnimationManager.h(14,2): warning C4091: 'static ': 변수를 선언하지 않으면 'AnimationManager' 왼쪽은 무시됩니다.
  (소스 파일 'StartScene.cpp'을(를) 컴파일하는 중)
  
  game.cpp
C:\Users\user\Desktop\API_Project\API_Project\Solution_Kirby\Engineframework\AnimationManager.h(14,2): warning C4091: 'static ': 변수를 선언하지 않으면 'AnimationManager' 왼쪽은 무시됩니다.
  (소스 파일 'game.cpp'을(를) 컴파일하는 중)
  
  main.cpp
C:\Users\user\Desktop\API_Project\API_Project\Solution_Kirby\Engineframework\AnimationManager.h(14,2): warning C4091: 'static ': 변수를 선언하지 않으면 'AnimationManager' 왼쪽은 무시됩니다.
  (소스 파일 'main.cpp'을(를) 컴파일하는 중)
  
  코드를 생성하고 있습니다.
  4 of 1959 functions ( 0.2%) were compiled, the rest were copied from previous compilation.
    0 functions were new in current compilation
    19 functions had inline decision re-evaluated but remain unchanged
  코드를 생성했습니다.
  KirbyGame.vcxproj -> C:\Users\user\Desktop\API_Project\API_Project\Solution_Kirby\x64\Release\KirbyGame.exe
