c:\users\asus\onedrive\바탕 화면\api_project-dirextx\api_project-dirextx\solution_kirby\kirbygame\debug\vc143.pdb
c:\users\asus\onedrive\바탕 화면\api_project-dirextx\api_project-dirextx\solution_kirby\kirbygame\debug\vc143.idb
c:\users\asus\onedrive\바탕 화면\api_project-dirextx\api_project-dirextx\solution_kirby\kirbygame\debug\startscene.obj
c:\users\asus\onedrive\바탕 화면\api_project-dirextx\api_project-dirextx\solution_kirby\kirbygame\debug\stagemaker.obj
c:\users\asus\onedrive\바탕 화면\api_project-dirextx\api_project-dirextx\solution_kirby\kirbygame\debug\scenechanger.obj
c:\users\asus\onedrive\바탕 화면\api_project-dirextx\api_project-dirextx\solution_kirby\kirbygame\debug\player.obj
c:\users\asus\onedrive\바탕 화면\api_project-dirextx\api_project-dirextx\solution_kirby\kirbygame\debug\monsterai.obj
c:\users\asus\onedrive\바탕 화면\api_project-dirextx\api_project-dirextx\solution_kirby\kirbygame\debug\main.obj
c:\users\asus\onedrive\바탕 화면\api_project-dirextx\api_project-dirextx\solution_kirby\kirbygame\debug\landchecker.obj
c:\users\asus\onedrive\바탕 화면\api_project-dirextx\api_project-dirextx\solution_kirby\kirbygame\debug\gamescene.obj
c:\users\asus\onedrive\바탕 화면\api_project-dirextx\api_project-dirextx\solution_kirby\kirbygame\debug\game.obj
c:\users\asus\onedrive\바탕 화면\api_project-dirextx\api_project-dirextx\solution_kirby\kirbygame\debug\editerscene.obj
c:\users\asus\onedrive\바탕 화면\api_project-dirextx\api_project-dirextx\solution_kirby\kirbygame\debug\edit.obj
c:\users\asus\onedrive\바탕 화면\api_project-dirextx\api_project-dirextx\solution_kirby\kirbygame\debug\changeobject.obj
c:\users\asus\onedrive\바탕 화면\api_project-dirextx\api_project-dirextx\solution_kirby\kirbygame\debug\attakobject.obj
c:\users\asus\onedrive\바탕 화면\api_project-dirextx\api_project-dirextx\solution_kirby\kirbygame\debug\attackevent.obj
c:\users\asus\onedrive\바탕 화면\api_project-dirextx\api_project-dirextx\solution_kirby\debug\kirbygame.pdb
c:\users\asus\onedrive\바탕 화면\api_project-dirextx\api_project-dirextx\solution_kirby\kirbygame\debug\kirbygame.tlog\cl.command.1.tlog
c:\users\asus\onedrive\바탕 화면\api_project-dirextx\api_project-dirextx\solution_kirby\kirbygame\debug\kirbygame.tlog\cl.read.1.tlog
c:\users\asus\onedrive\바탕 화면\api_project-dirextx\api_project-dirextx\solution_kirby\kirbygame\debug\kirbygame.tlog\cl.write.1.tlog
c:\users\asus\onedrive\바탕 화면\api_project-dirextx\api_project-dirextx\solution_kirby\kirbygame\debug\kirbygame.tlog\link-cvtres.read.1.tlog
c:\users\asus\onedrive\바탕 화면\api_project-dirextx\api_project-dirextx\solution_kirby\kirbygame\debug\kirbygame.tlog\link-cvtres.write.1.tlog
c:\users\asus\onedrive\바탕 화면\api_project-dirextx\api_project-dirextx\solution_kirby\kirbygame\debug\kirbygame.tlog\link-rc.read.1.tlog
c:\users\asus\onedrive\바탕 화면\api_project-dirextx\api_project-dirextx\solution_kirby\kirbygame\debug\kirbygame.tlog\link-rc.write.1.tlog
c:\users\asus\onedrive\바탕 화면\api_project-dirextx\api_project-dirextx\solution_kirby\kirbygame\debug\kirbygame.tlog\link.command.1.tlog
c:\users\asus\onedrive\바탕 화면\api_project-dirextx\api_project-dirextx\solution_kirby\kirbygame\debug\kirbygame.tlog\link.read.1.tlog
c:\users\asus\onedrive\바탕 화면\api_project-dirextx\api_project-dirextx\solution_kirby\kirbygame\debug\kirbygame.tlog\link.write.1.tlog
