  AttackEvent.cpp
C:\Users\ASUS\OneDrive\바탕 화면\API_Project-DirextX\Solution_Kirby\Engineframework\AnimationManager.h(14,2): warning C4091: 'static ': 변수를 선언하지 않으면 'AnimationManager' 왼쪽은 무시됩니다.
  AttakObject.cpp
C:\Users\ASUS\OneDrive\바탕 화면\API_Project-DirextX\Solution_Kirby\Engineframework\AnimationManager.h(14,2): warning C4091: 'static ': 변수를 선언하지 않으면 'AnimationManager' 왼쪽은 무시됩니다.
  ChangeObject.cpp
C:\Users\ASUS\OneDrive\바탕 화면\API_Project-DirextX\Solution_Kirby\Engineframework\AnimationManager.h(14,2): warning C4091: 'static ': 변수를 선언하지 않으면 'AnimationManager' 왼쪽은 무시됩니다.
  Door.cpp
C:\Users\ASUS\OneDrive\바탕 화면\API_Project-DirextX\Solution_Kirby\Engineframework\AnimationManager.h(14,2): warning C4091: 'static ': 변수를 선언하지 않으면 'AnimationManager' 왼쪽은 무시됩니다.
  Edit.cpp
C:\Users\ASUS\OneDrive\바탕 화면\API_Project-DirextX\Solution_Kirby\Engineframework\AnimationManager.h(14,2): warning C4091: 'static ': 변수를 선언하지 않으면 'AnimationManager' 왼쪽은 무시됩니다.
C:\Users\ASUS\OneDrive\바탕 화면\API_Project-DirextX\Solution_Kirby\KirbyGame\Edit.cpp(51,23): warning C4018: '<': signed 또는 unsigned가 일치하지 않습니다.
C:\Users\ASUS\OneDrive\바탕 화면\API_Project-DirextX\Solution_Kirby\KirbyGame\Edit.cpp(54,27): warning C4018: '<': signed 또는 unsigned가 일치하지 않습니다.
C:\Users\ASUS\OneDrive\바탕 화면\API_Project-DirextX\Solution_Kirby\KirbyGame\Edit.cpp(148,23): warning C4018: '<': signed 또는 unsigned가 일치하지 않습니다.
C:\Users\ASUS\OneDrive\바탕 화면\API_Project-DirextX\Solution_Kirby\KirbyGame\Edit.cpp(150,27): warning C4018: '<': signed 또는 unsigned가 일치하지 않습니다.
C:\Users\ASUS\OneDrive\바탕 화면\API_Project-DirextX\Solution_Kirby\KirbyGame\Edit.cpp(207,23): warning C4018: '<': signed 또는 unsigned가 일치하지 않습니다.
C:\Users\ASUS\OneDrive\바탕 화면\API_Project-DirextX\Solution_Kirby\KirbyGame\Edit.cpp(207,48): warning C4018: '<': signed 또는 unsigned가 일치하지 않습니다.
C:\Users\ASUS\OneDrive\바탕 화면\API_Project-DirextX\Solution_Kirby\KirbyGame\Edit.cpp(209,27): warning C4018: '<': signed 또는 unsigned가 일치하지 않습니다.
C:\Users\ASUS\OneDrive\바탕 화면\API_Project-DirextX\Solution_Kirby\KirbyGame\Edit.cpp(209,55): warning C4018: '<': signed 또는 unsigned가 일치하지 않습니다.
  EditerScene.cpp
C:\Users\ASUS\OneDrive\바탕 화면\API_Project-DirextX\Solution_Kirby\Engineframework\AnimationManager.h(14,2): warning C4091: 'static ': 변수를 선언하지 않으면 'AnimationManager' 왼쪽은 무시됩니다.
  GameScene.cpp
C:\Users\ASUS\OneDrive\바탕 화면\API_Project-DirextX\Solution_Kirby\Engineframework\AnimationManager.h(14,2): warning C4091: 'static ': 변수를 선언하지 않으면 'AnimationManager' 왼쪽은 무시됩니다.
  MonsterAI.cpp
C:\Users\ASUS\OneDrive\바탕 화면\API_Project-DirextX\Solution_Kirby\Engineframework\AnimationManager.h(14,2): warning C4091: 'static ': 변수를 선언하지 않으면 'AnimationManager' 왼쪽은 무시됩니다.
  Player.cpp
C:\Users\ASUS\OneDrive\바탕 화면\API_Project-DirextX\Solution_Kirby\Engineframework\AnimationManager.h(14,2): warning C4091: 'static ': 변수를 선언하지 않으면 'AnimationManager' 왼쪽은 무시됩니다.
  SceneChanger.cpp
C:\Users\ASUS\OneDrive\바탕 화면\API_Project-DirextX\Solution_Kirby\Engineframework\AnimationManager.h(14,2): warning C4091: 'static ': 변수를 선언하지 않으면 'AnimationManager' 왼쪽은 무시됩니다.
  StageMaker.cpp
C:\Users\ASUS\OneDrive\바탕 화면\API_Project-DirextX\Solution_Kirby\Engineframework\AnimationManager.h(14,2): warning C4091: 'static ': 변수를 선언하지 않으면 'AnimationManager' 왼쪽은 무시됩니다.
C:\Users\ASUS\OneDrive\바탕 화면\API_Project-DirextX\Solution_Kirby\KirbyGame\StageMaker.cpp(208,23): warning C4018: '<': signed 또는 unsigned가 일치하지 않습니다.
C:\Users\ASUS\OneDrive\바탕 화면\API_Project-DirextX\Solution_Kirby\KirbyGame\StageMaker.cpp(211,21): warning C4018: '<': signed 또는 unsigned가 일치하지 않습니다.
  StartScene.cpp
C:\Users\ASUS\OneDrive\바탕 화면\API_Project-DirextX\Solution_Kirby\Engineframework\AnimationManager.h(14,2): warning C4091: 'static ': 변수를 선언하지 않으면 'AnimationManager' 왼쪽은 무시됩니다.
  game.cpp
C:\Users\ASUS\OneDrive\바탕 화면\API_Project-DirextX\Solution_Kirby\Engineframework\AnimationManager.h(14,2): warning C4091: 'static ': 변수를 선언하지 않으면 'AnimationManager' 왼쪽은 무시됩니다.
  main.cpp
C:\Users\ASUS\OneDrive\바탕 화면\API_Project-DirextX\Solution_Kirby\Engineframework\AnimationManager.h(14,2): warning C4091: 'static ': 변수를 선언하지 않으면 'AnimationManager' 왼쪽은 무시됩니다.
  코드를 생성하고 있습니다...
  KirbyGame.vcxproj -> C:\Users\ASUS\OneDrive\바탕 화면\API_Project-DirextX\Solution_Kirby\Debug\KirbyGame.exe
