  AnimationManager.cpp
C:\Users\user\Desktop\API_Project-DirectX\API_Project-DirextX\Solution_Kirby\EngineFramework\AnimationManager.h(14,2): warning C4091: 'static ': 변수를 선언하지 않으면 'AnimationManager' 왼쪽은 무시됩니다.
  (소스 파일 'AnimationManager.cpp'을(를) 컴파일하는 중)
  
  AnimationRender.cpp
C:\Users\user\Desktop\API_Project-DirectX\API_Project-DirextX\Solution_Kirby\EngineFramework\AnimationManager.h(14,2): warning C4091: 'static ': 변수를 선언하지 않으면 'AnimationManager' 왼쪽은 무시됩니다.
  (소스 파일 'AnimationRender.cpp'을(를) 컴파일하는 중)
  
C:\Users\user\Desktop\API_Project-DirectX\API_Project-DirextX\Solution_Kirby\EngineFramework\AnimationRender.cpp(55,54): warning C4244: '+=': 'double'에서 'float'(으)로 변환하면서 데이터가 손실될 수 있습니다.
  BitmapRender.cpp
C:\Users\user\Desktop\API_Project-DirectX\API_Project-DirextX\Solution_Kirby\EngineFramework\AnimationManager.h(14,2): warning C4091: 'static ': 변수를 선언하지 않으면 'AnimationManager' 왼쪽은 무시됩니다.
  (소스 파일 'BitmapRender.cpp'을(를) 컴파일하는 중)
  
C:\Users\user\Desktop\API_Project-DirectX\API_Project-DirextX\Solution_Kirby\EngineFramework\BitmapRender.cpp(128,20): warning C4244: '인수': 'FLOAT'에서 'int'(으)로 변환하면서 데이터가 손실될 수 있습니다.
C:\Users\user\Desktop\API_Project-DirectX\API_Project-DirextX\Solution_Kirby\EngineFramework\BitmapRender.cpp(127,20): warning C4244: '인수': 'FLOAT'에서 'int'(으)로 변환하면서 데이터가 손실될 수 있습니다.
C:\Users\user\Desktop\API_Project-DirectX\API_Project-DirextX\Solution_Kirby\EngineFramework\BitmapRender.cpp(126,24): warning C4244: '인수': 'const float'에서 'int'(으)로 변환하면서 데이터가 손실될 수 있습니다.
C:\Users\user\Desktop\API_Project-DirectX\API_Project-DirextX\Solution_Kirby\EngineFramework\BitmapRender.cpp(125,24): warning C4244: '인수': 'const float'에서 'int'(으)로 변환하면서 데이터가 손실될 수 있습니다.
C:\Users\user\Desktop\API_Project-DirectX\API_Project-DirextX\Solution_Kirby\EngineFramework\BitmapRender.cpp(124,24): warning C4244: '인수': 'const float'에서 'int'(으)로 변환하면서 데이터가 손실될 수 있습니다.
  BoxCollider.cpp
C:\Users\user\Desktop\API_Project-DirectX\API_Project-DirextX\Solution_Kirby\EngineFramework\AnimationManager.h(14,2): warning C4091: 'static ': 변수를 선언하지 않으면 'AnimationManager' 왼쪽은 무시됩니다.
  (소스 파일 'BoxCollider.cpp'을(를) 컴파일하는 중)
  
  Buffer.cpp
C:\Users\user\Desktop\API_Project-DirectX\API_Project-DirextX\Solution_Kirby\EngineFramework\AnimationManager.h(14,2): warning C4091: 'static ': 변수를 선언하지 않으면 'AnimationManager' 왼쪽은 무시됩니다.
  (소스 파일 'Buffer.cpp'을(를) 컴파일하는 중)
  
  Camera.cpp
C:\Users\user\Desktop\API_Project-DirectX\API_Project-DirextX\Solution_Kirby\EngineFramework\AnimationManager.h(14,2): warning C4091: 'static ': 변수를 선언하지 않으면 'AnimationManager' 왼쪽은 무시됩니다.
  (소스 파일 'Camera.cpp'을(를) 컴파일하는 중)
  
  Collider.cpp
C:\Users\user\Desktop\API_Project-DirectX\API_Project-DirextX\Solution_Kirby\EngineFramework\AnimationManager.h(14,2): warning C4091: 'static ': 변수를 선언하지 않으면 'AnimationManager' 왼쪽은 무시됩니다.
  (소스 파일 'Collider.cpp'을(를) 컴파일하는 중)
  
C:\Users\user\Desktop\API_Project-DirectX\API_Project-DirextX\Solution_Kirby\EngineFramework\Collider.cpp(25,2): error C2653: 'CollisionManager': 클래스 또는 네임스페이스 이름이 아닙니다.
C:\Users\user\Desktop\API_Project-DirectX\API_Project-DirextX\Solution_Kirby\EngineFramework\Collider.cpp(25,20): error C3861: 'GetInstance': 식별자를 찾을 수 없습니다.
C:\Users\user\Desktop\API_Project-DirectX\API_Project-DirextX\Solution_Kirby\EngineFramework\Collider.cpp(34,2): error C2653: 'CollisionManager': 클래스 또는 네임스페이스 이름이 아닙니다.
C:\Users\user\Desktop\API_Project-DirectX\API_Project-DirextX\Solution_Kirby\EngineFramework\Collider.cpp(34,20): error C3861: 'GetInstance': 식별자를 찾을 수 없습니다.
  CollisionManager.cpp
  Component.cpp
C:\Users\user\Desktop\API_Project-DirectX\API_Project-DirextX\Solution_Kirby\EngineFramework\AnimationManager.h(14,2): warning C4091: 'static ': 변수를 선언하지 않으면 'AnimationManager' 왼쪽은 무시됩니다.
  (소스 파일 'Component.cpp'을(를) 컴파일하는 중)
  
  DebugWindow.cpp
C:\Users\user\Desktop\API_Project-DirectX\API_Project-DirextX\Solution_Kirby\EngineFramework\AnimationManager.h(14,2): warning C4091: 'static ': 변수를 선언하지 않으면 'AnimationManager' 왼쪽은 무시됩니다.
  (소스 파일 'DebugWindow.cpp'을(를) 컴파일하는 중)
  
  GameObject.cpp
C:\Users\user\Desktop\API_Project-DirectX\API_Project-DirextX\Solution_Kirby\EngineFramework\AnimationManager.h(14,2): warning C4091: 'static ': 변수를 선언하지 않으면 'AnimationManager' 왼쪽은 무시됩니다.
  (소스 파일 'GameObject.cpp'을(를) 컴파일하는 중)
  
C:\Users\user\Desktop\API_Project-DirectX\API_Project-DirextX\Solution_Kirby\EngineFramework\GameObject.cpp(135,22): warning C4838: 'float'에서 'LONG'(으)로의 변환에는 축소 변환이 필요합니다.
C:\Users\user\Desktop\API_Project-DirectX\API_Project-DirextX\Solution_Kirby\EngineFramework\GameObject.cpp(135,22): warning C4244: '초기화 중': 'float'에서 'LONG'(으)로 변환하면서 데이터가 손실될 수 있습니다.
C:\Users\user\Desktop\API_Project-DirectX\API_Project-DirextX\Solution_Kirby\EngineFramework\GameObject.cpp(136,22): warning C4838: 'float'에서 'LONG'(으)로의 변환에는 축소 변환이 필요합니다.
C:\Users\user\Desktop\API_Project-DirectX\API_Project-DirextX\Solution_Kirby\EngineFramework\GameObject.cpp(136,22): warning C4244: '초기화 중': 'float'에서 'LONG'(으)로 변환하면서 데이터가 손실될 수 있습니다.
C:\Users\user\Desktop\API_Project-DirectX\API_Project-DirextX\Solution_Kirby\EngineFramework\GameObject.cpp(137,58): warning C4838: 'float'에서 'LONG'(으)로의 변환에는 축소 변환이 필요합니다.
C:\Users\user\Desktop\API_Project-DirectX\API_Project-DirextX\Solution_Kirby\EngineFramework\GameObject.cpp(137,58): warning C4244: '초기화 중': 'float'에서 'LONG'(으)로 변환하면서 데이터가 손실될 수 있습니다.
C:\Users\user\Desktop\API_Project-DirectX\API_Project-DirextX\Solution_Kirby\EngineFramework\GameObject.cpp(138,52): warning C4838: 'float'에서 'LONG'(으)로의 변환에는 축소 변환이 필요합니다.
C:\Users\user\Desktop\API_Project-DirectX\API_Project-DirextX\Solution_Kirby\EngineFramework\GameObject.cpp(138,52): warning C4244: '초기화 중': 'float'에서 'LONG'(으)로 변환하면서 데이터가 손실될 수 있습니다.
C:\Users\user\Desktop\API_Project-DirectX\API_Project-DirextX\Solution_Kirby\EngineFramework\GameObject.cpp(140,44): warning C4838: 'FLOAT'에서 'LONG'(으)로의 변환에는 축소 변환이 필요합니다.
C:\Users\user\Desktop\API_Project-DirectX\API_Project-DirextX\Solution_Kirby\EngineFramework\GameObject.cpp(140,44): warning C4244: '초기화 중': 'FLOAT'에서 'LONG'(으)로 변환하면서 데이터가 손실될 수 있습니다.
C:\Users\user\Desktop\API_Project-DirectX\API_Project-DirextX\Solution_Kirby\EngineFramework\GameObject.cpp(141,44): warning C4838: 'FLOAT'에서 'LONG'(으)로의 변환에는 축소 변환이 필요합니다.
C:\Users\user\Desktop\API_Project-DirectX\API_Project-DirextX\Solution_Kirby\EngineFramework\GameObject.cpp(141,44): warning C4244: '초기화 중': 'FLOAT'에서 'LONG'(으)로 변환하면서 데이터가 손실될 수 있습니다.
C:\Users\user\Desktop\API_Project-DirectX\API_Project-DirextX\Solution_Kirby\EngineFramework\GameObject.cpp(188,23): warning C4838: 'float'에서 'LONG'(으)로의 변환에는 축소 변환이 필요합니다.
C:\Users\user\Desktop\API_Project-DirectX\API_Project-DirextX\Solution_Kirby\EngineFramework\GameObject.cpp(188,23): warning C4244: '초기화 중': 'float'에서 'LONG'(으)로 변환하면서 데이터가 손실될 수 있습니다.
C:\Users\user\Desktop\API_Project-DirectX\API_Project-DirextX\Solution_Kirby\EngineFramework\GameObject.cpp(189,23): warning C4838: 'float'에서 'LONG'(으)로의 변환에는 축소 변환이 필요합니다.
C:\Users\user\Desktop\API_Project-DirectX\API_Project-DirextX\Solution_Kirby\EngineFramework\GameObject.cpp(189,23): warning C4244: '초기화 중': 'float'에서 'LONG'(으)로 변환하면서 데이터가 손실될 수 있습니다.
C:\Users\user\Desktop\API_Project-DirectX\API_Project-DirextX\Solution_Kirby\EngineFramework\GameObject.cpp(190,59): warning C4838: 'float'에서 'LONG'(으)로의 변환에는 축소 변환이 필요합니다.
C:\Users\user\Desktop\API_Project-DirectX\API_Project-DirextX\Solution_Kirby\EngineFramework\GameObject.cpp(190,59): warning C4244: '초기화 중': 'float'에서 'LONG'(으)로 변환하면서 데이터가 손실될 수 있습니다.
C:\Users\user\Desktop\API_Project-DirectX\API_Project-DirextX\Solution_Kirby\EngineFramework\GameObject.cpp(191,59): warning C4838: 'float'에서 'LONG'(으)로의 변환에는 축소 변환이 필요합니다.
C:\Users\user\Desktop\API_Project-DirectX\API_Project-DirextX\Solution_Kirby\EngineFramework\GameObject.cpp(191,59): warning C4244: '초기화 중': 'float'에서 'LONG'(으)로 변환하면서 데이터가 손실될 수 있습니다.
C:\Users\user\Desktop\API_Project-DirectX\API_Project-DirextX\Solution_Kirby\EngineFramework\GameObject.cpp(193,44): warning C4838: 'FLOAT'에서 'LONG'(으)로의 변환에는 축소 변환이 필요합니다.
C:\Users\user\Desktop\API_Project-DirectX\API_Project-DirextX\Solution_Kirby\EngineFramework\GameObject.cpp(193,44): warning C4244: '초기화 중': 'FLOAT'에서 'LONG'(으)로 변환하면서 데이터가 손실될 수 있습니다.
C:\Users\user\Desktop\API_Project-DirectX\API_Project-DirextX\Solution_Kirby\EngineFramework\GameObject.cpp(194,44): warning C4838: 'FLOAT'에서 'LONG'(으)로의 변환에는 축소 변환이 필요합니다.
C:\Users\user\Desktop\API_Project-DirectX\API_Project-DirextX\Solution_Kirby\EngineFramework\GameObject.cpp(194,44): warning C4244: '초기화 중': 'FLOAT'에서 'LONG'(으)로 변환하면서 데이터가 손실될 수 있습니다.
C:\Users\user\Desktop\API_Project-DirectX\API_Project-DirextX\Solution_Kirby\EngineFramework\GameObject.cpp(209,22): warning C4838: 'float'에서 'LONG'(으)로의 변환에는 축소 변환이 필요합니다.
C:\Users\user\Desktop\API_Project-DirectX\API_Project-DirextX\Solution_Kirby\EngineFramework\GameObject.cpp(209,22): warning C4244: '초기화 중': 'float'에서 'LONG'(으)로 변환하면서 데이터가 손실될 수 있습니다.
C:\Users\user\Desktop\API_Project-DirectX\API_Project-DirextX\Solution_Kirby\EngineFramework\GameObject.cpp(210,22): warning C4838: 'float'에서 'LONG'(으)로의 변환에는 축소 변환이 필요합니다.
C:\Users\user\Desktop\API_Project-DirectX\API_Project-DirextX\Solution_Kirby\EngineFramework\GameObject.cpp(210,22): warning C4244: '초기화 중': 'float'에서 'LONG'(으)로 변환하면서 데이터가 손실될 수 있습니다.
C:\Users\user\Desktop\API_Project-DirectX\API_Project-DirextX\Solution_Kirby\EngineFramework\GameObject.cpp(211,58): warning C4838: 'float'에서 'LONG'(으)로의 변환에는 축소 변환이 필요합니다.
C:\Users\user\Desktop\API_Project-DirectX\API_Project-DirextX\Solution_Kirby\EngineFramework\GameObject.cpp(211,58): warning C4244: '초기화 중': 'float'에서 'LONG'(으)로 변환하면서 데이터가 손실될 수 있습니다.
C:\Users\user\Desktop\API_Project-DirectX\API_Project-DirextX\Solution_Kirby\EngineFramework\GameObject.cpp(212,58): warning C4838: 'float'에서 'LONG'(으)로의 변환에는 축소 변환이 필요합니다.
C:\Users\user\Desktop\API_Project-DirectX\API_Project-DirextX\Solution_Kirby\EngineFramework\GameObject.cpp(212,58): warning C4244: '초기화 중': 'float'에서 'LONG'(으)로 변환하면서 데이터가 손실될 수 있습니다.
C:\Users\user\Desktop\API_Project-DirectX\API_Project-DirextX\Solution_Kirby\EngineFramework\GameObject.cpp(214,44): warning C4838: 'FLOAT'에서 'LONG'(으)로의 변환에는 축소 변환이 필요합니다.
C:\Users\user\Desktop\API_Project-DirectX\API_Project-DirextX\Solution_Kirby\EngineFramework\GameObject.cpp(214,44): warning C4244: '초기화 중': 'FLOAT'에서 'LONG'(으)로 변환하면서 데이터가 손실될 수 있습니다.
C:\Users\user\Desktop\API_Project-DirectX\API_Project-DirextX\Solution_Kirby\EngineFramework\GameObject.cpp(215,44): warning C4838: 'FLOAT'에서 'LONG'(으)로의 변환에는 축소 변환이 필요합니다.
C:\Users\user\Desktop\API_Project-DirectX\API_Project-DirextX\Solution_Kirby\EngineFramework\GameObject.cpp(215,44): warning C4244: '초기화 중': 'FLOAT'에서 'LONG'(으)로 변환하면서 데이터가 손실될 수 있습니다.
C:\Users\user\Desktop\API_Project-DirectX\API_Project-DirextX\Solution_Kirby\EngineFramework\GameObject.cpp(230,22): warning C4838: 'float'에서 'LONG'(으)로의 변환에는 축소 변환이 필요합니다.
C:\Users\user\Desktop\API_Project-DirectX\API_Project-DirextX\Solution_Kirby\EngineFramework\GameObject.cpp(230,22): warning C4244: '초기화 중': 'float'에서 'LONG'(으)로 변환하면서 데이터가 손실될 수 있습니다.
C:\Users\user\Desktop\API_Project-DirectX\API_Project-DirextX\Solution_Kirby\EngineFramework\GameObject.cpp(231,22): warning C4838: 'float'에서 'LONG'(으)로의 변환에는 축소 변환이 필요합니다.
C:\Users\user\Desktop\API_Project-DirectX\API_Project-DirextX\Solution_Kirby\EngineFramework\GameObject.cpp(231,22): warning C4244: '초기화 중': 'float'에서 'LONG'(으)로 변환하면서 데이터가 손실될 수 있습니다.
C:\Users\user\Desktop\API_Project-DirectX\API_Project-DirextX\Solution_Kirby\EngineFramework\GameObject.cpp(232,58): warning C4838: 'float'에서 'LONG'(으)로의 변환에는 축소 변환이 필요합니다.
C:\Users\user\Desktop\API_Project-DirectX\API_Project-DirextX\Solution_Kirby\EngineFramework\GameObject.cpp(232,58): warning C4244: '초기화 중': 'float'에서 'LONG'(으)로 변환하면서 데이터가 손실될 수 있습니다.
C:\Users\user\Desktop\API_Project-DirectX\API_Project-DirextX\Solution_Kirby\EngineFramework\GameObject.cpp(233,58): warning C4838: 'float'에서 'LONG'(으)로의 변환에는 축소 변환이 필요합니다.
C:\Users\user\Desktop\API_Project-DirectX\API_Project-DirextX\Solution_Kirby\EngineFramework\GameObject.cpp(233,58): warning C4244: '초기화 중': 'float'에서 'LONG'(으)로 변환하면서 데이터가 손실될 수 있습니다.
C:\Users\user\Desktop\API_Project-DirectX\API_Project-DirextX\Solution_Kirby\EngineFramework\GameObject.cpp(235,44): warning C4838: 'FLOAT'에서 'LONG'(으)로의 변환에는 축소 변환이 필요합니다.
C:\Users\user\Desktop\API_Project-DirectX\API_Project-DirextX\Solution_Kirby\EngineFramework\GameObject.cpp(235,44): warning C4244: '초기화 중': 'FLOAT'에서 'LONG'(으)로 변환하면서 데이터가 손실될 수 있습니다.
C:\Users\user\Desktop\API_Project-DirectX\API_Project-DirextX\Solution_Kirby\EngineFramework\GameObject.cpp(236,44): warning C4838: 'FLOAT'에서 'LONG'(으)로의 변환에는 축소 변환이 필요합니다.
C:\Users\user\Desktop\API_Project-DirectX\API_Project-DirextX\Solution_Kirby\EngineFramework\GameObject.cpp(236,44): warning C4244: '초기화 중': 'FLOAT'에서 'LONG'(으)로 변환하면서 데이터가 손실될 수 있습니다.
C:\Users\user\Desktop\API_Project-DirectX\API_Project-DirextX\Solution_Kirby\EngineFramework\GameObject.cpp(251,23): warning C4838: 'float'에서 'LONG'(으)로의 변환에는 축소 변환이 필요합니다.
C:\Users\user\Desktop\API_Project-DirectX\API_Project-DirextX\Solution_Kirby\EngineFramework\GameObject.cpp(251,23): warning C4244: '초기화 중': 'float'에서 'LONG'(으)로 변환하면서 데이터가 손실될 수 있습니다.
C:\Users\user\Desktop\API_Project-DirectX\API_Project-DirextX\Solution_Kirby\EngineFramework\GameObject.cpp(252,23): warning C4838: 'float'에서 'LONG'(으)로의 변환에는 축소 변환이 필요합니다.
C:\Users\user\Desktop\API_Project-DirectX\API_Project-DirextX\Solution_Kirby\EngineFramework\GameObject.cpp(252,23): warning C4244: '초기화 중': 'float'에서 'LONG'(으)로 변환하면서 데이터가 손실될 수 있습니다.
C:\Users\user\Desktop\API_Project-DirectX\API_Project-DirextX\Solution_Kirby\EngineFramework\GameObject.cpp(253,59): warning C4838: 'float'에서 'LONG'(으)로의 변환에는 축소 변환이 필요합니다.
C:\Users\user\Desktop\API_Project-DirectX\API_Project-DirextX\Solution_Kirby\EngineFramework\GameObject.cpp(253,59): warning C4244: '초기화 중': 'float'에서 'LONG'(으)로 변환하면서 데이터가 손실될 수 있습니다.
C:\Users\user\Desktop\API_Project-DirectX\API_Project-DirextX\Solution_Kirby\EngineFramework\GameObject.cpp(254,59): warning C4838: 'float'에서 'LONG'(으)로의 변환에는 축소 변환이 필요합니다.
C:\Users\user\Desktop\API_Project-DirectX\API_Project-DirextX\Solution_Kirby\EngineFramework\GameObject.cpp(254,59): warning C4244: '초기화 중': 'float'에서 'LONG'(으)로 변환하면서 데이터가 손실될 수 있습니다.
C:\Users\user\Desktop\API_Project-DirectX\API_Project-DirextX\Solution_Kirby\EngineFramework\GameObject.cpp(256,44): warning C4838: 'FLOAT'에서 'LONG'(으)로의 변환에는 축소 변환이 필요합니다.
C:\Users\user\Desktop\API_Project-DirectX\API_Project-DirextX\Solution_Kirby\EngineFramework\GameObject.cpp(256,44): warning C4244: '초기화 중': 'FLOAT'에서 'LONG'(으)로 변환하면서 데이터가 손실될 수 있습니다.
C:\Users\user\Desktop\API_Project-DirectX\API_Project-DirextX\Solution_Kirby\EngineFramework\GameObject.cpp(257,44): warning C4838: 'FLOAT'에서 'LONG'(으)로의 변환에는 축소 변환이 필요합니다.
C:\Users\user\Desktop\API_Project-DirectX\API_Project-DirextX\Solution_Kirby\EngineFramework\GameObject.cpp(257,44): warning C4244: '초기화 중': 'FLOAT'에서 'LONG'(으)로 변환하면서 데이터가 손실될 수 있습니다.
  InputString.cpp
C:\Users\user\Desktop\API_Project-DirectX\API_Project-DirextX\Solution_Kirby\EngineFramework\AnimationManager.h(14,2): warning C4091: 'static ': 변수를 선언하지 않으면 'AnimationManager' 왼쪽은 무시됩니다.
  (소스 파일 'InputString.cpp'을(를) 컴파일하는 중)
  
C:\Program Files\Microsoft Visual Studio\2022\Community\VC\Tools\MSVC\14.39.33519\include\xutility(4537,18): warning C4244: '=': 'wchar_t'에서 'char'(으)로 변환하면서 데이터가 손실될 수 있습니다.
  (소스 파일 'InputString.cpp'을(를) 컴파일하는 중)
  C:\Program Files\Microsoft Visual Studio\2022\Community\VC\Tools\MSVC\14.39.33519\include\xutility(4537,18):
  템플릿 인스턴스화 컨텍스트(가장 오래된 인스턴스화 컨텍스트)가
  	C:\Users\user\Desktop\API_Project-DirectX\API_Project-DirextX\Solution_Kirby\EngineFramework\InputString.cpp(46,18):
  	컴파일되는 함수 템플릿 인스턴스화 'std::basic_string<char,std::char_traits<char>,std::allocator<char>>::basic_string<std::_String_iterator<std::_String_val<std::_Simple_types<_Elem>>>,0>(_Iter,_Iter,const _Alloc &)'에 대한 참조를 확인하세요.
          with
          [
              _Elem=wchar_t,
              _Iter=std::_String_iterator<std::_String_val<std::_Simple_types<wchar_t>>>,
              _Alloc=std::allocator<char>
          ]
  		C:\Users\user\Desktop\API_Project-DirectX\API_Project-DirextX\Solution_Kirby\EngineFramework\InputString.cpp(46,18):
  		'InputString::GetString'에서 'std::basic_string<char,std::char_traits<char>,std::allocator<char>>::basic_string'에 대한 첫 번째 참조를 확인하세요.
  	C:\Program Files\Microsoft Visual Studio\2022\Community\VC\Tools\MSVC\14.39.33519\include\xstring(2600,17):
  	컴파일되는 함수 템플릿 인스턴스화 'void std::basic_string<char,std::char_traits<char>,std::allocator<char>>::_Construct_from_iter<wchar_t*,wchar_t*,_Size_type>(_Iter,const _Sent,_Size)'에 대한 참조를 확인하세요.
          with
          [
              _Size_type=unsigned __int64,
              _Iter=wchar_t *,
              _Sent=wchar_t *,
              _Size=unsigned __int64
          ]
  	C:\Program Files\Microsoft Visual Studio\2022\Community\VC\Tools\MSVC\14.39.33519\include\xstring(2756,18):
  	컴파일되는 함수 템플릿 인스턴스화 '_OutIt *std::_Copy_n_unchecked4<wchar_t*,_Size,char*>(_InIt,_SizeTy,_OutIt)'에 대한 참조를 확인하세요.
          with
          [
              _OutIt=char *,
              _Size=unsigned __int64,
              _InIt=wchar_t *,
              _SizeTy=unsigned __int64
          ]
  
  MainFrame.cpp
C:\Users\user\Desktop\API_Project-DirectX\API_Project-DirextX\Solution_Kirby\EngineFramework\AnimationManager.h(14,2): warning C4091: 'static ': 변수를 선언하지 않으면 'AnimationManager' 왼쪽은 무시됩니다.
  (소스 파일 'MainFrame.cpp'을(를) 컴파일하는 중)
  
C:\Users\user\Desktop\API_Project-DirectX\API_Project-DirextX\Solution_Kirby\EngineFramework\MainFrame.cpp(114,2): error C2653: 'CollisionManager': 클래스 또는 네임스페이스 이름이 아닙니다.
C:\Users\user\Desktop\API_Project-DirectX\API_Project-DirextX\Solution_Kirby\EngineFramework\MainFrame.cpp(114,20): error C2660: 'MainFrame::Create': 함수는 0개의 인수를 사용하지 않습니다.
  C:\Users\user\Desktop\API_Project-DirectX\API_Project-DirextX\Solution_Kirby\EngineFramework\MainFrame.cpp(7,17):
  'MainFrame::Create' 선언을 참조하십시오.
  C:\Users\user\Desktop\API_Project-DirectX\API_Project-DirextX\Solution_Kirby\EngineFramework\MainFrame.cpp(114,20):
  인수 목록 '()'을(를) 일치시키는 동안
  
C:\Users\user\Desktop\API_Project-DirectX\API_Project-DirextX\Solution_Kirby\EngineFramework\MainFrame.cpp(155,57): warning C4244: '인수': 'double'에서 'float'(으)로 변환하면서 데이터가 손실될 수 있습니다.
C:\Users\user\Desktop\API_Project-DirectX\API_Project-DirextX\Solution_Kirby\EngineFramework\MainFrame.cpp(165,21): error C2653: 'CollisionManager': 클래스 또는 네임스페이스 이름이 아닙니다.
C:\Users\user\Desktop\API_Project-DirectX\API_Project-DirextX\Solution_Kirby\EngineFramework\MainFrame.cpp(165,54): error C2039: 'Update': 'MainFrame'의 멤버가 아닙니다.
  C:\Users\user\Desktop\API_Project-DirectX\API_Project-DirextX\Solution_Kirby\EngineFramework\MainFrame.h(4,7):
  'MainFrame' 선언을 참조하십시오.
  
C:\Users\user\Desktop\API_Project-DirectX\API_Project-DirextX\Solution_Kirby\EngineFramework\MainFrame.cpp(202,2): error C2653: 'CollisionManager': 클래스 또는 네임스페이스 이름이 아닙니다.
  Mouse.cpp
C:\Users\user\Desktop\API_Project-DirectX\API_Project-DirextX\Solution_Kirby\EngineFramework\AnimationManager.h(14,2): warning C4091: 'static ': 변수를 선언하지 않으면 'AnimationManager' 왼쪽은 무시됩니다.
  (소스 파일 'Mouse.cpp'을(를) 컴파일하는 중)
  
C:\Users\user\Desktop\API_Project-DirectX\API_Project-DirextX\Solution_Kirby\EngineFramework\Mouse.cpp(37,17): warning C4244: '=': 'int'에서 'FLOAT'(으)로 변환하면서 데이터가 손실될 수 있습니다.
C:\Users\user\Desktop\API_Project-DirectX\API_Project-DirextX\Solution_Kirby\EngineFramework\Mouse.cpp(38,17): warning C4244: '=': 'int'에서 'FLOAT'(으)로 변환하면서 데이터가 손실될 수 있습니다.
  ObjectManager.cpp
C:\Users\user\Desktop\API_Project-DirectX\API_Project-DirextX\Solution_Kirby\EngineFramework\AnimationManager.h(14,2): warning C4091: 'static ': 변수를 선언하지 않으면 'AnimationManager' 왼쪽은 무시됩니다.
  (소스 파일 'ObjectManager.cpp'을(를) 컴파일하는 중)
  
C:\Users\user\Desktop\API_Project-DirectX\API_Project-DirextX\Solution_Kirby\EngineFramework\ObjectManager.cpp(159,24): warning C4267: 'return': 'size_t'에서 'int'(으)로 변환하면서 데이터가 손실될 수 있습니다.
  pch.cpp
C:\Users\user\Desktop\API_Project-DirectX\API_Project-DirextX\Solution_Kirby\EngineFramework\AnimationManager.h(14,2): warning C4091: 'static ': 변수를 선언하지 않으면 'AnimationManager' 왼쪽은 무시됩니다.
  (소스 파일 'pch.cpp'을(를) 컴파일하는 중)
  
  ColorButton.cpp
C:\Users\user\Desktop\API_Project-DirectX\API_Project-DirextX\Solution_Kirby\EngineFramework\AnimationManager.h(14,2): warning C4091: 'static ': 변수를 선언하지 않으면 'AnimationManager' 왼쪽은 무시됩니다.
  (소스 파일 'ColorButton.cpp'을(를) 컴파일하는 중)
  
C:\Users\user\Desktop\API_Project-DirectX\API_Project-DirextX\Solution_Kirby\EngineFramework\ColorButton.cpp(31,28): warning C4838: 'float'에서 'LONG'(으)로의 변환에는 축소 변환이 필요합니다.
C:\Users\user\Desktop\API_Project-DirectX\API_Project-DirextX\Solution_Kirby\EngineFramework\ColorButton.cpp(31,28): warning C4244: '초기화 중': 'float'에서 'LONG'(으)로 변환하면서 데이터가 손실될 수 있습니다.
C:\Users\user\Desktop\API_Project-DirectX\API_Project-DirextX\Solution_Kirby\EngineFramework\ColorButton.cpp(31,36): warning C4838: 'float'에서 'LONG'(으)로의 변환에는 축소 변환이 필요합니다.
C:\Users\user\Desktop\API_Project-DirectX\API_Project-DirextX\Solution_Kirby\EngineFramework\ColorButton.cpp(31,36): warning C4244: '초기화 중': 'float'에서 'LONG'(으)로 변환하면서 데이터가 손실될 수 있습니다.
C:\Users\user\Desktop\API_Project-DirectX\API_Project-DirextX\Solution_Kirby\EngineFramework\ColorButton.cpp(31,47): warning C4838: 'float'에서 'LONG'(으)로의 변환에는 축소 변환이 필요합니다.
C:\Users\user\Desktop\API_Project-DirectX\API_Project-DirextX\Solution_Kirby\EngineFramework\ColorButton.cpp(31,47): warning C4244: '초기화 중': 'float'에서 'LONG'(으)로 변환하면서 데이터가 손실될 수 있습니다.
C:\Users\user\Desktop\API_Project-DirectX\API_Project-DirextX\Solution_Kirby\EngineFramework\ColorButton.cpp(31,68): warning C4838: 'float'에서 'LONG'(으)로의 변환에는 축소 변환이 필요합니다.
C:\Users\user\Desktop\API_Project-DirectX\API_Project-DirextX\Solution_Kirby\EngineFramework\ColorButton.cpp(31,68): warning C4244: '초기화 중': 'float'에서 'LONG'(으)로 변환하면서 데이터가 손실될 수 있습니다.
C:\Users\user\Desktop\API_Project-DirectX\API_Project-DirextX\Solution_Kirby\EngineFramework\ColorButton.cpp(34,44): warning C4838: 'FLOAT'에서 'LONG'(으)로의 변환에는 축소 변환이 필요합니다.
C:\Users\user\Desktop\API_Project-DirectX\API_Project-DirextX\Solution_Kirby\EngineFramework\ColorButton.cpp(34,44): warning C4244: '초기화 중': 'FLOAT'에서 'LONG'(으)로 변환하면서 데이터가 손실될 수 있습니다.
C:\Users\user\Desktop\API_Project-DirectX\API_Project-DirextX\Solution_Kirby\EngineFramework\ColorButton.cpp(35,45): warning C4838: 'FLOAT'에서 'LONG'(으)로의 변환에는 축소 변환이 필요합니다.
C:\Users\user\Desktop\API_Project-DirectX\API_Project-DirextX\Solution_Kirby\EngineFramework\ColorButton.cpp(35,45): warning C4244: '초기화 중': 'FLOAT'에서 'LONG'(으)로 변환하면서 데이터가 손실될 수 있습니다.
C:\Users\user\Desktop\API_Project-DirectX\API_Project-DirextX\Solution_Kirby\EngineFramework\ColorButton.cpp(90,24): warning C4838: 'float'에서 'LONG'(으)로의 변환에는 축소 변환이 필요합니다.
C:\Users\user\Desktop\API_Project-DirectX\API_Project-DirextX\Solution_Kirby\EngineFramework\ColorButton.cpp(90,24): warning C4244: '초기화 중': 'float'에서 'LONG'(으)로 변환하면서 데이터가 손실될 수 있습니다.
C:\Users\user\Desktop\API_Project-DirectX\API_Project-DirextX\Solution_Kirby\EngineFramework\ColorButton.cpp(90,32): warning C4838: 'float'에서 'LONG'(으)로의 변환에는 축소 변환이 필요합니다.
C:\Users\user\Desktop\API_Project-DirectX\API_Project-DirextX\Solution_Kirby\EngineFramework\ColorButton.cpp(90,32): warning C4244: '초기화 중': 'float'에서 'LONG'(으)로 변환하면서 데이터가 손실될 수 있습니다.
C:\Users\user\Desktop\API_Project-DirectX\API_Project-DirextX\Solution_Kirby\EngineFramework\ColorButton.cpp(90,43): warning C4838: 'float'에서 'LONG'(으)로의 변환에는 축소 변환이 필요합니다.
C:\Users\user\Desktop\API_Project-DirectX\API_Project-DirextX\Solution_Kirby\EngineFramework\ColorButton.cpp(90,43): warning C4244: '초기화 중': 'float'에서 'LONG'(으)로 변환하면서 데이터가 손실될 수 있습니다.
C:\Users\user\Desktop\API_Project-DirectX\API_Project-DirextX\Solution_Kirby\EngineFramework\ColorButton.cpp(90,57): warning C4838: 'float'에서 'LONG'(으)로의 변환에는 축소 변환이 필요합니다.
C:\Users\user\Desktop\API_Project-DirectX\API_Project-DirextX\Solution_Kirby\EngineFramework\ColorButton.cpp(90,57): warning C4244: '초기화 중': 'float'에서 'LONG'(으)로 변환하면서 데이터가 손실될 수 있습니다.
  Rigidbody.cpp
C:\Users\user\Desktop\API_Project-DirectX\API_Project-DirextX\Solution_Kirby\EngineFramework\AnimationManager.h(14,2): warning C4091: 'static ': 변수를 선언하지 않으면 'AnimationManager' 왼쪽은 무시됩니다.
  (소스 파일 'Rigidbody.cpp'을(를) 컴파일하는 중)
  
C:\Users\user\Desktop\API_Project-DirectX\API_Project-DirextX\Solution_Kirby\EngineFramework\Rigidbody.h(9,13): error C2143: 구문 오류: ';'이(가) '*' 앞에 없습니다.
  (소스 파일 'Rigidbody.cpp'을(를) 컴파일하는 중)
  
C:\Users\user\Desktop\API_Project-DirectX\API_Project-DirextX\Solution_Kirby\EngineFramework\Rigidbody.h(9,13): error C4430: 형식 지정자가 없습니다. int로 가정합니다. 참고: C++에서는 기본 int를 지원하지 않습니다.
  (소스 파일 'Rigidbody.cpp'을(를) 컴파일하는 중)
  
C:\Users\user\Desktop\API_Project-DirectX\API_Project-DirextX\Solution_Kirby\EngineFramework\Rigidbody.h(9,30): error C2238: ';' 앞에 예기치 않은 토큰이 있습니다.
  (소스 파일 'Rigidbody.cpp'을(를) 컴파일하는 중)
  
C:\Users\user\Desktop\API_Project-DirectX\API_Project-DirextX\Solution_Kirby\EngineFramework\Rigidbody.cpp(97,2): error C2065: 'm_box': 선언되지 않은 식별자입니다.
C:\Users\user\Desktop\API_Project-DirectX\API_Project-DirextX\Solution_Kirby\EngineFramework\Rigidbody.cpp(134,38): error C2065: 'm_box': 선언되지 않은 식별자입니다.
C:\Users\user\Desktop\API_Project-DirectX\API_Project-DirextX\Solution_Kirby\EngineFramework\Rigidbody.cpp(134,71): error C2065: 'm_box': 선언되지 않은 식별자입니다.
C:\Users\user\Desktop\API_Project-DirectX\API_Project-DirextX\Solution_Kirby\EngineFramework\Rigidbody.cpp(137,5): error C2065: 'm_box': 선언되지 않은 식별자입니다.
C:\Users\user\Desktop\API_Project-DirectX\API_Project-DirextX\Solution_Kirby\EngineFramework\Rigidbody.cpp(138,31): error C2065: 'm_box': 선언되지 않은 식별자입니다.
C:\Users\user\Desktop\API_Project-DirectX\API_Project-DirextX\Solution_Kirby\EngineFramework\Rigidbody.cpp(138,52): error C2065: 'm_box': 선언되지 않은 식별자입니다.
C:\Users\user\Desktop\API_Project-DirectX\API_Project-DirextX\Solution_Kirby\EngineFramework\Rigidbody.cpp(147,6): error C2065: 'm_box': 선언되지 않은 식별자입니다.
C:\Users\user\Desktop\API_Project-DirectX\API_Project-DirextX\Solution_Kirby\EngineFramework\Rigidbody.cpp(152,15): error C2065: 'm_box': 선언되지 않은 식별자입니다.
C:\Users\user\Desktop\API_Project-DirectX\API_Project-DirextX\Solution_Kirby\EngineFramework\Rigidbody.cpp(153,10): error C2065: 'm_box': 선언되지 않은 식별자입니다.
C:\Users\user\Desktop\API_Project-DirectX\API_Project-DirextX\Solution_Kirby\EngineFramework\Rigidbody.cpp(154,10): error C2065: 'm_box': 선언되지 않은 식별자입니다.
C:\Users\user\Desktop\API_Project-DirectX\API_Project-DirextX\Solution_Kirby\EngineFramework\Rigidbody.cpp(154,66): error C2065: 'm_box': 선언되지 않은 식별자입니다.
C:\Users\user\Desktop\API_Project-DirectX\API_Project-DirextX\Solution_Kirby\EngineFramework\Rigidbody.cpp(155,10): error C2065: 'm_box': 선언되지 않은 식별자입니다.
C:\Users\user\Desktop\API_Project-DirectX\API_Project-DirextX\Solution_Kirby\EngineFramework\Rigidbody.cpp(155,66): error C2065: 'm_box': 선언되지 않은 식별자입니다.
C:\Users\user\Desktop\API_Project-DirectX\API_Project-DirextX\Solution_Kirby\EngineFramework\Rigidbody.cpp(162,58): error C2065: 'm_box': 선언되지 않은 식별자입니다.
C:\Users\user\Desktop\API_Project-DirectX\API_Project-DirextX\Solution_Kirby\EngineFramework\Rigidbody.cpp(162,98): error C2065: 'm_box': 선언되지 않은 식별자입니다.
  WindowFrame.cpp
C:\Users\user\Desktop\API_Project-DirectX\API_Project-DirextX\Solution_Kirby\EngineFramework\AnimationManager.h(14,2): warning C4091: 'static ': 변수를 선언하지 않으면 'AnimationManager' 왼쪽은 무시됩니다.
  (소스 파일 'WindowFrame.cpp'을(를) 컴파일하는 중)
  
  코드를 생성하고 있습니다...
