  Box2D.cpp
C:\API_Project-DirextX\Solution_Kirby\Box2D\Box2D.cpp(5,1): fatal  error C1010: 미리 컴파일된 헤더를 찾는 동안 예기치 않은 파일의 끝이 나타났습니다. '#include "pch.h"'을(를) 소스에 추가하시겠습니까?
  b2_broad_phase.cpp
C:\API_Project-DirextX\Solution_Kirby\Box2D\box2d\src\collision\b2_broad_phase.cpp(132,1): fatal  error C1010: 미리 컴파일된 헤더를 찾는 동안 예기치 않은 파일의 끝이 나타났습니다. '#include "pch.h"'을(를) 소스에 추가하시겠습니까?
  b2_chain_shape.cpp
C:\API_Project-DirextX\Solution_Kirby\Box2D\box2d\src\collision\b2_chain_shape.cpp(184,1): fatal  error C1010: 미리 컴파일된 헤더를 찾는 동안 예기치 않은 파일의 끝이 나타났습니다. '#include "pch.h"'을(를) 소스에 추가하시겠습니까?
  b2_circle_shape.cpp
C:\API_Project-DirextX\Solution_Kirby\Box2D\box2d\src\collision\b2_circle_shape.cpp(105,1): fatal  error C1010: 미리 컴파일된 헤더를 찾는 동안 예기치 않은 파일의 끝이 나타났습니다. '#include "pch.h"'을(를) 소스에 추가하시겠습니까?
  b2_collide_circle.cpp
C:\API_Project-DirextX\Solution_Kirby\Box2D\box2d\src\collision\b2_collide_circle.cpp(158,1): fatal  error C1010: 미리 컴파일된 헤더를 찾는 동안 예기치 않은 파일의 끝이 나타났습니다. '#include "pch.h"'을(를) 소스에 추가하시겠습니까?
  b2_collide_edge.cpp
C:\API_Project-DirextX\Solution_Kirby\Box2D\box2d\src\collision\b2_collide_edge.cpp(525,1): fatal  error C1010: 미리 컴파일된 헤더를 찾는 동안 예기치 않은 파일의 끝이 나타났습니다. '#include "pch.h"'을(를) 소스에 추가하시겠습니까?
  b2_collide_polygon.cpp
C:\API_Project-DirextX\Solution_Kirby\Box2D\box2d\src\collision\b2_collide_polygon.cpp(244,1): fatal  error C1010: 미리 컴파일된 헤더를 찾는 동안 예기치 않은 파일의 끝이 나타났습니다. '#include "pch.h"'을(를) 소스에 추가하시겠습니까?
  b2_collision.cpp
C:\API_Project-DirextX\Solution_Kirby\Box2D\box2d\src\collision\b2_collision.cpp(581,1): fatal  error C1010: 미리 컴파일된 헤더를 찾는 동안 예기치 않은 파일의 끝이 나타났습니다. '#include "pch.h"'을(를) 소스에 추가하시겠습니까?
  b2_distance.cpp
C:\API_Project-DirextX\Solution_Kirby\Box2D\box2d\src\collision\b2_distance.cpp(745,1): fatal  error C1010: 미리 컴파일된 헤더를 찾는 동안 예기치 않은 파일의 끝이 나타났습니다. '#include "pch.h"'을(를) 소스에 추가하시겠습니까?
  b2_dynamic_tree.cpp
C:\API_Project-DirextX\Solution_Kirby\Box2D\box2d\src\collision\b2_dynamic_tree.cpp(802,1): fatal  error C1010: 미리 컴파일된 헤더를 찾는 동안 예기치 않은 파일의 끝이 나타났습니다. '#include "pch.h"'을(를) 소스에 추가하시겠습니까?
  b2_edge_shape.cpp
C:\API_Project-DirextX\Solution_Kirby\Box2D\box2d\src\collision\b2_edge_shape.cpp(159,1): fatal  error C1010: 미리 컴파일된 헤더를 찾는 동안 예기치 않은 파일의 끝이 나타났습니다. '#include "pch.h"'을(를) 소스에 추가하시겠습니까?
  b2_polygon_shape.cpp
C:\API_Project-DirextX\Solution_Kirby\Box2D\box2d\src\collision\b2_polygon_shape.cpp(367,1): fatal  error C1010: 미리 컴파일된 헤더를 찾는 동안 예기치 않은 파일의 끝이 나타났습니다. '#include "pch.h"'을(를) 소스에 추가하시겠습니까?
  b2_time_of_impact.cpp
C:\API_Project-DirextX\Solution_Kirby\Box2D\box2d\src\collision\b2_time_of_impact.cpp(491,1): fatal  error C1010: 미리 컴파일된 헤더를 찾는 동안 예기치 않은 파일의 끝이 나타났습니다. '#include "pch.h"'을(를) 소스에 추가하시겠습니까?
  b2_block_allocator.cpp
C:\API_Project-DirextX\Solution_Kirby\Box2D\box2d\src\common\b2_block_allocator.cpp(231,1): fatal  error C1010: 미리 컴파일된 헤더를 찾는 동안 예기치 않은 파일의 끝이 나타났습니다. '#include "pch.h"'을(를) 소스에 추가하시겠습니까?
  b2_draw.cpp
C:\API_Project-DirextX\Solution_Kirby\Box2D\box2d\src\common\b2_draw.cpp(48,1): fatal  error C1010: 미리 컴파일된 헤더를 찾는 동안 예기치 않은 파일의 끝이 나타났습니다. '#include "pch.h"'을(를) 소스에 추가하시겠습니까?
  b2_math.cpp
C:\API_Project-DirextX\Solution_Kirby\Box2D\box2d\src\common\b2_math.cpp(99,1): fatal  error C1010: 미리 컴파일된 헤더를 찾는 동안 예기치 않은 파일의 끝이 나타났습니다. '#include "pch.h"'을(를) 소스에 추가하시겠습니까?
  b2_settings.cpp
C:\API_Project-DirextX\Solution_Kirby\Box2D\box2d\src\common\b2_settings.cpp(75,1): fatal  error C1010: 미리 컴파일된 헤더를 찾는 동안 예기치 않은 파일의 끝이 나타났습니다. '#include "pch.h"'을(를) 소스에 추가하시겠습니까?
  b2_stack_allocator.cpp
C:\API_Project-DirextX\Solution_Kirby\Box2D\box2d\src\common\b2_stack_allocator.cpp(88,1): fatal  error C1010: 미리 컴파일된 헤더를 찾는 동안 예기치 않은 파일의 끝이 나타났습니다. '#include "pch.h"'을(를) 소스에 추가하시겠습니까?
  b2_timer.cpp
C:\API_Project-DirextX\Solution_Kirby\Box2D\box2d\src\common\b2_timer.cpp(126,1): fatal  error C1010: 미리 컴파일된 헤더를 찾는 동안 예기치 않은 파일의 끝이 나타났습니다. '#include "pch.h"'을(를) 소스에 추가하시겠습니까?
  b2_body.cpp
C:\API_Project-DirextX\Solution_Kirby\Box2D\box2d\src\dynamics\b2_body.cpp(571,1): fatal  error C1010: 미리 컴파일된 헤더를 찾는 동안 예기치 않은 파일의 끝이 나타났습니다. '#include "pch.h"'을(를) 소스에 추가하시겠습니까?
  코드를 생성하고 있습니다...
  컴파일하고 있습니다...
  b2_chain_circle_contact.cpp
C:\API_Project-DirextX\Solution_Kirby\Box2D\box2d\src\dynamics\b2_chain_circle_contact.cpp(58,1): fatal  error C1010: 미리 컴파일된 헤더를 찾는 동안 예기치 않은 파일의 끝이 나타났습니다. '#include "pch.h"'을(를) 소스에 추가하시겠습니까?
  b2_chain_polygon_contact.cpp
C:\API_Project-DirextX\Solution_Kirby\Box2D\box2d\src\dynamics\b2_chain_polygon_contact.cpp(58,1): fatal  error C1010: 미리 컴파일된 헤더를 찾는 동안 예기치 않은 파일의 끝이 나타났습니다. '#include "pch.h"'을(를) 소스에 추가하시겠습니까?
  b2_circle_contact.cpp
C:\API_Project-DirextX\Solution_Kirby\Box2D\box2d\src\dynamics\b2_circle_contact.cpp(57,1): fatal  error C1010: 미리 컴파일된 헤더를 찾는 동안 예기치 않은 파일의 끝이 나타났습니다. '#include "pch.h"'을(를) 소스에 추가하시겠습니까?
  b2_contact.cpp
C:\API_Project-DirextX\Solution_Kirby\Box2D\box2d\src\dynamics\b2_contact.cpp(253,1): fatal  error C1010: 미리 컴파일된 헤더를 찾는 동안 예기치 않은 파일의 끝이 나타났습니다. '#include "pch.h"'을(를) 소스에 추가하시겠습니까?
  b2_contact_manager.cpp
C:\API_Project-DirextX\Solution_Kirby\Box2D\box2d\src\dynamics\b2_contact_manager.cpp(294,1): fatal  error C1010: 미리 컴파일된 헤더를 찾는 동안 예기치 않은 파일의 끝이 나타났습니다. '#include "pch.h"'을(를) 소스에 추가하시겠습니까?
  b2_contact_solver.cpp
C:\API_Project-DirextX\Solution_Kirby\Box2D\box2d\src\dynamics\b2_contact_solver.cpp(844,1): fatal  error C1010: 미리 컴파일된 헤더를 찾는 동안 예기치 않은 파일의 끝이 나타났습니다. '#include "pch.h"'을(를) 소스에 추가하시겠습니까?
  b2_distance_joint.cpp
C:\API_Project-DirextX\Solution_Kirby\Box2D\box2d\src\dynamics\b2_distance_joint.cpp(422,1): fatal  error C1010: 미리 컴파일된 헤더를 찾는 동안 예기치 않은 파일의 끝이 나타났습니다. '#include "pch.h"'을(를) 소스에 추가하시겠습니까?
  b2_edge_circle_contact.cpp
C:\API_Project-DirextX\Solution_Kirby\Box2D\box2d\src\dynamics\b2_edge_circle_contact.cpp(55,1): fatal  error C1010: 미리 컴파일된 헤더를 찾는 동안 예기치 않은 파일의 끝이 나타났습니다. '#include "pch.h"'을(를) 소스에 추가하시겠습니까?
  b2_edge_polygon_contact.cpp
C:\API_Project-DirextX\Solution_Kirby\Box2D\box2d\src\dynamics\b2_edge_polygon_contact.cpp(55,1): fatal  error C1010: 미리 컴파일된 헤더를 찾는 동안 예기치 않은 파일의 끝이 나타났습니다. '#include "pch.h"'을(를) 소스에 추가하시겠습니까?
  b2_fixture.cpp
C:\API_Project-DirextX\Solution_Kirby\Box2D\box2d\src\dynamics\b2_fixture.cpp(306,1): fatal  error C1010: 미리 컴파일된 헤더를 찾는 동안 예기치 않은 파일의 끝이 나타났습니다. '#include "pch.h"'을(를) 소스에 추가하시겠습니까?
  b2_friction_joint.cpp
C:\API_Project-DirextX\Solution_Kirby\Box2D\box2d\src\dynamics\b2_friction_joint.cpp(256,1): fatal  error C1010: 미리 컴파일된 헤더를 찾는 동안 예기치 않은 파일의 끝이 나타났습니다. '#include "pch.h"'을(를) 소스에 추가하시겠습니까?
  b2_gear_joint.cpp
C:\API_Project-DirextX\Solution_Kirby\Box2D\box2d\src\dynamics\b2_gear_joint.cpp(438,1): fatal  error C1010: 미리 컴파일된 헤더를 찾는 동안 예기치 않은 파일의 끝이 나타났습니다. '#include "pch.h"'을(를) 소스에 추가하시겠습니까?
  b2_island.cpp
C:\API_Project-DirextX\Solution_Kirby\Box2D\box2d\src\dynamics\b2_island.cpp(545,1): fatal  error C1010: 미리 컴파일된 헤더를 찾는 동안 예기치 않은 파일의 끝이 나타났습니다. '#include "pch.h"'을(를) 소스에 추가하시겠습니까?
  b2_joint.cpp
C:\API_Project-DirextX\Solution_Kirby\Box2D\box2d\src\dynamics\b2_joint.cpp(302,1): fatal  error C1010: 미리 컴파일된 헤더를 찾는 동안 예기치 않은 파일의 끝이 나타났습니다. '#include "pch.h"'을(를) 소스에 추가하시겠습니까?
  b2_motor_joint.cpp
C:\API_Project-DirextX\Solution_Kirby\Box2D\box2d\src\dynamics\b2_motor_joint.cpp(312,1): fatal  error C1010: 미리 컴파일된 헤더를 찾는 동안 예기치 않은 파일의 끝이 나타났습니다. '#include "pch.h"'을(를) 소스에 추가하시겠습니까?
  b2_mouse_joint.cpp
C:\API_Project-DirextX\Solution_Kirby\Box2D\box2d\src\dynamics\b2_mouse_joint.cpp(191,1): fatal  error C1010: 미리 컴파일된 헤더를 찾는 동안 예기치 않은 파일의 끝이 나타났습니다. '#include "pch.h"'을(를) 소스에 추가하시겠습니까?
  b2_polygon_circle_contact.cpp
C:\API_Project-DirextX\Solution_Kirby\Box2D\box2d\src\dynamics\b2_polygon_circle_contact.cpp(55,1): fatal  error C1010: 미리 컴파일된 헤더를 찾는 동안 예기치 않은 파일의 끝이 나타났습니다. '#include "pch.h"'을(를) 소스에 추가하시겠습니까?
  b2_polygon_contact.cpp
C:\API_Project-DirextX\Solution_Kirby\Box2D\box2d\src\dynamics\b2_polygon_contact.cpp(58,1): fatal  error C1010: 미리 컴파일된 헤더를 찾는 동안 예기치 않은 파일의 끝이 나타났습니다. '#include "pch.h"'을(를) 소스에 추가하시겠습니까?
  b2_prismatic_joint.cpp
C:\API_Project-DirextX\Solution_Kirby\Box2D\box2d\src\dynamics\b2_prismatic_joint.cpp(644,1): fatal  error C1010: 미리 컴파일된 헤더를 찾는 동안 예기치 않은 파일의 끝이 나타났습니다. '#include "pch.h"'을(를) 소스에 추가하시겠습니까?
  b2_pulley_joint.cpp
C:\API_Project-DirextX\Solution_Kirby\Box2D\box2d\src\dynamics\b2_pulley_joint.cpp(353,1): fatal  error C1010: 미리 컴파일된 헤더를 찾는 동안 예기치 않은 파일의 끝이 나타났습니다. '#include "pch.h"'을(를) 소스에 추가하시겠습니까?
  코드를 생성하고 있습니다...
  컴파일하고 있습니다...
  b2_revolute_joint.cpp
C:\API_Project-DirextX\Solution_Kirby\Box2D\box2d\src\dynamics\b2_revolute_joint.cpp(502,1): fatal  error C1010: 미리 컴파일된 헤더를 찾는 동안 예기치 않은 파일의 끝이 나타났습니다. '#include "pch.h"'을(를) 소스에 추가하시겠습니까?
  b2_weld_joint.cpp
C:\API_Project-DirextX\Solution_Kirby\Box2D\box2d\src\dynamics\b2_weld_joint.cpp(345,1): fatal  error C1010: 미리 컴파일된 헤더를 찾는 동안 예기치 않은 파일의 끝이 나타났습니다. '#include "pch.h"'을(를) 소스에 추가하시겠습니까?
  b2_wheel_joint.cpp
C:\API_Project-DirextX\Solution_Kirby\Box2D\box2d\src\dynamics\b2_wheel_joint.cpp(673,1): fatal  error C1010: 미리 컴파일된 헤더를 찾는 동안 예기치 않은 파일의 끝이 나타났습니다. '#include "pch.h"'을(를) 소스에 추가하시겠습니까?
  b2_world.cpp
C:\API_Project-DirextX\Solution_Kirby\Box2D\box2d\src\dynamics\b2_world.cpp(1323,1): fatal  error C1010: 미리 컴파일된 헤더를 찾는 동안 예기치 않은 파일의 끝이 나타났습니다. '#include "pch.h"'을(를) 소스에 추가하시겠습니까?
  b2_world_callbacks.cpp
C:\API_Project-DirextX\Solution_Kirby\Box2D\box2d\src\dynamics\b2_world_callbacks.cpp(41,1): fatal  error C1010: 미리 컴파일된 헤더를 찾는 동안 예기치 않은 파일의 끝이 나타났습니다. '#include "pch.h"'을(를) 소스에 추가하시겠습니까?
  b2_rope.cpp
C:\API_Project-DirextX\Solution_Kirby\Box2D\box2d\src\rope\b2_rope.cpp(810,1): fatal  error C1010: 미리 컴파일된 헤더를 찾는 동안 예기치 않은 파일의 끝이 나타났습니다. '#include "pch.h"'을(를) 소스에 추가하시겠습니까?
  코드를 생성하고 있습니다...
