  Box2D.cpp
  b2_body.cpp
  b2_chain_circle_contact.cpp
  b2_chain_polygon_contact.cpp
  b2_circle_contact.cpp
  b2_contact.cpp
  b2_contact_manager.cpp
  b2_contact_solver.cpp
  b2_distance_joint.cpp
  b2_edge_circle_contact.cpp
  b2_edge_polygon_contact.cpp
  b2_fixture.cpp
  b2_friction_joint.cpp
  b2_gear_joint.cpp
  b2_island.cpp
  b2_joint.cpp
  b2_motor_joint.cpp
  b2_mouse_joint.cpp
  b2_polygon_circle_contact.cpp
  b2_polygon_contact.cpp
  코드를 생성하고 있습니다...
  컴파일하고 있습니다...
  b2_prismatic_joint.cpp
  b2_pulley_joint.cpp
  b2_revolute_joint.cpp
  b2_weld_joint.cpp
  b2_wheel_joint.cpp
  b2_world.cpp
  b2_world_callbacks.cpp
  코드를 생성하고 있습니다...
  Box2D.vcxproj -> C:\Users\user\Desktop\API_Project-DirectX\API_Project-DirextX\Solution_Kirby\Debug\Box2D.lib
