  ImageRender.cpp
C:\Users\user\Desktop\API_Project-DirectX\API_Project-DirextX\Solution_Kirby\EngineFramework\ImageRender.cpp(135,20): warning C4244: '인수': 'FLOAT'에서 'int'(으)로 변환하면서 데이터가 손실될 수 있습니다.
  (소스 파일 '/ImageRender.cpp'을(를) 컴파일하는 중)
  
C:\Users\user\Desktop\API_Project-DirectX\API_Project-DirextX\Solution_Kirby\EngineFramework\ImageRender.cpp(134,20): warning C4244: '인수': 'FLOAT'에서 'int'(으)로 변환하면서 데이터가 손실될 수 있습니다.
  (소스 파일 '/ImageRender.cpp'을(를) 컴파일하는 중)
  
C:\Users\user\Desktop\API_Project-DirectX\API_Project-DirextX\Solution_Kirby\EngineFramework\ImageRender.cpp(133,24): warning C4244: '인수': 'const float'에서 'int'(으)로 변환하면서 데이터가 손실될 수 있습니다.
  (소스 파일 '/ImageRender.cpp'을(를) 컴파일하는 중)
  
C:\Users\user\Desktop\API_Project-DirectX\API_Project-DirextX\Solution_Kirby\EngineFramework\ImageRender.cpp(132,24): warning C4244: '인수': 'const float'에서 'int'(으)로 변환하면서 데이터가 손실될 수 있습니다.
  (소스 파일 '/ImageRender.cpp'을(를) 컴파일하는 중)
  
C:\Users\user\Desktop\API_Project-DirectX\API_Project-DirextX\Solution_Kirby\EngineFramework\ImageRender.cpp(131,24): warning C4244: '인수': 'const float'에서 'int'(으)로 변환하면서 데이터가 손실될 수 있습니다.
  (소스 파일 '/ImageRender.cpp'을(를) 컴파일하는 중)
  
d3d9.lib(d3d9.dll) : warning LNK4006: __NULL_IMPORT_DESCRIPTOR이(가) d3dx9.lib(d3dx9_43.dll)에 이미 정의되어 있습니다. 초 정의가 무시됩니다.
d3dx9d.lib(d3dx9d_43.dll) : warning LNK4006: __imp__D3DXWeldVertices@28이(가) d3dx9.lib(d3dx9_43.dll)에 이미 정의되어 있습니다. 초 정의가 무시됩니다.
d3dx9d.lib(d3dx9d_43.dll) : warning LNK4006: _D3DXWeldVertices@28이(가) d3dx9.lib(d3dx9_43.dll)에 이미 정의되어 있습니다. 초 정의가 무시됩니다.
d3dx9d.lib(d3dx9d_43.dll) : warning LNK4006: __imp__D3DXVec4TransformArray@24이(가) d3dx9.lib(d3dx9_43.dll)에 이미 정의되어 있습니다. 초 정의가 무시됩니다.
d3dx9d.lib(d3dx9d_43.dll) : warning LNK4006: _D3DXVec4TransformArray@24이(가) d3dx9.lib(d3dx9_43.dll)에 이미 정의되어 있습니다. 초 정의가 무시됩니다.
d3dx9d.lib(d3dx9d_43.dll) : warning LNK4006: __imp__D3DXVec4Transform@12이(가) d3dx9.lib(d3dx9_43.dll)에 이미 정의되어 있습니다. 초 정의가 무시됩니다.
d3dx9d.lib(d3dx9d_43.dll) : warning LNK4006: _D3DXVec4Transform@12이(가) d3dx9.lib(d3dx9_43.dll)에 이미 정의되어 있습니다. 초 정의가 무시됩니다.
d3dx9d.lib(d3dx9d_43.dll) : warning LNK4006: __imp__D3DXVec4Normalize@8이(가) d3dx9.lib(d3dx9_43.dll)에 이미 정의되어 있습니다. 초 정의가 무시됩니다.
d3dx9d.lib(d3dx9d_43.dll) : warning LNK4006: _D3DXVec4Normalize@8이(가) d3dx9.lib(d3dx9_43.dll)에 이미 정의되어 있습니다. 초 정의가 무시됩니다.
d3dx9d.lib(d3dx9d_43.dll) : warning LNK4006: __imp__D3DXVec4Hermite@24이(가) d3dx9.lib(d3dx9_43.dll)에 이미 정의되어 있습니다. 초 정의가 무시됩니다.
d3dx9d.lib(d3dx9d_43.dll) : warning LNK4006: _D3DXVec4Hermite@24이(가) d3dx9.lib(d3dx9_43.dll)에 이미 정의되어 있습니다. 초 정의가 무시됩니다.
d3dx9d.lib(d3dx9d_43.dll) : warning LNK4006: __imp__D3DXVec4Cross@16이(가) d3dx9.lib(d3dx9_43.dll)에 이미 정의되어 있습니다. 초 정의가 무시됩니다.
d3dx9d.lib(d3dx9d_43.dll) : warning LNK4006: _D3DXVec4Cross@16이(가) d3dx9.lib(d3dx9_43.dll)에 이미 정의되어 있습니다. 초 정의가 무시됩니다.
d3dx9d.lib(d3dx9d_43.dll) : warning LNK4006: __imp__D3DXVec4CatmullRom@24이(가) d3dx9.lib(d3dx9_43.dll)에 이미 정의되어 있습니다. 초 정의가 무시됩니다.
d3dx9d.lib(d3dx9d_43.dll) : warning LNK4006: _D3DXVec4CatmullRom@24이(가) d3dx9.lib(d3dx9_43.dll)에 이미 정의되어 있습니다. 초 정의가 무시됩니다.
d3dx9d.lib(d3dx9d_43.dll) : warning LNK4006: __imp__D3DXVec4BaryCentric@24이(가) d3dx9.lib(d3dx9_43.dll)에 이미 정의되어 있습니다. 초 정의가 무시됩니다.
d3dx9d.lib(d3dx9d_43.dll) : warning LNK4006: _D3DXVec4BaryCentric@24이(가) d3dx9.lib(d3dx9_43.dll)에 이미 정의되어 있습니다. 초 정의가 무시됩니다.
d3dx9d.lib(d3dx9d_43.dll) : warning LNK4006: __imp__D3DXVec3UnprojectArray@36이(가) d3dx9.lib(d3dx9_43.dll)에 이미 정의되어 있습니다. 초 정의가 무시됩니다.
d3dx9d.lib(d3dx9d_43.dll) : warning LNK4006: _D3DXVec3UnprojectArray@36이(가) d3dx9.lib(d3dx9_43.dll)에 이미 정의되어 있습니다. 초 정의가 무시됩니다.
d3dx9d.lib(d3dx9d_43.dll) : warning LNK4006: __imp__D3DXVec3Unproject@24이(가) d3dx9.lib(d3dx9_43.dll)에 이미 정의되어 있습니다. 초 정의가 무시됩니다.
d3dx9d.lib(d3dx9d_43.dll) : warning LNK4006: _D3DXVec3Unproject@24이(가) d3dx9.lib(d3dx9_43.dll)에 이미 정의되어 있습니다. 초 정의가 무시됩니다.
d3dx9d.lib(d3dx9d_43.dll) : warning LNK4006: __imp__D3DXVec3TransformNormalArray@24이(가) d3dx9.lib(d3dx9_43.dll)에 이미 정의되어 있습니다. 초 정의가 무시됩니다.
d3dx9d.lib(d3dx9d_43.dll) : warning LNK4006: _D3DXVec3TransformNormalArray@24이(가) d3dx9.lib(d3dx9_43.dll)에 이미 정의되어 있습니다. 초 정의가 무시됩니다.
d3dx9d.lib(d3dx9d_43.dll) : warning LNK4006: __imp__D3DXVec3TransformNormal@12이(가) d3dx9.lib(d3dx9_43.dll)에 이미 정의되어 있습니다. 초 정의가 무시됩니다.
d3dx9d.lib(d3dx9d_43.dll) : warning LNK4006: _D3DXVec3TransformNormal@12이(가) d3dx9.lib(d3dx9_43.dll)에 이미 정의되어 있습니다. 초 정의가 무시됩니다.
d3dx9d.lib(d3dx9d_43.dll) : warning LNK4006: __imp__D3DXVec3TransformCoordArray@24이(가) d3dx9.lib(d3dx9_43.dll)에 이미 정의되어 있습니다. 초 정의가 무시됩니다.
d3dx9d.lib(d3dx9d_43.dll) : warning LNK4006: _D3DXVec3TransformCoordArray@24이(가) d3dx9.lib(d3dx9_43.dll)에 이미 정의되어 있습니다. 초 정의가 무시됩니다.
d3dx9d.lib(d3dx9d_43.dll) : warning LNK4006: __imp__D3DXVec3TransformCoord@12이(가) d3dx9.lib(d3dx9_43.dll)에 이미 정의되어 있습니다. 초 정의가 무시됩니다.
d3dx9d.lib(d3dx9d_43.dll) : warning LNK4006: _D3DXVec3TransformCoord@12이(가) d3dx9.lib(d3dx9_43.dll)에 이미 정의되어 있습니다. 초 정의가 무시됩니다.
d3dx9d.lib(d3dx9d_43.dll) : warning LNK4006: __imp__D3DXVec3TransformArray@24이(가) d3dx9.lib(d3dx9_43.dll)에 이미 정의되어 있습니다. 초 정의가 무시됩니다.
d3dx9d.lib(d3dx9d_43.dll) : warning LNK4006: _D3DXVec3TransformArray@24이(가) d3dx9.lib(d3dx9_43.dll)에 이미 정의되어 있습니다. 초 정의가 무시됩니다.
d3dx9d.lib(d3dx9d_43.dll) : warning LNK4006: __imp__D3DXVec3Transform@12이(가) d3dx9.lib(d3dx9_43.dll)에 이미 정의되어 있습니다. 초 정의가 무시됩니다.
d3dx9d.lib(d3dx9d_43.dll) : warning LNK4006: _D3DXVec3Transform@12이(가) d3dx9.lib(d3dx9_43.dll)에 이미 정의되어 있습니다. 초 정의가 무시됩니다.
d3dx9d.lib(d3dx9d_43.dll) : warning LNK4006: __imp__D3DXVec3ProjectArray@36이(가) d3dx9.lib(d3dx9_43.dll)에 이미 정의되어 있습니다. 초 정의가 무시됩니다.
d3dx9d.lib(d3dx9d_43.dll) : warning LNK4006: _D3DXVec3ProjectArray@36이(가) d3dx9.lib(d3dx9_43.dll)에 이미 정의되어 있습니다. 초 정의가 무시됩니다.
d3dx9d.lib(d3dx9d_43.dll) : warning LNK4006: __imp__D3DXVec3Project@24이(가) d3dx9.lib(d3dx9_43.dll)에 이미 정의되어 있습니다. 초 정의가 무시됩니다.
d3dx9d.lib(d3dx9d_43.dll) : warning LNK4006: _D3DXVec3Project@24이(가) d3dx9.lib(d3dx9_43.dll)에 이미 정의되어 있습니다. 초 정의가 무시됩니다.
d3dx9d.lib(d3dx9d_43.dll) : warning LNK4006: __imp__D3DXVec3Normalize@8이(가) d3dx9.lib(d3dx9_43.dll)에 이미 정의되어 있습니다. 초 정의가 무시됩니다.
d3dx9d.lib(d3dx9d_43.dll) : warning LNK4006: _D3DXVec3Normalize@8이(가) d3dx9.lib(d3dx9_43.dll)에 이미 정의되어 있습니다. 초 정의가 무시됩니다.
d3dx9d.lib(d3dx9d_43.dll) : warning LNK4006: __imp__D3DXVec3Hermite@24이(가) d3dx9.lib(d3dx9_43.dll)에 이미 정의되어 있습니다. 초 정의가 무시됩니다.
d3dx9d.lib(d3dx9d_43.dll) : warning LNK4006: _D3DXVec3Hermite@24이(가) d3dx9.lib(d3dx9_43.dll)에 이미 정의되어 있습니다. 초 정의가 무시됩니다.
d3dx9d.lib(d3dx9d_43.dll) : warning LNK4006: __imp__D3DXVec3CatmullRom@24이(가) d3dx9.lib(d3dx9_43.dll)에 이미 정의되어 있습니다. 초 정의가 무시됩니다.
d3dx9d.lib(d3dx9d_43.dll) : warning LNK4006: _D3DXVec3CatmullRom@24이(가) d3dx9.lib(d3dx9_43.dll)에 이미 정의되어 있습니다. 초 정의가 무시됩니다.
d3dx9d.lib(d3dx9d_43.dll) : warning LNK4006: __imp__D3DXVec3BaryCentric@24이(가) d3dx9.lib(d3dx9_43.dll)에 이미 정의되어 있습니다. 초 정의가 무시됩니다.
d3dx9d.lib(d3dx9d_43.dll) : warning LNK4006: _D3DXVec3BaryCentric@24이(가) d3dx9.lib(d3dx9_43.dll)에 이미 정의되어 있습니다. 초 정의가 무시됩니다.
d3dx9d.lib(d3dx9d_43.dll) : warning LNK4006: __imp__D3DXVec2TransformNormalArray@24이(가) d3dx9.lib(d3dx9_43.dll)에 이미 정의되어 있습니다. 초 정의가 무시됩니다.
d3dx9d.lib(d3dx9d_43.dll) : warning LNK4006: _D3DXVec2TransformNormalArray@24이(가) d3dx9.lib(d3dx9_43.dll)에 이미 정의되어 있습니다. 초 정의가 무시됩니다.
d3dx9d.lib(d3dx9d_43.dll) : warning LNK4006: __imp__D3DXVec2TransformNormal@12이(가) d3dx9.lib(d3dx9_43.dll)에 이미 정의되어 있습니다. 초 정의가 무시됩니다.
d3dx9d.lib(d3dx9d_43.dll) : warning LNK4006: _D3DXVec2TransformNormal@12이(가) d3dx9.lib(d3dx9_43.dll)에 이미 정의되어 있습니다. 초 정의가 무시됩니다.
d3dx9d.lib(d3dx9d_43.dll) : warning LNK4006: __imp__D3DXVec2TransformCoordArray@24이(가) d3dx9.lib(d3dx9_43.dll)에 이미 정의되어 있습니다. 초 정의가 무시됩니다.
d3dx9d.lib(d3dx9d_43.dll) : warning LNK4006: _D3DXVec2TransformCoordArray@24이(가) d3dx9.lib(d3dx9_43.dll)에 이미 정의되어 있습니다. 초 정의가 무시됩니다.
d3dx9d.lib(d3dx9d_43.dll) : warning LNK4006: __imp__D3DXVec2TransformCoord@12이(가) d3dx9.lib(d3dx9_43.dll)에 이미 정의되어 있습니다. 초 정의가 무시됩니다.
d3dx9d.lib(d3dx9d_43.dll) : warning LNK4006: _D3DXVec2TransformCoord@12이(가) d3dx9.lib(d3dx9_43.dll)에 이미 정의되어 있습니다. 초 정의가 무시됩니다.
d3dx9d.lib(d3dx9d_43.dll) : warning LNK4006: __imp__D3DXVec2TransformArray@24이(가) d3dx9.lib(d3dx9_43.dll)에 이미 정의되어 있습니다. 초 정의가 무시됩니다.
d3dx9d.lib(d3dx9d_43.dll) : warning LNK4006: _D3DXVec2TransformArray@24이(가) d3dx9.lib(d3dx9_43.dll)에 이미 정의되어 있습니다. 초 정의가 무시됩니다.
d3dx9d.lib(d3dx9d_43.dll) : warning LNK4006: __imp__D3DXVec2Transform@12이(가) d3dx9.lib(d3dx9_43.dll)에 이미 정의되어 있습니다. 초 정의가 무시됩니다.
d3dx9d.lib(d3dx9d_43.dll) : warning LNK4006: _D3DXVec2Transform@12이(가) d3dx9.lib(d3dx9_43.dll)에 이미 정의되어 있습니다. 초 정의가 무시됩니다.
d3dx9d.lib(d3dx9d_43.dll) : warning LNK4006: __imp__D3DXVec2Normalize@8이(가) d3dx9.lib(d3dx9_43.dll)에 이미 정의되어 있습니다. 초 정의가 무시됩니다.
d3dx9d.lib(d3dx9d_43.dll) : warning LNK4006: _D3DXVec2Normalize@8이(가) d3dx9.lib(d3dx9_43.dll)에 이미 정의되어 있습니다. 초 정의가 무시됩니다.
d3dx9d.lib(d3dx9d_43.dll) : warning LNK4006: __imp__D3DXVec2Hermite@24이(가) d3dx9.lib(d3dx9_43.dll)에 이미 정의되어 있습니다. 초 정의가 무시됩니다.
d3dx9d.lib(d3dx9d_43.dll) : warning LNK4006: _D3DXVec2Hermite@24이(가) d3dx9.lib(d3dx9_43.dll)에 이미 정의되어 있습니다. 초 정의가 무시됩니다.
d3dx9d.lib(d3dx9d_43.dll) : warning LNK4006: __imp__D3DXVec2CatmullRom@24이(가) d3dx9.lib(d3dx9_43.dll)에 이미 정의되어 있습니다. 초 정의가 무시됩니다.
d3dx9d.lib(d3dx9d_43.dll) : warning LNK4006: _D3DXVec2CatmullRom@24이(가) d3dx9.lib(d3dx9_43.dll)에 이미 정의되어 있습니다. 초 정의가 무시됩니다.
d3dx9d.lib(d3dx9d_43.dll) : warning LNK4006: __imp__D3DXVec2BaryCentric@24이(가) d3dx9.lib(d3dx9_43.dll)에 이미 정의되어 있습니다. 초 정의가 무시됩니다.
d3dx9d.lib(d3dx9d_43.dll) : warning LNK4006: _D3DXVec2BaryCentric@24이(가) d3dx9.lib(d3dx9_43.dll)에 이미 정의되어 있습니다. 초 정의가 무시됩니다.
d3dx9d.lib(d3dx9d_43.dll) : warning LNK4006: __imp__D3DXValidPatchMesh@16이(가) d3dx9.lib(d3dx9_43.dll)에 이미 정의되어 있습니다. 초 정의가 무시됩니다.
d3dx9d.lib(d3dx9d_43.dll) : warning LNK4006: _D3DXValidPatchMesh@16이(가) d3dx9.lib(d3dx9_43.dll)에 이미 정의되어 있습니다. 초 정의가 무시됩니다.
d3dx9d.lib(d3dx9d_43.dll) : warning LNK4006: __imp__D3DXValidMesh@12이(가) d3dx9.lib(d3dx9_43.dll)에 이미 정의되어 있습니다. 초 정의가 무시됩니다.
d3dx9d.lib(d3dx9d_43.dll) : warning LNK4006: _D3DXValidMesh@12이(가) d3dx9.lib(d3dx9_43.dll)에 이미 정의되어 있습니다. 초 정의가 무시됩니다.
d3dx9d.lib(d3dx9d_43.dll) : warning LNK4006: __imp__D3DXUVAtlasPartition@68이(가) d3dx9.lib(d3dx9_43.dll)에 이미 정의되어 있습니다. 초 정의가 무시됩니다.
d3dx9d.lib(d3dx9d_43.dll) : warning LNK4006: _D3DXUVAtlasPartition@68이(가) d3dx9.lib(d3dx9_43.dll)에 이미 정의되어 있습니다. 초 정의가 무시됩니다.
d3dx9d.lib(d3dx9d_43.dll) : warning LNK4006: __imp__D3DXUVAtlasPack@44이(가) d3dx9.lib(d3dx9_43.dll)에 이미 정의되어 있습니다. 초 정의가 무시됩니다.
d3dx9d.lib(d3dx9d_43.dll) : warning LNK4006: _D3DXUVAtlasPack@44이(가) d3dx9.lib(d3dx9_43.dll)에 이미 정의되어 있습니다. 초 정의가 무시됩니다.
d3dx9d.lib(d3dx9d_43.dll) : warning LNK4006: __imp__D3DXUVAtlasCreate@76이(가) d3dx9.lib(d3dx9_43.dll)에 이미 정의되어 있습니다. 초 정의가 무시됩니다.
d3dx9d.lib(d3dx9d_43.dll) : warning LNK4006: _D3DXUVAtlasCreate@76이(가) d3dx9.lib(d3dx9_43.dll)에 이미 정의되어 있습니다. 초 정의가 무시됩니다.
d3dx9d.lib(d3dx9d_43.dll) : warning LNK4006: __imp__D3DXTriPatchSize@12이(가) d3dx9.lib(d3dx9_43.dll)에 이미 정의되어 있습니다. 초 정의가 무시됩니다.
d3dx9d.lib(d3dx9d_43.dll) : warning LNK4006: _D3DXTriPatchSize@12이(가) d3dx9.lib(d3dx9_43.dll)에 이미 정의되어 있습니다. 초 정의가 무시됩니다.
d3dx9d.lib(d3dx9d_43.dll) : warning LNK4006: __imp__D3DXTessellateTriPatch@20이(가) d3dx9.lib(d3dx9_43.dll)에 이미 정의되어 있습니다. 초 정의가 무시됩니다.
d3dx9d.lib(d3dx9d_43.dll) : warning LNK4006: _D3DXTessellateTriPatch@20이(가) d3dx9.lib(d3dx9_43.dll)에 이미 정의되어 있습니다. 초 정의가 무시됩니다.
d3dx9d.lib(d3dx9d_43.dll) : warning LNK4006: __imp__D3DXTessellateRectPatch@20이(가) d3dx9.lib(d3dx9_43.dll)에 이미 정의되어 있습니다. 초 정의가 무시됩니다.
d3dx9d.lib(d3dx9d_43.dll) : warning LNK4006: _D3DXTessellateRectPatch@20이(가) d3dx9.lib(d3dx9_43.dll)에 이미 정의되어 있습니다. 초 정의가 무시됩니다.
d3dx9d.lib(d3dx9d_43.dll) : warning LNK4006: __imp__D3DXTessellateNPatches@24이(가) d3dx9.lib(d3dx9_43.dll)에 이미 정의되어 있습니다. 초 정의가 무시됩니다.
d3dx9d.lib(d3dx9d_43.dll) : warning LNK4006: _D3DXTessellateNPatches@24이(가) d3dx9.lib(d3dx9_43.dll)에 이미 정의되어 있습니다. 초 정의가 무시됩니다.
d3dx9d.lib(d3dx9d_43.dll) : warning LNK4006: __imp__D3DXSplitMesh@36이(가) d3dx9.lib(d3dx9_43.dll)에 이미 정의되어 있습니다. 초 정의가 무시됩니다.
d3dx9d.lib(d3dx9d_43.dll) : warning LNK4006: _D3DXSplitMesh@36이(가) d3dx9.lib(d3dx9_43.dll)에 이미 정의되어 있습니다. 초 정의가 무시됩니다.
d3dx9d.lib(d3dx9d_43.dll) : warning LNK4006: __imp__D3DXSphereBoundProbe@16이(가) d3dx9.lib(d3dx9_43.dll)에 이미 정의되어 있습니다. 초 정의가 무시됩니다.
d3dx9d.lib(d3dx9d_43.dll) : warning LNK4006: _D3DXSphereBoundProbe@16이(가) d3dx9.lib(d3dx9_43.dll)에 이미 정의되어 있습니다. 초 정의가 무시됩니다.
d3dx9d.lib(d3dx9d_43.dll) : warning LNK4006: __imp__D3DXSimplifyMesh@28이(가) d3dx9.lib(d3dx9_43.dll)에 이미 정의되어 있습니다. 초 정의가 무시됩니다.
d3dx9d.lib(d3dx9d_43.dll) : warning LNK4006: _D3DXSimplifyMesh@28이(가) d3dx9.lib(d3dx9_43.dll)에 이미 정의되어 있습니다. 초 정의가 무시됩니다.
d3dx9d.lib(d3dx9d_43.dll) : warning LNK4006: __imp__D3DXSaveVolumeToFileW@20이(가) d3dx9.lib(d3dx9_43.dll)에 이미 정의되어 있습니다. 초 정의가 무시됩니다.
d3dx9d.lib(d3dx9d_43.dll) : warning LNK4006: _D3DXSaveVolumeToFileW@20이(가) d3dx9.lib(d3dx9_43.dll)에 이미 정의되어 있습니다. 초 정의가 무시됩니다.
d3dx9d.lib(d3dx9d_43.dll) : warning LNK4006: __imp__D3DXSaveVolumeToFileInMemory@20이(가) d3dx9.lib(d3dx9_43.dll)에 이미 정의되어 있습니다. 초 정의가 무시됩니다.
d3dx9d.lib(d3dx9d_43.dll) : warning LNK4006: _D3DXSaveVolumeToFileInMemory@20이(가) d3dx9.lib(d3dx9_43.dll)에 이미 정의되어 있습니다. 초 정의가 무시됩니다.
d3dx9d.lib(d3dx9d_43.dll) : warning LNK4006: __imp__D3DXSaveVolumeToFileA@20이(가) d3dx9.lib(d3dx9_43.dll)에 이미 정의되어 있습니다. 초 정의가 무시됩니다.
d3dx9d.lib(d3dx9d_43.dll) : warning LNK4006: _D3DXSaveVolumeToFileA@20이(가) d3dx9.lib(d3dx9_43.dll)에 이미 정의되어 있습니다. 초 정의가 무시됩니다.
d3dx9d.lib(d3dx9d_43.dll) : warning LNK4006: __imp__D3DXSaveTextureToFileW@16이(가) d3dx9.lib(d3dx9_43.dll)에 이미 정의되어 있습니다. 초 정의가 무시됩니다.
d3dx9d.lib(d3dx9d_43.dll) : warning LNK4006: _D3DXSaveTextureToFileW@16이(가) d3dx9.lib(d3dx9_43.dll)에 이미 정의되어 있습니다. 초 정의가 무시됩니다.
d3dx9d.lib(d3dx9d_43.dll) : warning LNK4006: __imp__D3DXSaveTextureToFileInMemory@16이(가) d3dx9.lib(d3dx9_43.dll)에 이미 정의되어 있습니다. 초 정의가 무시됩니다.
d3dx9d.lib(d3dx9d_43.dll) : warning LNK4006: _D3DXSaveTextureToFileInMemory@16이(가) d3dx9.lib(d3dx9_43.dll)에 이미 정의되어 있습니다. 초 정의가 무시됩니다.
d3dx9d.lib(d3dx9d_43.dll) : warning LNK4006: __imp__D3DXSaveTextureToFileA@16이(가) d3dx9.lib(d3dx9_43.dll)에 이미 정의되어 있습니다. 초 정의가 무시됩니다.
d3dx9d.lib(d3dx9d_43.dll) : warning LNK4006: _D3DXSaveTextureToFileA@16이(가) d3dx9.lib(d3dx9_43.dll)에 이미 정의되어 있습니다. 초 정의가 무시됩니다.
d3dx9d.lib(d3dx9d_43.dll) : warning LNK4006: __imp__D3DXSaveSurfaceToFileW@20이(가) d3dx9.lib(d3dx9_43.dll)에 이미 정의되어 있습니다. 초 정의가 무시됩니다.
d3dx9d.lib(d3dx9d_43.dll) : warning LNK4006: _D3DXSaveSurfaceToFileW@20이(가) d3dx9.lib(d3dx9_43.dll)에 이미 정의되어 있습니다. 초 정의가 무시됩니다.
d3dx9d.lib(d3dx9d_43.dll) : warning LNK4006: __imp__D3DXSaveSurfaceToFileInMemory@20이(가) d3dx9.lib(d3dx9_43.dll)에 이미 정의되어 있습니다. 초 정의가 무시됩니다.
d3dx9d.lib(d3dx9d_43.dll) : warning LNK4006: _D3DXSaveSurfaceToFileInMemory@20이(가) d3dx9.lib(d3dx9_43.dll)에 이미 정의되어 있습니다. 초 정의가 무시됩니다.
d3dx9d.lib(d3dx9d_43.dll) : warning LNK4006: __imp__D3DXSaveSurfaceToFileA@20이(가) d3dx9.lib(d3dx9_43.dll)에 이미 정의되어 있습니다. 초 정의가 무시됩니다.
d3dx9d.lib(d3dx9d_43.dll) : warning LNK4006: _D3DXSaveSurfaceToFileA@20이(가) d3dx9.lib(d3dx9_43.dll)에 이미 정의되어 있습니다. 초 정의가 무시됩니다.
d3dx9d.lib(d3dx9d_43.dll) : warning LNK4006: __imp__D3DXSavePRTCompBufferToFileW@8이(가) d3dx9.lib(d3dx9_43.dll)에 이미 정의되어 있습니다. 초 정의가 무시됩니다.
d3dx9d.lib(d3dx9d_43.dll) : warning LNK4006: _D3DXSavePRTCompBufferToFileW@8이(가) d3dx9.lib(d3dx9_43.dll)에 이미 정의되어 있습니다. 초 정의가 무시됩니다.
d3dx9d.lib(d3dx9d_43.dll) : warning LNK4006: __imp__D3DXSavePRTCompBufferToFileA@8이(가) d3dx9.lib(d3dx9_43.dll)에 이미 정의되어 있습니다. 초 정의가 무시됩니다.
d3dx9d.lib(d3dx9d_43.dll) : warning LNK4006: _D3DXSavePRTCompBufferToFileA@8이(가) d3dx9.lib(d3dx9_43.dll)에 이미 정의되어 있습니다. 초 정의가 무시됩니다.
d3dx9d.lib(d3dx9d_43.dll) : warning LNK4006: __imp__D3DXSavePRTBufferToFileW@8이(가) d3dx9.lib(d3dx9_43.dll)에 이미 정의되어 있습니다. 초 정의가 무시됩니다.
d3dx9d.lib(d3dx9d_43.dll) : warning LNK4006: _D3DXSavePRTBufferToFileW@8이(가) d3dx9.lib(d3dx9_43.dll)에 이미 정의되어 있습니다. 초 정의가 무시됩니다.
d3dx9d.lib(d3dx9d_43.dll) : warning LNK4006: __imp__D3DXSavePRTBufferToFileA@8이(가) d3dx9.lib(d3dx9_43.dll)에 이미 정의되어 있습니다. 초 정의가 무시됩니다.
d3dx9d.lib(d3dx9d_43.dll) : warning LNK4006: _D3DXSavePRTBufferToFileA@8이(가) d3dx9.lib(d3dx9_43.dll)에 이미 정의되어 있습니다. 초 정의가 무시됩니다.
d3dx9d.lib(d3dx9d_43.dll) : warning LNK4006: __imp__D3DXSaveMeshToXW@28이(가) d3dx9.lib(d3dx9_43.dll)에 이미 정의되어 있습니다. 초 정의가 무시됩니다.
d3dx9d.lib(d3dx9d_43.dll) : warning LNK4006: _D3DXSaveMeshToXW@28이(가) d3dx9.lib(d3dx9_43.dll)에 이미 정의되어 있습니다. 초 정의가 무시됩니다.
d3dx9d.lib(d3dx9d_43.dll) : warning LNK4006: __imp__D3DXSaveMeshToXA@28이(가) d3dx9.lib(d3dx9_43.dll)에 이미 정의되어 있습니다. 초 정의가 무시됩니다.
d3dx9d.lib(d3dx9d_43.dll) : warning LNK4006: _D3DXSaveMeshToXA@28이(가) d3dx9.lib(d3dx9_43.dll)에 이미 정의되어 있습니다. 초 정의가 무시됩니다.
d3dx9d.lib(d3dx9d_43.dll) : warning LNK4006: __imp__D3DXSaveMeshHierarchyToFileW@20이(가) d3dx9.lib(d3dx9_43.dll)에 이미 정의되어 있습니다. 초 정의가 무시됩니다.
d3dx9d.lib(d3dx9d_43.dll) : warning LNK4006: _D3DXSaveMeshHierarchyToFileW@20이(가) d3dx9.lib(d3dx9_43.dll)에 이미 정의되어 있습니다. 초 정의가 무시됩니다.
d3dx9d.lib(d3dx9d_43.dll) : warning LNK4006: __imp__D3DXSaveMeshHierarchyToFileA@20이(가) d3dx9.lib(d3dx9_43.dll)에 이미 정의되어 있습니다. 초 정의가 무시됩니다.
d3dx9d.lib(d3dx9d_43.dll) : warning LNK4006: _D3DXSaveMeshHierarchyToFileA@20이(가) d3dx9.lib(d3dx9_43.dll)에 이미 정의되어 있습니다. 초 정의가 무시됩니다.
d3dx9d.lib(d3dx9d_43.dll) : warning LNK4006: __imp__D3DXSHScale@16이(가) d3dx9.lib(d3dx9_43.dll)에 이미 정의되어 있습니다. 초 정의가 무시됩니다.
d3dx9d.lib(d3dx9d_43.dll) : warning LNK4006: _D3DXSHScale@16이(가) d3dx9.lib(d3dx9_43.dll)에 이미 정의되어 있습니다. 초 정의가 무시됩니다.
d3dx9d.lib(d3dx9d_43.dll) : warning LNK4006: __imp__D3DXSHRotateZ@16이(가) d3dx9.lib(d3dx9_43.dll)에 이미 정의되어 있습니다. 초 정의가 무시됩니다.
d3dx9d.lib(d3dx9d_43.dll) : warning LNK4006: _D3DXSHRotateZ@16이(가) d3dx9.lib(d3dx9_43.dll)에 이미 정의되어 있습니다. 초 정의가 무시됩니다.
d3dx9d.lib(d3dx9d_43.dll) : warning LNK4006: __imp__D3DXSHRotate@16이(가) d3dx9.lib(d3dx9_43.dll)에 이미 정의되어 있습니다. 초 정의가 무시됩니다.
d3dx9d.lib(d3dx9d_43.dll) : warning LNK4006: _D3DXSHRotate@16이(가) d3dx9.lib(d3dx9_43.dll)에 이미 정의되어 있습니다. 초 정의가 무시됩니다.
d3dx9d.lib(d3dx9d_43.dll) : warning LNK4006: __imp__D3DXSHProjectCubeMap@20이(가) d3dx9.lib(d3dx9_43.dll)에 이미 정의되어 있습니다. 초 정의가 무시됩니다.
d3dx9d.lib(d3dx9d_43.dll) : warning LNK4006: _D3DXSHProjectCubeMap@20이(가) d3dx9.lib(d3dx9_43.dll)에 이미 정의되어 있습니다. 초 정의가 무시됩니다.
d3dx9d.lib(d3dx9d_43.dll) : warning LNK4006: __imp__D3DXSHPRTCompSuperCluster@24이(가) d3dx9.lib(d3dx9_43.dll)에 이미 정의되어 있습니다. 초 정의가 무시됩니다.
d3dx9d.lib(d3dx9d_43.dll) : warning LNK4006: _D3DXSHPRTCompSuperCluster@24이(가) d3dx9.lib(d3dx9_43.dll)에 이미 정의되어 있습니다. 초 정의가 무시됩니다.
d3dx9d.lib(d3dx9d_43.dll) : warning LNK4006: __imp__D3DXSHPRTCompSplitMeshSC@64이(가) d3dx9.lib(d3dx9_43.dll)에 이미 정의되어 있습니다. 초 정의가 무시됩니다.
d3dx9d.lib(d3dx9d_43.dll) : warning LNK4006: _D3DXSHPRTCompSplitMeshSC@64이(가) d3dx9.lib(d3dx9_43.dll)에 이미 정의되어 있습니다. 초 정의가 무시됩니다.
d3dx9d.lib(d3dx9d_43.dll) : warning LNK4006: __imp__D3DXSHMultiply6@12이(가) d3dx9.lib(d3dx9_43.dll)에 이미 정의되어 있습니다. 초 정의가 무시됩니다.
d3dx9d.lib(d3dx9d_43.dll) : warning LNK4006: _D3DXSHMultiply6@12이(가) d3dx9.lib(d3dx9_43.dll)에 이미 정의되어 있습니다. 초 정의가 무시됩니다.
d3dx9d.lib(d3dx9d_43.dll) : warning LNK4006: __imp__D3DXSHMultiply5@12이(가) d3dx9.lib(d3dx9_43.dll)에 이미 정의되어 있습니다. 초 정의가 무시됩니다.
d3dx9d.lib(d3dx9d_43.dll) : warning LNK4006: _D3DXSHMultiply5@12이(가) d3dx9.lib(d3dx9_43.dll)에 이미 정의되어 있습니다. 초 정의가 무시됩니다.
d3dx9d.lib(d3dx9d_43.dll) : warning LNK4006: __imp__D3DXSHMultiply4@12이(가) d3dx9.lib(d3dx9_43.dll)에 이미 정의되어 있습니다. 초 정의가 무시됩니다.
d3dx9d.lib(d3dx9d_43.dll) : warning LNK4006: _D3DXSHMultiply4@12이(가) d3dx9.lib(d3dx9_43.dll)에 이미 정의되어 있습니다. 초 정의가 무시됩니다.
d3dx9d.lib(d3dx9d_43.dll) : warning LNK4006: __imp__D3DXSHMultiply3@12이(가) d3dx9.lib(d3dx9_43.dll)에 이미 정의되어 있습니다. 초 정의가 무시됩니다.
d3dx9d.lib(d3dx9d_43.dll) : warning LNK4006: _D3DXSHMultiply3@12이(가) d3dx9.lib(d3dx9_43.dll)에 이미 정의되어 있습니다. 초 정의가 무시됩니다.
d3dx9d.lib(d3dx9d_43.dll) : warning LNK4006: __imp__D3DXSHMultiply2@12이(가) d3dx9.lib(d3dx9_43.dll)에 이미 정의되어 있습니다. 초 정의가 무시됩니다.
d3dx9d.lib(d3dx9d_43.dll) : warning LNK4006: _D3DXSHMultiply2@12이(가) d3dx9.lib(d3dx9_43.dll)에 이미 정의되어 있습니다. 초 정의가 무시됩니다.
d3dx9d.lib(d3dx9d_43.dll) : warning LNK4006: __imp__D3DXSHEvalSphericalLight@36이(가) d3dx9.lib(d3dx9_43.dll)에 이미 정의되어 있습니다. 초 정의가 무시됩니다.
d3dx9d.lib(d3dx9d_43.dll) : warning LNK4006: _D3DXSHEvalSphericalLight@36이(가) d3dx9.lib(d3dx9_43.dll)에 이미 정의되어 있습니다. 초 정의가 무시됩니다.
d3dx9d.lib(d3dx9d_43.dll) : warning LNK4006: __imp__D3DXSHEvalHemisphereLight@52이(가) d3dx9.lib(d3dx9_43.dll)에 이미 정의되어 있습니다. 초 정의가 무시됩니다.
d3dx9d.lib(d3dx9d_43.dll) : warning LNK4006: _D3DXSHEvalHemisphereLight@52이(가) d3dx9.lib(d3dx9_43.dll)에 이미 정의되어 있습니다. 초 정의가 무시됩니다.
d3dx9d.lib(d3dx9d_43.dll) : warning LNK4006: __imp__D3DXSHEvalDirectionalLight@32이(가) d3dx9.lib(d3dx9_43.dll)에 이미 정의되어 있습니다. 초 정의가 무시됩니다.
d3dx9d.lib(d3dx9d_43.dll) : warning LNK4006: _D3DXSHEvalDirectionalLight@32이(가) d3dx9.lib(d3dx9_43.dll)에 이미 정의되어 있습니다. 초 정의가 무시됩니다.
d3dx9d.lib(d3dx9d_43.dll) : warning LNK4006: __imp__D3DXSHEvalDirection@12이(가) d3dx9.lib(d3dx9_43.dll)에 이미 정의되어 있습니다. 초 정의가 무시됩니다.
d3dx9d.lib(d3dx9d_43.dll) : warning LNK4006: _D3DXSHEvalDirection@12이(가) d3dx9.lib(d3dx9_43.dll)에 이미 정의되어 있습니다. 초 정의가 무시됩니다.
d3dx9d.lib(d3dx9d_43.dll) : warning LNK4006: __imp__D3DXSHEvalConeLight@36이(가) d3dx9.lib(d3dx9_43.dll)에 이미 정의되어 있습니다. 초 정의가 무시됩니다.
d3dx9d.lib(d3dx9d_43.dll) : warning LNK4006: _D3DXSHEvalConeLight@36이(가) d3dx9.lib(d3dx9_43.dll)에 이미 정의되어 있습니다. 초 정의가 무시됩니다.
d3dx9d.lib(d3dx9d_43.dll) : warning LNK4006: __imp__D3DXSHDot@12이(가) d3dx9.lib(d3dx9_43.dll)에 이미 정의되어 있습니다. 초 정의가 무시됩니다.
d3dx9d.lib(d3dx9d_43.dll) : warning LNK4006: _D3DXSHDot@12이(가) d3dx9.lib(d3dx9_43.dll)에 이미 정의되어 있습니다. 초 정의가 무시됩니다.
d3dx9d.lib(d3dx9d_43.dll) : warning LNK4006: __imp__D3DXSHAdd@16이(가) d3dx9.lib(d3dx9_43.dll)에 이미 정의되어 있습니다. 초 정의가 무시됩니다.
d3dx9d.lib(d3dx9d_43.dll) : warning LNK4006: _D3DXSHAdd@16이(가) d3dx9.lib(d3dx9_43.dll)에 이미 정의되어 있습니다. 초 정의가 무시됩니다.
d3dx9d.lib(d3dx9d_43.dll) : warning LNK4006: __imp__D3DXRectPatchSize@12이(가) d3dx9.lib(d3dx9_43.dll)에 이미 정의되어 있습니다. 초 정의가 무시됩니다.
d3dx9d.lib(d3dx9d_43.dll) : warning LNK4006: _D3DXRectPatchSize@12이(가) d3dx9.lib(d3dx9_43.dll)에 이미 정의되어 있습니다. 초 정의가 무시됩니다.
d3dx9d.lib(d3dx9d_43.dll) : warning LNK4006: __imp__D3DXQuaternionToAxisAngle@12이(가) d3dx9.lib(d3dx9_43.dll)에 이미 정의되어 있습니다. 초 정의가 무시됩니다.
d3dx9d.lib(d3dx9d_43.dll) : warning LNK4006: _D3DXQuaternionToAxisAngle@12이(가) d3dx9.lib(d3dx9_43.dll)에 이미 정의되어 있습니다. 초 정의가 무시됩니다.
d3dx9d.lib(d3dx9d_43.dll) : warning LNK4006: __imp__D3DXQuaternionSquadSetup@28이(가) d3dx9.lib(d3dx9_43.dll)에 이미 정의되어 있습니다. 초 정의가 무시됩니다.
d3dx9d.lib(d3dx9d_43.dll) : warning LNK4006: _D3DXQuaternionSquadSetup@28이(가) d3dx9.lib(d3dx9_43.dll)에 이미 정의되어 있습니다. 초 정의가 무시됩니다.
d3dx9d.lib(d3dx9d_43.dll) : warning LNK4006: __imp__D3DXQuaternionSquad@24이(가) d3dx9.lib(d3dx9_43.dll)에 이미 정의되어 있습니다. 초 정의가 무시됩니다.
d3dx9d.lib(d3dx9d_43.dll) : warning LNK4006: _D3DXQuaternionSquad@24이(가) d3dx9.lib(d3dx9_43.dll)에 이미 정의되어 있습니다. 초 정의가 무시됩니다.
d3dx9d.lib(d3dx9d_43.dll) : warning LNK4006: __imp__D3DXQuaternionSlerp@16이(가) d3dx9.lib(d3dx9_43.dll)에 이미 정의되어 있습니다. 초 정의가 무시됩니다.
d3dx9d.lib(d3dx9d_43.dll) : warning LNK4006: _D3DXQuaternionSlerp@16이(가) d3dx9.lib(d3dx9_43.dll)에 이미 정의되어 있습니다. 초 정의가 무시됩니다.
d3dx9d.lib(d3dx9d_43.dll) : warning LNK4006: __imp__D3DXQuaternionRotationYawPitchRoll@16이(가) d3dx9.lib(d3dx9_43.dll)에 이미 정의되어 있습니다. 초 정의가 무시됩니다.
d3dx9d.lib(d3dx9d_43.dll) : warning LNK4006: _D3DXQuaternionRotationYawPitchRoll@16이(가) d3dx9.lib(d3dx9_43.dll)에 이미 정의되어 있습니다. 초 정의가 무시됩니다.
d3dx9d.lib(d3dx9d_43.dll) : warning LNK4006: __imp__D3DXQuaternionRotationMatrix@8이(가) d3dx9.lib(d3dx9_43.dll)에 이미 정의되어 있습니다. 초 정의가 무시됩니다.
d3dx9d.lib(d3dx9d_43.dll) : warning LNK4006: _D3DXQuaternionRotationMatrix@8이(가) d3dx9.lib(d3dx9_43.dll)에 이미 정의되어 있습니다. 초 정의가 무시됩니다.
d3dx9d.lib(d3dx9d_43.dll) : warning LNK4006: __imp__D3DXQuaternionRotationAxis@12이(가) d3dx9.lib(d3dx9_43.dll)에 이미 정의되어 있습니다. 초 정의가 무시됩니다.
d3dx9d.lib(d3dx9d_43.dll) : warning LNK4006: _D3DXQuaternionRotationAxis@12이(가) d3dx9.lib(d3dx9_43.dll)에 이미 정의되어 있습니다. 초 정의가 무시됩니다.
d3dx9d.lib(d3dx9d_43.dll) : warning LNK4006: __imp__D3DXQuaternionNormalize@8이(가) d3dx9.lib(d3dx9_43.dll)에 이미 정의되어 있습니다. 초 정의가 무시됩니다.
d3dx9d.lib(d3dx9d_43.dll) : warning LNK4006: _D3DXQuaternionNormalize@8이(가) d3dx9.lib(d3dx9_43.dll)에 이미 정의되어 있습니다. 초 정의가 무시됩니다.
d3dx9d.lib(d3dx9d_43.dll) : warning LNK4006: __imp__D3DXQuaternionMultiply@12이(가) d3dx9.lib(d3dx9_43.dll)에 이미 정의되어 있습니다. 초 정의가 무시됩니다.
d3dx9d.lib(d3dx9d_43.dll) : warning LNK4006: _D3DXQuaternionMultiply@12이(가) d3dx9.lib(d3dx9_43.dll)에 이미 정의되어 있습니다. 초 정의가 무시됩니다.
d3dx9d.lib(d3dx9d_43.dll) : warning LNK4006: __imp__D3DXQuaternionLn@8이(가) d3dx9.lib(d3dx9_43.dll)에 이미 정의되어 있습니다. 초 정의가 무시됩니다.
d3dx9d.lib(d3dx9d_43.dll) : warning LNK4006: _D3DXQuaternionLn@8이(가) d3dx9.lib(d3dx9_43.dll)에 이미 정의되어 있습니다. 초 정의가 무시됩니다.
d3dx9d.lib(d3dx9d_43.dll) : warning LNK4006: __imp__D3DXQuaternionInverse@8이(가) d3dx9.lib(d3dx9_43.dll)에 이미 정의되어 있습니다. 초 정의가 무시됩니다.
d3dx9d.lib(d3dx9d_43.dll) : warning LNK4006: _D3DXQuaternionInverse@8이(가) d3dx9.lib(d3dx9_43.dll)에 이미 정의되어 있습니다. 초 정의가 무시됩니다.
d3dx9d.lib(d3dx9d_43.dll) : warning LNK4006: __imp__D3DXQuaternionExp@8이(가) d3dx9.lib(d3dx9_43.dll)에 이미 정의되어 있습니다. 초 정의가 무시됩니다.
d3dx9d.lib(d3dx9d_43.dll) : warning LNK4006: _D3DXQuaternionExp@8이(가) d3dx9.lib(d3dx9_43.dll)에 이미 정의되어 있습니다. 초 정의가 무시됩니다.
d3dx9d.lib(d3dx9d_43.dll) : warning LNK4006: __imp__D3DXQuaternionBaryCentric@24이(가) d3dx9.lib(d3dx9_43.dll)에 이미 정의되어 있습니다. 초 정의가 무시됩니다.
d3dx9d.lib(d3dx9d_43.dll) : warning LNK4006: _D3DXQuaternionBaryCentric@24이(가) d3dx9.lib(d3dx9_43.dll)에 이미 정의되어 있습니다. 초 정의가 무시됩니다.
d3dx9d.lib(d3dx9d_43.dll) : warning LNK4006: __imp__D3DXPreprocessShaderFromResourceW@24이(가) d3dx9.lib(d3dx9_43.dll)에 이미 정의되어 있습니다. 초 정의가 무시됩니다.
d3dx9d.lib(d3dx9d_43.dll) : warning LNK4006: _D3DXPreprocessShaderFromResourceW@24이(가) d3dx9.lib(d3dx9_43.dll)에 이미 정의되어 있습니다. 초 정의가 무시됩니다.
d3dx9d.lib(d3dx9d_43.dll) : warning LNK4006: __imp__D3DXPreprocessShaderFromResourceA@24이(가) d3dx9.lib(d3dx9_43.dll)에 이미 정의되어 있습니다. 초 정의가 무시됩니다.
d3dx9d.lib(d3dx9d_43.dll) : warning LNK4006: _D3DXPreprocessShaderFromResourceA@24이(가) d3dx9.lib(d3dx9_43.dll)에 이미 정의되어 있습니다. 초 정의가 무시됩니다.
d3dx9d.lib(d3dx9d_43.dll) : warning LNK4006: __imp__D3DXPreprocessShaderFromFileW@20이(가) d3dx9.lib(d3dx9_43.dll)에 이미 정의되어 있습니다. 초 정의가 무시됩니다.
d3dx9d.lib(d3dx9d_43.dll) : warning LNK4006: _D3DXPreprocessShaderFromFileW@20이(가) d3dx9.lib(d3dx9_43.dll)에 이미 정의되어 있습니다. 초 정의가 무시됩니다.
d3dx9d.lib(d3dx9d_43.dll) : warning LNK4006: __imp__D3DXPreprocessShaderFromFileA@20이(가) d3dx9.lib(d3dx9_43.dll)에 이미 정의되어 있습니다. 초 정의가 무시됩니다.
d3dx9d.lib(d3dx9d_43.dll) : warning LNK4006: _D3DXPreprocessShaderFromFileA@20이(가) d3dx9.lib(d3dx9_43.dll)에 이미 정의되어 있습니다. 초 정의가 무시됩니다.
d3dx9d.lib(d3dx9d_43.dll) : warning LNK4006: __imp__D3DXPreprocessShader@24이(가) d3dx9.lib(d3dx9_43.dll)에 이미 정의되어 있습니다. 초 정의가 무시됩니다.
d3dx9d.lib(d3dx9d_43.dll) : warning LNK4006: _D3DXPreprocessShader@24이(가) d3dx9.lib(d3dx9_43.dll)에 이미 정의되어 있습니다. 초 정의가 무시됩니다.
d3dx9d.lib(d3dx9d_43.dll) : warning LNK4006: __imp__D3DXPlaneTransformArray@24이(가) d3dx9.lib(d3dx9_43.dll)에 이미 정의되어 있습니다. 초 정의가 무시됩니다.
d3dx9d.lib(d3dx9d_43.dll) : warning LNK4006: _D3DXPlaneTransformArray@24이(가) d3dx9.lib(d3dx9_43.dll)에 이미 정의되어 있습니다. 초 정의가 무시됩니다.
d3dx9d.lib(d3dx9d_43.dll) : warning LNK4006: __imp__D3DXPlaneTransform@12이(가) d3dx9.lib(d3dx9_43.dll)에 이미 정의되어 있습니다. 초 정의가 무시됩니다.
d3dx9d.lib(d3dx9d_43.dll) : warning LNK4006: _D3DXPlaneTransform@12이(가) d3dx9.lib(d3dx9_43.dll)에 이미 정의되어 있습니다. 초 정의가 무시됩니다.
d3dx9d.lib(d3dx9d_43.dll) : warning LNK4006: __imp__D3DXPlaneNormalize@8이(가) d3dx9.lib(d3dx9_43.dll)에 이미 정의되어 있습니다. 초 정의가 무시됩니다.
d3dx9d.lib(d3dx9d_43.dll) : warning LNK4006: _D3DXPlaneNormalize@8이(가) d3dx9.lib(d3dx9_43.dll)에 이미 정의되어 있습니다. 초 정의가 무시됩니다.
d3dx9d.lib(d3dx9d_43.dll) : warning LNK4006: __imp__D3DXPlaneIntersectLine@16이(가) d3dx9.lib(d3dx9_43.dll)에 이미 정의되어 있습니다. 초 정의가 무시됩니다.
d3dx9d.lib(d3dx9d_43.dll) : warning LNK4006: _D3DXPlaneIntersectLine@16이(가) d3dx9.lib(d3dx9_43.dll)에 이미 정의되어 있습니다. 초 정의가 무시됩니다.
d3dx9d.lib(d3dx9d_43.dll) : warning LNK4006: __imp__D3DXPlaneFromPoints@16이(가) d3dx9.lib(d3dx9_43.dll)에 이미 정의되어 있습니다. 초 정의가 무시됩니다.
d3dx9d.lib(d3dx9d_43.dll) : warning LNK4006: _D3DXPlaneFromPoints@16이(가) d3dx9.lib(d3dx9_43.dll)에 이미 정의되어 있습니다. 초 정의가 무시됩니다.
d3dx9d.lib(d3dx9d_43.dll) : warning LNK4006: __imp__D3DXPlaneFromPointNormal@12이(가) d3dx9.lib(d3dx9_43.dll)에 이미 정의되어 있습니다. 초 정의가 무시됩니다.
d3dx9d.lib(d3dx9d_43.dll) : warning LNK4006: _D3DXPlaneFromPointNormal@12이(가) d3dx9.lib(d3dx9_43.dll)에 이미 정의되어 있습니다. 초 정의가 무시됩니다.
d3dx9d.lib(d3dx9d_43.dll) : warning LNK4006: __imp__D3DXOptimizeVertices@20이(가) d3dx9.lib(d3dx9_43.dll)에 이미 정의되어 있습니다. 초 정의가 무시됩니다.
d3dx9d.lib(d3dx9d_43.dll) : warning LNK4006: _D3DXOptimizeVertices@20이(가) d3dx9.lib(d3dx9_43.dll)에 이미 정의되어 있습니다. 초 정의가 무시됩니다.
d3dx9d.lib(d3dx9d_43.dll) : warning LNK4006: __imp__D3DXOptimizeFaces@20이(가) d3dx9.lib(d3dx9_43.dll)에 이미 정의되어 있습니다. 초 정의가 무시됩니다.
d3dx9d.lib(d3dx9d_43.dll) : warning LNK4006: _D3DXOptimizeFaces@20이(가) d3dx9.lib(d3dx9_43.dll)에 이미 정의되어 있습니다. 초 정의가 무시됩니다.
d3dx9d.lib(d3dx9d_43.dll) : warning LNK4006: __imp__D3DXMatrixTranspose@8이(가) d3dx9.lib(d3dx9_43.dll)에 이미 정의되어 있습니다. 초 정의가 무시됩니다.
d3dx9d.lib(d3dx9d_43.dll) : warning LNK4006: _D3DXMatrixTranspose@8이(가) d3dx9.lib(d3dx9_43.dll)에 이미 정의되어 있습니다. 초 정의가 무시됩니다.
d3dx9d.lib(d3dx9d_43.dll) : warning LNK4006: __imp__D3DXMatrixTranslation@16이(가) d3dx9.lib(d3dx9_43.dll)에 이미 정의되어 있습니다. 초 정의가 무시됩니다.
d3dx9d.lib(d3dx9d_43.dll) : warning LNK4006: _D3DXMatrixTranslation@16이(가) d3dx9.lib(d3dx9_43.dll)에 이미 정의되어 있습니다. 초 정의가 무시됩니다.
d3dx9d.lib(d3dx9d_43.dll) : warning LNK4006: __imp__D3DXMatrixTransformation@28이(가) d3dx9.lib(d3dx9_43.dll)에 이미 정의되어 있습니다. 초 정의가 무시됩니다.
d3dx9d.lib(d3dx9d_43.dll) : warning LNK4006: _D3DXMatrixTransformation@28이(가) d3dx9.lib(d3dx9_43.dll)에 이미 정의되어 있습니다. 초 정의가 무시됩니다.
d3dx9d.lib(d3dx9d_43.dll) : warning LNK4006: __imp__D3DXMatrixTransformation2D@28이(가) d3dx9.lib(d3dx9_43.dll)에 이미 정의되어 있습니다. 초 정의가 무시됩니다.
d3dx9d.lib(d3dx9d_43.dll) : warning LNK4006: _D3DXMatrixTransformation2D@28이(가) d3dx9.lib(d3dx9_43.dll)에 이미 정의되어 있습니다. 초 정의가 무시됩니다.
d3dx9d.lib(d3dx9d_43.dll) : warning LNK4006: __imp__D3DXMatrixShadow@12이(가) d3dx9.lib(d3dx9_43.dll)에 이미 정의되어 있습니다. 초 정의가 무시됩니다.
d3dx9d.lib(d3dx9d_43.dll) : warning LNK4006: _D3DXMatrixShadow@12이(가) d3dx9.lib(d3dx9_43.dll)에 이미 정의되어 있습니다. 초 정의가 무시됩니다.
d3dx9d.lib(d3dx9d_43.dll) : warning LNK4006: __imp__D3DXMatrixScaling@16이(가) d3dx9.lib(d3dx9_43.dll)에 이미 정의되어 있습니다. 초 정의가 무시됩니다.
d3dx9d.lib(d3dx9d_43.dll) : warning LNK4006: _D3DXMatrixScaling@16이(가) d3dx9.lib(d3dx9_43.dll)에 이미 정의되어 있습니다. 초 정의가 무시됩니다.
d3dx9d.lib(d3dx9d_43.dll) : warning LNK4006: __imp__D3DXMatrixRotationZ@8이(가) d3dx9.lib(d3dx9_43.dll)에 이미 정의되어 있습니다. 초 정의가 무시됩니다.
d3dx9d.lib(d3dx9d_43.dll) : warning LNK4006: _D3DXMatrixRotationZ@8이(가) d3dx9.lib(d3dx9_43.dll)에 이미 정의되어 있습니다. 초 정의가 무시됩니다.
d3dx9d.lib(d3dx9d_43.dll) : warning LNK4006: __imp__D3DXMatrixRotationYawPitchRoll@16이(가) d3dx9.lib(d3dx9_43.dll)에 이미 정의되어 있습니다. 초 정의가 무시됩니다.
d3dx9d.lib(d3dx9d_43.dll) : warning LNK4006: _D3DXMatrixRotationYawPitchRoll@16이(가) d3dx9.lib(d3dx9_43.dll)에 이미 정의되어 있습니다. 초 정의가 무시됩니다.
d3dx9d.lib(d3dx9d_43.dll) : warning LNK4006: __imp__D3DXMatrixRotationY@8이(가) d3dx9.lib(d3dx9_43.dll)에 이미 정의되어 있습니다. 초 정의가 무시됩니다.
d3dx9d.lib(d3dx9d_43.dll) : warning LNK4006: _D3DXMatrixRotationY@8이(가) d3dx9.lib(d3dx9_43.dll)에 이미 정의되어 있습니다. 초 정의가 무시됩니다.
d3dx9d.lib(d3dx9d_43.dll) : warning LNK4006: __imp__D3DXMatrixRotationX@8이(가) d3dx9.lib(d3dx9_43.dll)에 이미 정의되어 있습니다. 초 정의가 무시됩니다.
d3dx9d.lib(d3dx9d_43.dll) : warning LNK4006: _D3DXMatrixRotationX@8이(가) d3dx9.lib(d3dx9_43.dll)에 이미 정의되어 있습니다. 초 정의가 무시됩니다.
d3dx9d.lib(d3dx9d_43.dll) : warning LNK4006: __imp__D3DXMatrixRotationQuaternion@8이(가) d3dx9.lib(d3dx9_43.dll)에 이미 정의되어 있습니다. 초 정의가 무시됩니다.
d3dx9d.lib(d3dx9d_43.dll) : warning LNK4006: _D3DXMatrixRotationQuaternion@8이(가) d3dx9.lib(d3dx9_43.dll)에 이미 정의되어 있습니다. 초 정의가 무시됩니다.
d3dx9d.lib(d3dx9d_43.dll) : warning LNK4006: __imp__D3DXMatrixRotationAxis@12이(가) d3dx9.lib(d3dx9_43.dll)에 이미 정의되어 있습니다. 초 정의가 무시됩니다.
d3dx9d.lib(d3dx9d_43.dll) : warning LNK4006: _D3DXMatrixRotationAxis@12이(가) d3dx9.lib(d3dx9_43.dll)에 이미 정의되어 있습니다. 초 정의가 무시됩니다.
d3dx9d.lib(d3dx9d_43.dll) : warning LNK4006: __imp__D3DXMatrixReflect@8이(가) d3dx9.lib(d3dx9_43.dll)에 이미 정의되어 있습니다. 초 정의가 무시됩니다.
d3dx9d.lib(d3dx9d_43.dll) : warning LNK4006: _D3DXMatrixReflect@8이(가) d3dx9.lib(d3dx9_43.dll)에 이미 정의되어 있습니다. 초 정의가 무시됩니다.
d3dx9d.lib(d3dx9d_43.dll) : warning LNK4006: __imp__D3DXMatrixPerspectiveRH@20이(가) d3dx9.lib(d3dx9_43.dll)에 이미 정의되어 있습니다. 초 정의가 무시됩니다.
d3dx9d.lib(d3dx9d_43.dll) : warning LNK4006: _D3DXMatrixPerspectiveRH@20이(가) d3dx9.lib(d3dx9_43.dll)에 이미 정의되어 있습니다. 초 정의가 무시됩니다.
d3dx9d.lib(d3dx9d_43.dll) : warning LNK4006: __imp__D3DXMatrixPerspectiveOffCenterRH@28이(가) d3dx9.lib(d3dx9_43.dll)에 이미 정의되어 있습니다. 초 정의가 무시됩니다.
d3dx9d.lib(d3dx9d_43.dll) : warning LNK4006: _D3DXMatrixPerspectiveOffCenterRH@28이(가) d3dx9.lib(d3dx9_43.dll)에 이미 정의되어 있습니다. 초 정의가 무시됩니다.
d3dx9d.lib(d3dx9d_43.dll) : warning LNK4006: __imp__D3DXMatrixPerspectiveOffCenterLH@28이(가) d3dx9.lib(d3dx9_43.dll)에 이미 정의되어 있습니다. 초 정의가 무시됩니다.
d3dx9d.lib(d3dx9d_43.dll) : warning LNK4006: _D3DXMatrixPerspectiveOffCenterLH@28이(가) d3dx9.lib(d3dx9_43.dll)에 이미 정의되어 있습니다. 초 정의가 무시됩니다.
d3dx9d.lib(d3dx9d_43.dll) : warning LNK4006: __imp__D3DXMatrixPerspectiveLH@20이(가) d3dx9.lib(d3dx9_43.dll)에 이미 정의되어 있습니다. 초 정의가 무시됩니다.
d3dx9d.lib(d3dx9d_43.dll) : warning LNK4006: _D3DXMatrixPerspectiveLH@20이(가) d3dx9.lib(d3dx9_43.dll)에 이미 정의되어 있습니다. 초 정의가 무시됩니다.
d3dx9d.lib(d3dx9d_43.dll) : warning LNK4006: __imp__D3DXMatrixPerspectiveFovRH@20이(가) d3dx9.lib(d3dx9_43.dll)에 이미 정의되어 있습니다. 초 정의가 무시됩니다.
d3dx9d.lib(d3dx9d_43.dll) : warning LNK4006: _D3DXMatrixPerspectiveFovRH@20이(가) d3dx9.lib(d3dx9_43.dll)에 이미 정의되어 있습니다. 초 정의가 무시됩니다.
d3dx9d.lib(d3dx9d_43.dll) : warning LNK4006: __imp__D3DXMatrixPerspectiveFovLH@20이(가) d3dx9.lib(d3dx9_43.dll)에 이미 정의되어 있습니다. 초 정의가 무시됩니다.
d3dx9d.lib(d3dx9d_43.dll) : warning LNK4006: _D3DXMatrixPerspectiveFovLH@20이(가) d3dx9.lib(d3dx9_43.dll)에 이미 정의되어 있습니다. 초 정의가 무시됩니다.
d3dx9d.lib(d3dx9d_43.dll) : warning LNK4006: __imp__D3DXMatrixOrthoRH@20이(가) d3dx9.lib(d3dx9_43.dll)에 이미 정의되어 있습니다. 초 정의가 무시됩니다.
d3dx9d.lib(d3dx9d_43.dll) : warning LNK4006: _D3DXMatrixOrthoRH@20이(가) d3dx9.lib(d3dx9_43.dll)에 이미 정의되어 있습니다. 초 정의가 무시됩니다.
d3dx9d.lib(d3dx9d_43.dll) : warning LNK4006: __imp__D3DXMatrixOrthoOffCenterRH@28이(가) d3dx9.lib(d3dx9_43.dll)에 이미 정의되어 있습니다. 초 정의가 무시됩니다.
d3dx9d.lib(d3dx9d_43.dll) : warning LNK4006: _D3DXMatrixOrthoOffCenterRH@28이(가) d3dx9.lib(d3dx9_43.dll)에 이미 정의되어 있습니다. 초 정의가 무시됩니다.
d3dx9d.lib(d3dx9d_43.dll) : warning LNK4006: __imp__D3DXMatrixOrthoOffCenterLH@28이(가) d3dx9.lib(d3dx9_43.dll)에 이미 정의되어 있습니다. 초 정의가 무시됩니다.
d3dx9d.lib(d3dx9d_43.dll) : warning LNK4006: _D3DXMatrixOrthoOffCenterLH@28이(가) d3dx9.lib(d3dx9_43.dll)에 이미 정의되어 있습니다. 초 정의가 무시됩니다.
d3dx9d.lib(d3dx9d_43.dll) : warning LNK4006: __imp__D3DXMatrixOrthoLH@20이(가) d3dx9.lib(d3dx9_43.dll)에 이미 정의되어 있습니다. 초 정의가 무시됩니다.
d3dx9d.lib(d3dx9d_43.dll) : warning LNK4006: _D3DXMatrixOrthoLH@20이(가) d3dx9.lib(d3dx9_43.dll)에 이미 정의되어 있습니다. 초 정의가 무시됩니다.
d3dx9d.lib(d3dx9d_43.dll) : warning LNK4006: __imp__D3DXMatrixMultiplyTranspose@12이(가) d3dx9.lib(d3dx9_43.dll)에 이미 정의되어 있습니다. 초 정의가 무시됩니다.
d3dx9d.lib(d3dx9d_43.dll) : warning LNK4006: _D3DXMatrixMultiplyTranspose@12이(가) d3dx9.lib(d3dx9_43.dll)에 이미 정의되어 있습니다. 초 정의가 무시됩니다.
d3dx9d.lib(d3dx9d_43.dll) : warning LNK4006: __imp__D3DXMatrixMultiply@12이(가) d3dx9.lib(d3dx9_43.dll)에 이미 정의되어 있습니다. 초 정의가 무시됩니다.
d3dx9d.lib(d3dx9d_43.dll) : warning LNK4006: _D3DXMatrixMultiply@12이(가) d3dx9.lib(d3dx9_43.dll)에 이미 정의되어 있습니다. 초 정의가 무시됩니다.
d3dx9d.lib(d3dx9d_43.dll) : warning LNK4006: __imp__D3DXMatrixLookAtRH@16이(가) d3dx9.lib(d3dx9_43.dll)에 이미 정의되어 있습니다. 초 정의가 무시됩니다.
d3dx9d.lib(d3dx9d_43.dll) : warning LNK4006: _D3DXMatrixLookAtRH@16이(가) d3dx9.lib(d3dx9_43.dll)에 이미 정의되어 있습니다. 초 정의가 무시됩니다.
d3dx9d.lib(d3dx9d_43.dll) : warning LNK4006: __imp__D3DXMatrixLookAtLH@16이(가) d3dx9.lib(d3dx9_43.dll)에 이미 정의되어 있습니다. 초 정의가 무시됩니다.
d3dx9d.lib(d3dx9d_43.dll) : warning LNK4006: _D3DXMatrixLookAtLH@16이(가) d3dx9.lib(d3dx9_43.dll)에 이미 정의되어 있습니다. 초 정의가 무시됩니다.
d3dx9d.lib(d3dx9d_43.dll) : warning LNK4006: __imp__D3DXMatrixInverse@12이(가) d3dx9.lib(d3dx9_43.dll)에 이미 정의되어 있습니다. 초 정의가 무시됩니다.
d3dx9d.lib(d3dx9d_43.dll) : warning LNK4006: _D3DXMatrixInverse@12이(가) d3dx9.lib(d3dx9_43.dll)에 이미 정의되어 있습니다. 초 정의가 무시됩니다.
d3dx9d.lib(d3dx9d_43.dll) : warning LNK4006: __imp__D3DXMatrixDeterminant@4이(가) d3dx9.lib(d3dx9_43.dll)에 이미 정의되어 있습니다. 초 정의가 무시됩니다.
d3dx9d.lib(d3dx9d_43.dll) : warning LNK4006: _D3DXMatrixDeterminant@4이(가) d3dx9.lib(d3dx9_43.dll)에 이미 정의되어 있습니다. 초 정의가 무시됩니다.
d3dx9d.lib(d3dx9d_43.dll) : warning LNK4006: __imp__D3DXMatrixDecompose@16이(가) d3dx9.lib(d3dx9_43.dll)에 이미 정의되어 있습니다. 초 정의가 무시됩니다.
d3dx9d.lib(d3dx9d_43.dll) : warning LNK4006: _D3DXMatrixDecompose@16이(가) d3dx9.lib(d3dx9_43.dll)에 이미 정의되어 있습니다. 초 정의가 무시됩니다.
d3dx9d.lib(d3dx9d_43.dll) : warning LNK4006: __imp__D3DXMatrixAffineTransformation@20이(가) d3dx9.lib(d3dx9_43.dll)에 이미 정의되어 있습니다. 초 정의가 무시됩니다.
d3dx9d.lib(d3dx9d_43.dll) : warning LNK4006: _D3DXMatrixAffineTransformation@20이(가) d3dx9.lib(d3dx9_43.dll)에 이미 정의되어 있습니다. 초 정의가 무시됩니다.
d3dx9d.lib(d3dx9d_43.dll) : warning LNK4006: __imp__D3DXMatrixAffineTransformation2D@20이(가) d3dx9.lib(d3dx9_43.dll)에 이미 정의되어 있습니다. 초 정의가 무시됩니다.
d3dx9d.lib(d3dx9d_43.dll) : warning LNK4006: _D3DXMatrixAffineTransformation2D@20이(가) d3dx9.lib(d3dx9_43.dll)에 이미 정의되어 있습니다. 초 정의가 무시됩니다.
d3dx9d.lib(d3dx9d_43.dll) : warning LNK4006: __imp__D3DXLoadVolumeFromVolume@32이(가) d3dx9.lib(d3dx9_43.dll)에 이미 정의되어 있습니다. 초 정의가 무시됩니다.
d3dx9d.lib(d3dx9d_43.dll) : warning LNK4006: _D3DXLoadVolumeFromVolume@32이(가) d3dx9.lib(d3dx9_43.dll)에 이미 정의되어 있습니다. 초 정의가 무시됩니다.
d3dx9d.lib(d3dx9d_43.dll) : warning LNK4006: __imp__D3DXLoadVolumeFromResourceW@36이(가) d3dx9.lib(d3dx9_43.dll)에 이미 정의되어 있습니다. 초 정의가 무시됩니다.
d3dx9d.lib(d3dx9d_43.dll) : warning LNK4006: _D3DXLoadVolumeFromResourceW@36이(가) d3dx9.lib(d3dx9_43.dll)에 이미 정의되어 있습니다. 초 정의가 무시됩니다.
d3dx9d.lib(d3dx9d_43.dll) : warning LNK4006: __imp__D3DXLoadVolumeFromResourceA@36이(가) d3dx9.lib(d3dx9_43.dll)에 이미 정의되어 있습니다. 초 정의가 무시됩니다.
d3dx9d.lib(d3dx9d_43.dll) : warning LNK4006: _D3DXLoadVolumeFromResourceA@36이(가) d3dx9.lib(d3dx9_43.dll)에 이미 정의되어 있습니다. 초 정의가 무시됩니다.
d3dx9d.lib(d3dx9d_43.dll) : warning LNK4006: __imp__D3DXLoadVolumeFromMemory@44이(가) d3dx9.lib(d3dx9_43.dll)에 이미 정의되어 있습니다. 초 정의가 무시됩니다.
d3dx9d.lib(d3dx9d_43.dll) : warning LNK4006: _D3DXLoadVolumeFromMemory@44이(가) d3dx9.lib(d3dx9_43.dll)에 이미 정의되어 있습니다. 초 정의가 무시됩니다.
d3dx9d.lib(d3dx9d_43.dll) : warning LNK4006: __imp__D3DXLoadVolumeFromFileW@32이(가) d3dx9.lib(d3dx9_43.dll)에 이미 정의되어 있습니다. 초 정의가 무시됩니다.
d3dx9d.lib(d3dx9d_43.dll) : warning LNK4006: _D3DXLoadVolumeFromFileW@32이(가) d3dx9.lib(d3dx9_43.dll)에 이미 정의되어 있습니다. 초 정의가 무시됩니다.
d3dx9d.lib(d3dx9d_43.dll) : warning LNK4006: __imp__D3DXLoadVolumeFromFileInMemory@36이(가) d3dx9.lib(d3dx9_43.dll)에 이미 정의되어 있습니다. 초 정의가 무시됩니다.
d3dx9d.lib(d3dx9d_43.dll) : warning LNK4006: _D3DXLoadVolumeFromFileInMemory@36이(가) d3dx9.lib(d3dx9_43.dll)에 이미 정의되어 있습니다. 초 정의가 무시됩니다.
d3dx9d.lib(d3dx9d_43.dll) : warning LNK4006: __imp__D3DXLoadVolumeFromFileA@32이(가) d3dx9.lib(d3dx9_43.dll)에 이미 정의되어 있습니다. 초 정의가 무시됩니다.
d3dx9d.lib(d3dx9d_43.dll) : warning LNK4006: _D3DXLoadVolumeFromFileA@32이(가) d3dx9.lib(d3dx9_43.dll)에 이미 정의되어 있습니다. 초 정의가 무시됩니다.
d3dx9d.lib(d3dx9d_43.dll) : warning LNK4006: __imp__D3DXLoadSurfaceFromSurface@32이(가) d3dx9.lib(d3dx9_43.dll)에 이미 정의되어 있습니다. 초 정의가 무시됩니다.
d3dx9d.lib(d3dx9d_43.dll) : warning LNK4006: _D3DXLoadSurfaceFromSurface@32이(가) d3dx9.lib(d3dx9_43.dll)에 이미 정의되어 있습니다. 초 정의가 무시됩니다.
d3dx9d.lib(d3dx9d_43.dll) : warning LNK4006: __imp__D3DXLoadSurfaceFromResourceW@36이(가) d3dx9.lib(d3dx9_43.dll)에 이미 정의되어 있습니다. 초 정의가 무시됩니다.
d3dx9d.lib(d3dx9d_43.dll) : warning LNK4006: _D3DXLoadSurfaceFromResourceW@36이(가) d3dx9.lib(d3dx9_43.dll)에 이미 정의되어 있습니다. 초 정의가 무시됩니다.
d3dx9d.lib(d3dx9d_43.dll) : warning LNK4006: __imp__D3DXLoadSurfaceFromResourceA@36이(가) d3dx9.lib(d3dx9_43.dll)에 이미 정의되어 있습니다. 초 정의가 무시됩니다.
d3dx9d.lib(d3dx9d_43.dll) : warning LNK4006: _D3DXLoadSurfaceFromResourceA@36이(가) d3dx9.lib(d3dx9_43.dll)에 이미 정의되어 있습니다. 초 정의가 무시됩니다.
d3dx9d.lib(d3dx9d_43.dll) : warning LNK4006: __imp__D3DXLoadSurfaceFromMemory@40이(가) d3dx9.lib(d3dx9_43.dll)에 이미 정의되어 있습니다. 초 정의가 무시됩니다.
d3dx9d.lib(d3dx9d_43.dll) : warning LNK4006: _D3DXLoadSurfaceFromMemory@40이(가) d3dx9.lib(d3dx9_43.dll)에 이미 정의되어 있습니다. 초 정의가 무시됩니다.
d3dx9d.lib(d3dx9d_43.dll) : warning LNK4006: __imp__D3DXLoadSurfaceFromFileW@32이(가) d3dx9.lib(d3dx9_43.dll)에 이미 정의되어 있습니다. 초 정의가 무시됩니다.
d3dx9d.lib(d3dx9d_43.dll) : warning LNK4006: _D3DXLoadSurfaceFromFileW@32이(가) d3dx9.lib(d3dx9_43.dll)에 이미 정의되어 있습니다. 초 정의가 무시됩니다.
d3dx9d.lib(d3dx9d_43.dll) : warning LNK4006: __imp__D3DXLoadSurfaceFromFileInMemory@36이(가) d3dx9.lib(d3dx9_43.dll)에 이미 정의되어 있습니다. 초 정의가 무시됩니다.
d3dx9d.lib(d3dx9d_43.dll) : warning LNK4006: _D3DXLoadSurfaceFromFileInMemory@36이(가) d3dx9.lib(d3dx9_43.dll)에 이미 정의되어 있습니다. 초 정의가 무시됩니다.
d3dx9d.lib(d3dx9d_43.dll) : warning LNK4006: __imp__D3DXLoadSurfaceFromFileA@32이(가) d3dx9.lib(d3dx9_43.dll)에 이미 정의되어 있습니다. 초 정의가 무시됩니다.
d3dx9d.lib(d3dx9d_43.dll) : warning LNK4006: _D3DXLoadSurfaceFromFileA@32이(가) d3dx9.lib(d3dx9_43.dll)에 이미 정의되어 있습니다. 초 정의가 무시됩니다.
d3dx9d.lib(d3dx9d_43.dll) : warning LNK4006: __imp__D3DXLoadSkinMeshFromXof@36이(가) d3dx9.lib(d3dx9_43.dll)에 이미 정의되어 있습니다. 초 정의가 무시됩니다.
d3dx9d.lib(d3dx9d_43.dll) : warning LNK4006: _D3DXLoadSkinMeshFromXof@36이(가) d3dx9.lib(d3dx9_43.dll)에 이미 정의되어 있습니다. 초 정의가 무시됩니다.
d3dx9d.lib(d3dx9d_43.dll) : warning LNK4006: __imp__D3DXLoadPatchMeshFromXof@28이(가) d3dx9.lib(d3dx9_43.dll)에 이미 정의되어 있습니다. 초 정의가 무시됩니다.
d3dx9d.lib(d3dx9d_43.dll) : warning LNK4006: _D3DXLoadPatchMeshFromXof@28이(가) d3dx9.lib(d3dx9_43.dll)에 이미 정의되어 있습니다. 초 정의가 무시됩니다.
d3dx9d.lib(d3dx9d_43.dll) : warning LNK4006: __imp__D3DXLoadPRTCompBufferFromFileW@8이(가) d3dx9.lib(d3dx9_43.dll)에 이미 정의되어 있습니다. 초 정의가 무시됩니다.
d3dx9d.lib(d3dx9d_43.dll) : warning LNK4006: _D3DXLoadPRTCompBufferFromFileW@8이(가) d3dx9.lib(d3dx9_43.dll)에 이미 정의되어 있습니다. 초 정의가 무시됩니다.
d3dx9d.lib(d3dx9d_43.dll) : warning LNK4006: __imp__D3DXLoadPRTCompBufferFromFileA@8이(가) d3dx9.lib(d3dx9_43.dll)에 이미 정의되어 있습니다. 초 정의가 무시됩니다.
d3dx9d.lib(d3dx9d_43.dll) : warning LNK4006: _D3DXLoadPRTCompBufferFromFileA@8이(가) d3dx9.lib(d3dx9_43.dll)에 이미 정의되어 있습니다. 초 정의가 무시됩니다.
d3dx9d.lib(d3dx9d_43.dll) : warning LNK4006: __imp__D3DXLoadPRTBufferFromFileW@8이(가) d3dx9.lib(d3dx9_43.dll)에 이미 정의되어 있습니다. 초 정의가 무시됩니다.
d3dx9d.lib(d3dx9d_43.dll) : warning LNK4006: _D3DXLoadPRTBufferFromFileW@8이(가) d3dx9.lib(d3dx9_43.dll)에 이미 정의되어 있습니다. 초 정의가 무시됩니다.
d3dx9d.lib(d3dx9d_43.dll) : warning LNK4006: __imp__D3DXLoadPRTBufferFromFileA@8이(가) d3dx9.lib(d3dx9_43.dll)에 이미 정의되어 있습니다. 초 정의가 무시됩니다.
d3dx9d.lib(d3dx9d_43.dll) : warning LNK4006: _D3DXLoadPRTBufferFromFileA@8이(가) d3dx9.lib(d3dx9_43.dll)에 이미 정의되어 있습니다. 초 정의가 무시됩니다.
d3dx9d.lib(d3dx9d_43.dll) : warning LNK4006: __imp__D3DXLoadMeshHierarchyFromXW@28이(가) d3dx9.lib(d3dx9_43.dll)에 이미 정의되어 있습니다. 초 정의가 무시됩니다.
d3dx9d.lib(d3dx9d_43.dll) : warning LNK4006: _D3DXLoadMeshHierarchyFromXW@28이(가) d3dx9.lib(d3dx9_43.dll)에 이미 정의되어 있습니다. 초 정의가 무시됩니다.
d3dx9d.lib(d3dx9d_43.dll) : warning LNK4006: __imp__D3DXLoadMeshHierarchyFromXInMemory@32이(가) d3dx9.lib(d3dx9_43.dll)에 이미 정의되어 있습니다. 초 정의가 무시됩니다.
d3dx9d.lib(d3dx9d_43.dll) : warning LNK4006: _D3DXLoadMeshHierarchyFromXInMemory@32이(가) d3dx9.lib(d3dx9_43.dll)에 이미 정의되어 있습니다. 초 정의가 무시됩니다.
d3dx9d.lib(d3dx9d_43.dll) : warning LNK4006: __imp__D3DXLoadMeshHierarchyFromXA@28이(가) d3dx9.lib(d3dx9_43.dll)에 이미 정의되어 있습니다. 초 정의가 무시됩니다.
d3dx9d.lib(d3dx9d_43.dll) : warning LNK4006: _D3DXLoadMeshHierarchyFromXA@28이(가) d3dx9.lib(d3dx9_43.dll)에 이미 정의되어 있습니다. 초 정의가 무시됩니다.
d3dx9d.lib(d3dx9d_43.dll) : warning LNK4006: __imp__D3DXLoadMeshFromXof@32이(가) d3dx9.lib(d3dx9_43.dll)에 이미 정의되어 있습니다. 초 정의가 무시됩니다.
d3dx9d.lib(d3dx9d_43.dll) : warning LNK4006: _D3DXLoadMeshFromXof@32이(가) d3dx9.lib(d3dx9_43.dll)에 이미 정의되어 있습니다. 초 정의가 무시됩니다.
d3dx9d.lib(d3dx9d_43.dll) : warning LNK4006: __imp__D3DXLoadMeshFromXW@32이(가) d3dx9.lib(d3dx9_43.dll)에 이미 정의되어 있습니다. 초 정의가 무시됩니다.
d3dx9d.lib(d3dx9d_43.dll) : warning LNK4006: _D3DXLoadMeshFromXW@32이(가) d3dx9.lib(d3dx9_43.dll)에 이미 정의되어 있습니다. 초 정의가 무시됩니다.
d3dx9d.lib(d3dx9d_43.dll) : warning LNK4006: __imp__D3DXLoadMeshFromXResource@40이(가) d3dx9.lib(d3dx9_43.dll)에 이미 정의되어 있습니다. 초 정의가 무시됩니다.
d3dx9d.lib(d3dx9d_43.dll) : warning LNK4006: _D3DXLoadMeshFromXResource@40이(가) d3dx9.lib(d3dx9_43.dll)에 이미 정의되어 있습니다. 초 정의가 무시됩니다.
d3dx9d.lib(d3dx9d_43.dll) : warning LNK4006: __imp__D3DXLoadMeshFromXInMemory@36이(가) d3dx9.lib(d3dx9_43.dll)에 이미 정의되어 있습니다. 초 정의가 무시됩니다.
d3dx9d.lib(d3dx9d_43.dll) : warning LNK4006: _D3DXLoadMeshFromXInMemory@36이(가) d3dx9.lib(d3dx9_43.dll)에 이미 정의되어 있습니다. 초 정의가 무시됩니다.
d3dx9d.lib(d3dx9d_43.dll) : warning LNK4006: __imp__D3DXLoadMeshFromXA@32이(가) d3dx9.lib(d3dx9_43.dll)에 이미 정의되어 있습니다. 초 정의가 무시됩니다.
d3dx9d.lib(d3dx9d_43.dll) : warning LNK4006: _D3DXLoadMeshFromXA@32이(가) d3dx9.lib(d3dx9_43.dll)에 이미 정의되어 있습니다. 초 정의가 무시됩니다.
d3dx9d.lib(d3dx9d_43.dll) : warning LNK4006: __imp__D3DXIntersectTri@32이(가) d3dx9.lib(d3dx9_43.dll)에 이미 정의되어 있습니다. 초 정의가 무시됩니다.
d3dx9d.lib(d3dx9d_43.dll) : warning LNK4006: _D3DXIntersectTri@32이(가) d3dx9.lib(d3dx9_43.dll)에 이미 정의되어 있습니다. 초 정의가 무시됩니다.
d3dx9d.lib(d3dx9d_43.dll) : warning LNK4006: __imp__D3DXIntersectSubset@44이(가) d3dx9.lib(d3dx9_43.dll)에 이미 정의되어 있습니다. 초 정의가 무시됩니다.
d3dx9d.lib(d3dx9d_43.dll) : warning LNK4006: _D3DXIntersectSubset@44이(가) d3dx9.lib(d3dx9_43.dll)에 이미 정의되어 있습니다. 초 정의가 무시됩니다.
d3dx9d.lib(d3dx9d_43.dll) : warning LNK4006: __imp__D3DXIntersect@40이(가) d3dx9.lib(d3dx9_43.dll)에 이미 정의되어 있습니다. 초 정의가 무시됩니다.
d3dx9d.lib(d3dx9d_43.dll) : warning LNK4006: _D3DXIntersect@40이(가) d3dx9.lib(d3dx9_43.dll)에 이미 정의되어 있습니다. 초 정의가 무시됩니다.
d3dx9d.lib(d3dx9d_43.dll) : warning LNK4006: __imp__D3DXGetVertexShaderProfile@4이(가) d3dx9.lib(d3dx9_43.dll)에 이미 정의되어 있습니다. 초 정의가 무시됩니다.
d3dx9d.lib(d3dx9d_43.dll) : warning LNK4006: _D3DXGetVertexShaderProfile@4이(가) d3dx9.lib(d3dx9_43.dll)에 이미 정의되어 있습니다. 초 정의가 무시됩니다.
d3dx9d.lib(d3dx9d_43.dll) : warning LNK4006: __imp__D3DXGetShaderVersion@4이(가) d3dx9.lib(d3dx9_43.dll)에 이미 정의되어 있습니다. 초 정의가 무시됩니다.
d3dx9d.lib(d3dx9d_43.dll) : warning LNK4006: _D3DXGetShaderVersion@4이(가) d3dx9.lib(d3dx9_43.dll)에 이미 정의되어 있습니다. 초 정의가 무시됩니다.
d3dx9d.lib(d3dx9d_43.dll) : warning LNK4006: __imp__D3DXGetShaderSize@4이(가) d3dx9.lib(d3dx9_43.dll)에 이미 정의되어 있습니다. 초 정의가 무시됩니다.
d3dx9d.lib(d3dx9d_43.dll) : warning LNK4006: _D3DXGetShaderSize@4이(가) d3dx9.lib(d3dx9_43.dll)에 이미 정의되어 있습니다. 초 정의가 무시됩니다.
d3dx9d.lib(d3dx9d_43.dll) : warning LNK4006: __imp__D3DXGetShaderSamplers@12이(가) d3dx9.lib(d3dx9_43.dll)에 이미 정의되어 있습니다. 초 정의가 무시됩니다.
d3dx9d.lib(d3dx9d_43.dll) : warning LNK4006: _D3DXGetShaderSamplers@12이(가) d3dx9.lib(d3dx9_43.dll)에 이미 정의되어 있습니다. 초 정의가 무시됩니다.
d3dx9d.lib(d3dx9d_43.dll) : warning LNK4006: __imp__D3DXGetShaderOutputSemantics@12이(가) d3dx9.lib(d3dx9_43.dll)에 이미 정의되어 있습니다. 초 정의가 무시됩니다.
d3dx9d.lib(d3dx9d_43.dll) : warning LNK4006: _D3DXGetShaderOutputSemantics@12이(가) d3dx9.lib(d3dx9_43.dll)에 이미 정의되어 있습니다. 초 정의가 무시됩니다.
d3dx9d.lib(d3dx9d_43.dll) : warning LNK4006: __imp__D3DXGetShaderInputSemantics@12이(가) d3dx9.lib(d3dx9_43.dll)에 이미 정의되어 있습니다. 초 정의가 무시됩니다.
d3dx9d.lib(d3dx9d_43.dll) : warning LNK4006: _D3DXGetShaderInputSemantics@12이(가) d3dx9.lib(d3dx9_43.dll)에 이미 정의되어 있습니다. 초 정의가 무시됩니다.
d3dx9d.lib(d3dx9d_43.dll) : warning LNK4006: __imp__D3DXGetShaderConstantTableEx@12이(가) d3dx9.lib(d3dx9_43.dll)에 이미 정의되어 있습니다. 초 정의가 무시됩니다.
d3dx9d.lib(d3dx9d_43.dll) : warning LNK4006: _D3DXGetShaderConstantTableEx@12이(가) d3dx9.lib(d3dx9_43.dll)에 이미 정의되어 있습니다. 초 정의가 무시됩니다.
d3dx9d.lib(d3dx9d_43.dll) : warning LNK4006: __imp__D3DXGetShaderConstantTable@8이(가) d3dx9.lib(d3dx9_43.dll)에 이미 정의되어 있습니다. 초 정의가 무시됩니다.
d3dx9d.lib(d3dx9d_43.dll) : warning LNK4006: _D3DXGetShaderConstantTable@8이(가) d3dx9.lib(d3dx9_43.dll)에 이미 정의되어 있습니다. 초 정의가 무시됩니다.
d3dx9d.lib(d3dx9d_43.dll) : warning LNK4006: __imp__D3DXGetPixelShaderProfile@4이(가) d3dx9.lib(d3dx9_43.dll)에 이미 정의되어 있습니다. 초 정의가 무시됩니다.
d3dx9d.lib(d3dx9d_43.dll) : warning LNK4006: _D3DXGetPixelShaderProfile@4이(가) d3dx9.lib(d3dx9_43.dll)에 이미 정의되어 있습니다. 초 정의가 무시됩니다.
d3dx9d.lib(d3dx9d_43.dll) : warning LNK4006: __imp__D3DXGetImageInfoFromResourceW@12이(가) d3dx9.lib(d3dx9_43.dll)에 이미 정의되어 있습니다. 초 정의가 무시됩니다.
d3dx9d.lib(d3dx9d_43.dll) : warning LNK4006: _D3DXGetImageInfoFromResourceW@12이(가) d3dx9.lib(d3dx9_43.dll)에 이미 정의되어 있습니다. 초 정의가 무시됩니다.
d3dx9d.lib(d3dx9d_43.dll) : warning LNK4006: __imp__D3DXGetImageInfoFromResourceA@12이(가) d3dx9.lib(d3dx9_43.dll)에 이미 정의되어 있습니다. 초 정의가 무시됩니다.
d3dx9d.lib(d3dx9d_43.dll) : warning LNK4006: _D3DXGetImageInfoFromResourceA@12이(가) d3dx9.lib(d3dx9_43.dll)에 이미 정의되어 있습니다. 초 정의가 무시됩니다.
d3dx9d.lib(d3dx9d_43.dll) : warning LNK4006: __imp__D3DXGetImageInfoFromFileW@8이(가) d3dx9.lib(d3dx9_43.dll)에 이미 정의되어 있습니다. 초 정의가 무시됩니다.
d3dx9d.lib(d3dx9d_43.dll) : warning LNK4006: _D3DXGetImageInfoFromFileW@8이(가) d3dx9.lib(d3dx9_43.dll)에 이미 정의되어 있습니다. 초 정의가 무시됩니다.
d3dx9d.lib(d3dx9d_43.dll) : warning LNK4006: __imp__D3DXGetImageInfoFromFileInMemory@12이(가) d3dx9.lib(d3dx9_43.dll)에 이미 정의되어 있습니다. 초 정의가 무시됩니다.
d3dx9d.lib(d3dx9d_43.dll) : warning LNK4006: _D3DXGetImageInfoFromFileInMemory@12이(가) d3dx9.lib(d3dx9_43.dll)에 이미 정의되어 있습니다. 초 정의가 무시됩니다.
d3dx9d.lib(d3dx9d_43.dll) : warning LNK4006: __imp__D3DXGetImageInfoFromFileA@8이(가) d3dx9.lib(d3dx9_43.dll)에 이미 정의되어 있습니다. 초 정의가 무시됩니다.
d3dx9d.lib(d3dx9d_43.dll) : warning LNK4006: _D3DXGetImageInfoFromFileA@8이(가) d3dx9.lib(d3dx9_43.dll)에 이미 정의되어 있습니다. 초 정의가 무시됩니다.
d3dx9d.lib(d3dx9d_43.dll) : warning LNK4006: __imp__D3DXGetFVFVertexSize@4이(가) d3dx9.lib(d3dx9_43.dll)에 이미 정의되어 있습니다. 초 정의가 무시됩니다.
d3dx9d.lib(d3dx9d_43.dll) : warning LNK4006: _D3DXGetFVFVertexSize@4이(가) d3dx9.lib(d3dx9_43.dll)에 이미 정의되어 있습니다. 초 정의가 무시됩니다.
d3dx9d.lib(d3dx9d_43.dll) : warning LNK4006: __imp__D3DXGetDriverLevel@4이(가) d3dx9.lib(d3dx9_43.dll)에 이미 정의되어 있습니다. 초 정의가 무시됩니다.
d3dx9d.lib(d3dx9d_43.dll) : warning LNK4006: _D3DXGetDriverLevel@4이(가) d3dx9.lib(d3dx9_43.dll)에 이미 정의되어 있습니다. 초 정의가 무시됩니다.
d3dx9d.lib(d3dx9d_43.dll) : warning LNK4006: __imp__D3DXGetDeclVertexSize@8이(가) d3dx9.lib(d3dx9_43.dll)에 이미 정의되어 있습니다. 초 정의가 무시됩니다.
d3dx9d.lib(d3dx9d_43.dll) : warning LNK4006: _D3DXGetDeclVertexSize@8이(가) d3dx9.lib(d3dx9_43.dll)에 이미 정의되어 있습니다. 초 정의가 무시됩니다.
d3dx9d.lib(d3dx9d_43.dll) : warning LNK4006: __imp__D3DXGetDeclLength@4이(가) d3dx9.lib(d3dx9_43.dll)에 이미 정의되어 있습니다. 초 정의가 무시됩니다.
d3dx9d.lib(d3dx9d_43.dll) : warning LNK4006: _D3DXGetDeclLength@4이(가) d3dx9.lib(d3dx9_43.dll)에 이미 정의되어 있습니다. 초 정의가 무시됩니다.
d3dx9d.lib(d3dx9d_43.dll) : warning LNK4006: __imp__D3DXGeneratePMesh@28이(가) d3dx9.lib(d3dx9_43.dll)에 이미 정의되어 있습니다. 초 정의가 무시됩니다.
d3dx9d.lib(d3dx9d_43.dll) : warning LNK4006: _D3DXGeneratePMesh@28이(가) d3dx9.lib(d3dx9_43.dll)에 이미 정의되어 있습니다. 초 정의가 무시됩니다.
d3dx9d.lib(d3dx9d_43.dll) : warning LNK4006: __imp__D3DXGenerateOutputDecl@8이(가) d3dx9.lib(d3dx9_43.dll)에 이미 정의되어 있습니다. 초 정의가 무시됩니다.
d3dx9d.lib(d3dx9d_43.dll) : warning LNK4006: _D3DXGenerateOutputDecl@8이(가) d3dx9.lib(d3dx9_43.dll)에 이미 정의되어 있습니다. 초 정의가 무시됩니다.
d3dx9d.lib(d3dx9d_43.dll) : warning LNK4006: __imp__D3DXFresnelTerm@8이(가) d3dx9.lib(d3dx9_43.dll)에 이미 정의되어 있습니다. 초 정의가 무시됩니다.
d3dx9d.lib(d3dx9d_43.dll) : warning LNK4006: _D3DXFresnelTerm@8이(가) d3dx9.lib(d3dx9_43.dll)에 이미 정의되어 있습니다. 초 정의가 무시됩니다.
d3dx9d.lib(d3dx9d_43.dll) : warning LNK4006: __imp__D3DXFrameRegisterNamedMatrices@8이(가) d3dx9.lib(d3dx9_43.dll)에 이미 정의되어 있습니다. 초 정의가 무시됩니다.
d3dx9d.lib(d3dx9d_43.dll) : warning LNK4006: _D3DXFrameRegisterNamedMatrices@8이(가) d3dx9.lib(d3dx9_43.dll)에 이미 정의되어 있습니다. 초 정의가 무시됩니다.
d3dx9d.lib(d3dx9d_43.dll) : warning LNK4006: __imp__D3DXFrameNumNamedMatrices@4이(가) d3dx9.lib(d3dx9_43.dll)에 이미 정의되어 있습니다. 초 정의가 무시됩니다.
d3dx9d.lib(d3dx9d_43.dll) : warning LNK4006: _D3DXFrameNumNamedMatrices@4이(가) d3dx9.lib(d3dx9_43.dll)에 이미 정의되어 있습니다. 초 정의가 무시됩니다.
d3dx9d.lib(d3dx9d_43.dll) : warning LNK4006: __imp__D3DXFrameFind@8이(가) d3dx9.lib(d3dx9_43.dll)에 이미 정의되어 있습니다. 초 정의가 무시됩니다.
d3dx9d.lib(d3dx9d_43.dll) : warning LNK4006: _D3DXFrameFind@8이(가) d3dx9.lib(d3dx9_43.dll)에 이미 정의되어 있습니다. 초 정의가 무시됩니다.
d3dx9d.lib(d3dx9d_43.dll) : warning LNK4006: __imp__D3DXFrameDestroy@8이(가) d3dx9.lib(d3dx9_43.dll)에 이미 정의되어 있습니다. 초 정의가 무시됩니다.
d3dx9d.lib(d3dx9d_43.dll) : warning LNK4006: _D3DXFrameDestroy@8이(가) d3dx9.lib(d3dx9_43.dll)에 이미 정의되어 있습니다. 초 정의가 무시됩니다.
d3dx9d.lib(d3dx9d_43.dll) : warning LNK4006: __imp__D3DXFrameCalculateBoundingSphere@12이(가) d3dx9.lib(d3dx9_43.dll)에 이미 정의되어 있습니다. 초 정의가 무시됩니다.
d3dx9d.lib(d3dx9d_43.dll) : warning LNK4006: _D3DXFrameCalculateBoundingSphere@12이(가) d3dx9.lib(d3dx9_43.dll)에 이미 정의되어 있습니다. 초 정의가 무시됩니다.
d3dx9d.lib(d3dx9d_43.dll) : warning LNK4006: __imp__D3DXFrameAppendChild@8이(가) d3dx9.lib(d3dx9_43.dll)에 이미 정의되어 있습니다. 초 정의가 무시됩니다.
d3dx9d.lib(d3dx9d_43.dll) : warning LNK4006: _D3DXFrameAppendChild@8이(가) d3dx9.lib(d3dx9_43.dll)에 이미 정의되어 있습니다. 초 정의가 무시됩니다.
d3dx9d.lib(d3dx9d_43.dll) : warning LNK4006: __imp__D3DXFloat32To16Array@12이(가) d3dx9.lib(d3dx9_43.dll)에 이미 정의되어 있습니다. 초 정의가 무시됩니다.
d3dx9d.lib(d3dx9d_43.dll) : warning LNK4006: _D3DXFloat32To16Array@12이(가) d3dx9.lib(d3dx9_43.dll)에 이미 정의되어 있습니다. 초 정의가 무시됩니다.
d3dx9d.lib(d3dx9d_43.dll) : warning LNK4006: __imp__D3DXFloat16To32Array@12이(가) d3dx9.lib(d3dx9_43.dll)에 이미 정의되어 있습니다. 초 정의가 무시됩니다.
d3dx9d.lib(d3dx9d_43.dll) : warning LNK4006: _D3DXFloat16To32Array@12이(가) d3dx9.lib(d3dx9_43.dll)에 이미 정의되어 있습니다. 초 정의가 무시됩니다.
d3dx9d.lib(d3dx9d_43.dll) : warning LNK4006: __imp__D3DXFindShaderComment@16이(가) d3dx9.lib(d3dx9_43.dll)에 이미 정의되어 있습니다. 초 정의가 무시됩니다.
d3dx9d.lib(d3dx9d_43.dll) : warning LNK4006: _D3DXFindShaderComment@16이(가) d3dx9.lib(d3dx9_43.dll)에 이미 정의되어 있습니다. 초 정의가 무시됩니다.
d3dx9d.lib(d3dx9d_43.dll) : warning LNK4006: __imp__D3DXFilterTexture@16이(가) d3dx9.lib(d3dx9_43.dll)에 이미 정의되어 있습니다. 초 정의가 무시됩니다.
d3dx9d.lib(d3dx9d_43.dll) : warning LNK4006: _D3DXFilterTexture@16이(가) d3dx9.lib(d3dx9_43.dll)에 이미 정의되어 있습니다. 초 정의가 무시됩니다.
d3dx9d.lib(d3dx9d_43.dll) : warning LNK4006: __imp__D3DXFillVolumeTextureTX@8이(가) d3dx9.lib(d3dx9_43.dll)에 이미 정의되어 있습니다. 초 정의가 무시됩니다.
d3dx9d.lib(d3dx9d_43.dll) : warning LNK4006: _D3DXFillVolumeTextureTX@8이(가) d3dx9.lib(d3dx9_43.dll)에 이미 정의되어 있습니다. 초 정의가 무시됩니다.
d3dx9d.lib(d3dx9d_43.dll) : warning LNK4006: __imp__D3DXFillVolumeTexture@12이(가) d3dx9.lib(d3dx9_43.dll)에 이미 정의되어 있습니다. 초 정의가 무시됩니다.
d3dx9d.lib(d3dx9d_43.dll) : warning LNK4006: _D3DXFillVolumeTexture@12이(가) d3dx9.lib(d3dx9_43.dll)에 이미 정의되어 있습니다. 초 정의가 무시됩니다.
d3dx9d.lib(d3dx9d_43.dll) : warning LNK4006: __imp__D3DXFillTextureTX@8이(가) d3dx9.lib(d3dx9_43.dll)에 이미 정의되어 있습니다. 초 정의가 무시됩니다.
d3dx9d.lib(d3dx9d_43.dll) : warning LNK4006: _D3DXFillTextureTX@8이(가) d3dx9.lib(d3dx9_43.dll)에 이미 정의되어 있습니다. 초 정의가 무시됩니다.
d3dx9d.lib(d3dx9d_43.dll) : warning LNK4006: __imp__D3DXFillTexture@12이(가) d3dx9.lib(d3dx9_43.dll)에 이미 정의되어 있습니다. 초 정의가 무시됩니다.
d3dx9d.lib(d3dx9d_43.dll) : warning LNK4006: _D3DXFillTexture@12이(가) d3dx9.lib(d3dx9_43.dll)에 이미 정의되어 있습니다. 초 정의가 무시됩니다.
d3dx9d.lib(d3dx9d_43.dll) : warning LNK4006: __imp__D3DXFillCubeTextureTX@8이(가) d3dx9.lib(d3dx9_43.dll)에 이미 정의되어 있습니다. 초 정의가 무시됩니다.
d3dx9d.lib(d3dx9d_43.dll) : warning LNK4006: _D3DXFillCubeTextureTX@8이(가) d3dx9.lib(d3dx9_43.dll)에 이미 정의되어 있습니다. 초 정의가 무시됩니다.
d3dx9d.lib(d3dx9d_43.dll) : warning LNK4006: __imp__D3DXFillCubeTexture@12이(가) d3dx9.lib(d3dx9_43.dll)에 이미 정의되어 있습니다. 초 정의가 무시됩니다.
d3dx9d.lib(d3dx9d_43.dll) : warning LNK4006: _D3DXFillCubeTexture@12이(가) d3dx9.lib(d3dx9_43.dll)에 이미 정의되어 있습니다. 초 정의가 무시됩니다.
d3dx9d.lib(d3dx9d_43.dll) : warning LNK4006: __imp__D3DXFileCreate@4이(가) d3dx9.lib(d3dx9_43.dll)에 이미 정의되어 있습니다. 초 정의가 무시됩니다.
d3dx9d.lib(d3dx9d_43.dll) : warning LNK4006: _D3DXFileCreate@4이(가) d3dx9.lib(d3dx9_43.dll)에 이미 정의되어 있습니다. 초 정의가 무시됩니다.
d3dx9d.lib(d3dx9d_43.dll) : warning LNK4006: __imp__D3DXFVFFromDeclarator@8이(가) d3dx9.lib(d3dx9_43.dll)에 이미 정의되어 있습니다. 초 정의가 무시됩니다.
d3dx9d.lib(d3dx9d_43.dll) : warning LNK4006: _D3DXFVFFromDeclarator@8이(가) d3dx9.lib(d3dx9_43.dll)에 이미 정의되어 있습니다. 초 정의가 무시됩니다.
d3dx9d.lib(d3dx9d_43.dll) : warning LNK4006: __imp__D3DXDisassembleShader@16이(가) d3dx9.lib(d3dx9_43.dll)에 이미 정의되어 있습니다. 초 정의가 무시됩니다.
d3dx9d.lib(d3dx9d_43.dll) : warning LNK4006: _D3DXDisassembleShader@16이(가) d3dx9.lib(d3dx9_43.dll)에 이미 정의되어 있습니다. 초 정의가 무시됩니다.
d3dx9d.lib(d3dx9d_43.dll) : warning LNK4006: __imp__D3DXDisassembleEffect@12이(가) d3dx9.lib(d3dx9_43.dll)에 이미 정의되어 있습니다. 초 정의가 무시됩니다.
d3dx9d.lib(d3dx9d_43.dll) : warning LNK4006: _D3DXDisassembleEffect@12이(가) d3dx9.lib(d3dx9_43.dll)에 이미 정의되어 있습니다. 초 정의가 무시됩니다.
d3dx9d.lib(d3dx9d_43.dll) : warning LNK4006: __imp__D3DXDeclaratorFromFVF@8이(가) d3dx9.lib(d3dx9_43.dll)에 이미 정의되어 있습니다. 초 정의가 무시됩니다.
d3dx9d.lib(d3dx9d_43.dll) : warning LNK4006: _D3DXDeclaratorFromFVF@8이(가) d3dx9.lib(d3dx9_43.dll)에 이미 정의되어 있습니다. 초 정의가 무시됩니다.
d3dx9d.lib(d3dx9d_43.dll) : warning LNK4006: __imp__D3DXDebugMute@4이(가) d3dx9.lib(d3dx9_43.dll)에 이미 정의되어 있습니다. 초 정의가 무시됩니다.
d3dx9d.lib(d3dx9d_43.dll) : warning LNK4006: _D3DXDebugMute@4이(가) d3dx9.lib(d3dx9_43.dll)에 이미 정의되어 있습니다. 초 정의가 무시됩니다.
d3dx9d.lib(d3dx9d_43.dll) : warning LNK4006: __imp__D3DXCreateVolumeTextureFromResourceW@16이(가) d3dx9.lib(d3dx9_43.dll)에 이미 정의되어 있습니다. 초 정의가 무시됩니다.
d3dx9d.lib(d3dx9d_43.dll) : warning LNK4006: _D3DXCreateVolumeTextureFromResourceW@16이(가) d3dx9.lib(d3dx9_43.dll)에 이미 정의되어 있습니다. 초 정의가 무시됩니다.
d3dx9d.lib(d3dx9d_43.dll) : warning LNK4006: __imp__D3DXCreateVolumeTextureFromResourceExW@64이(가) d3dx9.lib(d3dx9_43.dll)에 이미 정의되어 있습니다. 초 정의가 무시됩니다.
d3dx9d.lib(d3dx9d_43.dll) : warning LNK4006: _D3DXCreateVolumeTextureFromResourceExW@64이(가) d3dx9.lib(d3dx9_43.dll)에 이미 정의되어 있습니다. 초 정의가 무시됩니다.
d3dx9d.lib(d3dx9d_43.dll) : warning LNK4006: __imp__D3DXCreateVolumeTextureFromResourceExA@64이(가) d3dx9.lib(d3dx9_43.dll)에 이미 정의되어 있습니다. 초 정의가 무시됩니다.
d3dx9d.lib(d3dx9d_43.dll) : warning LNK4006: _D3DXCreateVolumeTextureFromResourceExA@64이(가) d3dx9.lib(d3dx9_43.dll)에 이미 정의되어 있습니다. 초 정의가 무시됩니다.
d3dx9d.lib(d3dx9d_43.dll) : warning LNK4006: __imp__D3DXCreateVolumeTextureFromResourceA@16이(가) d3dx9.lib(d3dx9_43.dll)에 이미 정의되어 있습니다. 초 정의가 무시됩니다.
d3dx9d.lib(d3dx9d_43.dll) : warning LNK4006: _D3DXCreateVolumeTextureFromResourceA@16이(가) d3dx9.lib(d3dx9_43.dll)에 이미 정의되어 있습니다. 초 정의가 무시됩니다.
d3dx9d.lib(d3dx9d_43.dll) : warning LNK4006: __imp__D3DXCreateVolumeTextureFromFileW@12이(가) d3dx9.lib(d3dx9_43.dll)에 이미 정의되어 있습니다. 초 정의가 무시됩니다.
d3dx9d.lib(d3dx9d_43.dll) : warning LNK4006: _D3DXCreateVolumeTextureFromFileW@12이(가) d3dx9.lib(d3dx9_43.dll)에 이미 정의되어 있습니다. 초 정의가 무시됩니다.
d3dx9d.lib(d3dx9d_43.dll) : warning LNK4006: __imp__D3DXCreateVolumeTextureFromFileInMemoryEx@64이(가) d3dx9.lib(d3dx9_43.dll)에 이미 정의되어 있습니다. 초 정의가 무시됩니다.
d3dx9d.lib(d3dx9d_43.dll) : warning LNK4006: _D3DXCreateVolumeTextureFromFileInMemoryEx@64이(가) d3dx9.lib(d3dx9_43.dll)에 이미 정의되어 있습니다. 초 정의가 무시됩니다.
d3dx9d.lib(d3dx9d_43.dll) : warning LNK4006: __imp__D3DXCreateVolumeTextureFromFileInMemory@16이(가) d3dx9.lib(d3dx9_43.dll)에 이미 정의되어 있습니다. 초 정의가 무시됩니다.
d3dx9d.lib(d3dx9d_43.dll) : warning LNK4006: _D3DXCreateVolumeTextureFromFileInMemory@16이(가) d3dx9.lib(d3dx9_43.dll)에 이미 정의되어 있습니다. 초 정의가 무시됩니다.
d3dx9d.lib(d3dx9d_43.dll) : warning LNK4006: __imp__D3DXCreateVolumeTextureFromFileExW@60이(가) d3dx9.lib(d3dx9_43.dll)에 이미 정의되어 있습니다. 초 정의가 무시됩니다.
d3dx9d.lib(d3dx9d_43.dll) : warning LNK4006: _D3DXCreateVolumeTextureFromFileExW@60이(가) d3dx9.lib(d3dx9_43.dll)에 이미 정의되어 있습니다. 초 정의가 무시됩니다.
d3dx9d.lib(d3dx9d_43.dll) : warning LNK4006: __imp__D3DXCreateVolumeTextureFromFileExA@60이(가) d3dx9.lib(d3dx9_43.dll)에 이미 정의되어 있습니다. 초 정의가 무시됩니다.
d3dx9d.lib(d3dx9d_43.dll) : warning LNK4006: _D3DXCreateVolumeTextureFromFileExA@60이(가) d3dx9.lib(d3dx9_43.dll)에 이미 정의되어 있습니다. 초 정의가 무시됩니다.
d3dx9d.lib(d3dx9d_43.dll) : warning LNK4006: __imp__D3DXCreateVolumeTextureFromFileA@12이(가) d3dx9.lib(d3dx9_43.dll)에 이미 정의되어 있습니다. 초 정의가 무시됩니다.
d3dx9d.lib(d3dx9d_43.dll) : warning LNK4006: _D3DXCreateVolumeTextureFromFileA@12이(가) d3dx9.lib(d3dx9_43.dll)에 이미 정의되어 있습니다. 초 정의가 무시됩니다.
d3dx9d.lib(d3dx9d_43.dll) : warning LNK4006: __imp__D3DXCreateVolumeTexture@36이(가) d3dx9.lib(d3dx9_43.dll)에 이미 정의되어 있습니다. 초 정의가 무시됩니다.
d3dx9d.lib(d3dx9d_43.dll) : warning LNK4006: _D3DXCreateVolumeTexture@36이(가) d3dx9.lib(d3dx9_43.dll)에 이미 정의되어 있습니다. 초 정의가 무시됩니다.
d3dx9d.lib(d3dx9d_43.dll) : warning LNK4006: __imp__D3DXCreateTorus@28이(가) d3dx9.lib(d3dx9_43.dll)에 이미 정의되어 있습니다. 초 정의가 무시됩니다.
d3dx9d.lib(d3dx9d_43.dll) : warning LNK4006: _D3DXCreateTorus@28이(가) d3dx9.lib(d3dx9_43.dll)에 이미 정의되어 있습니다. 초 정의가 무시됩니다.
d3dx9d.lib(d3dx9d_43.dll) : warning LNK4006: __imp__D3DXCreateTextureShader@8이(가) d3dx9.lib(d3dx9_43.dll)에 이미 정의되어 있습니다. 초 정의가 무시됩니다.
d3dx9d.lib(d3dx9d_43.dll) : warning LNK4006: _D3DXCreateTextureShader@8이(가) d3dx9.lib(d3dx9_43.dll)에 이미 정의되어 있습니다. 초 정의가 무시됩니다.
d3dx9d.lib(d3dx9d_43.dll) : warning LNK4006: __imp__D3DXCreateTextureGutterHelper@20이(가) d3dx9.lib(d3dx9_43.dll)에 이미 정의되어 있습니다. 초 정의가 무시됩니다.
d3dx9d.lib(d3dx9d_43.dll) : warning LNK4006: _D3DXCreateTextureGutterHelper@20이(가) d3dx9.lib(d3dx9_43.dll)에 이미 정의되어 있습니다. 초 정의가 무시됩니다.
d3dx9d.lib(d3dx9d_43.dll) : warning LNK4006: __imp__D3DXCreateTextureFromResourceW@16이(가) d3dx9.lib(d3dx9_43.dll)에 이미 정의되어 있습니다. 초 정의가 무시됩니다.
d3dx9d.lib(d3dx9d_43.dll) : warning LNK4006: _D3DXCreateTextureFromResourceW@16이(가) d3dx9.lib(d3dx9_43.dll)에 이미 정의되어 있습니다. 초 정의가 무시됩니다.
d3dx9d.lib(d3dx9d_43.dll) : warning LNK4006: __imp__D3DXCreateTextureFromResourceExW@60이(가) d3dx9.lib(d3dx9_43.dll)에 이미 정의되어 있습니다. 초 정의가 무시됩니다.
d3dx9d.lib(d3dx9d_43.dll) : warning LNK4006: _D3DXCreateTextureFromResourceExW@60이(가) d3dx9.lib(d3dx9_43.dll)에 이미 정의되어 있습니다. 초 정의가 무시됩니다.
d3dx9d.lib(d3dx9d_43.dll) : warning LNK4006: __imp__D3DXCreateTextureFromResourceExA@60이(가) d3dx9.lib(d3dx9_43.dll)에 이미 정의되어 있습니다. 초 정의가 무시됩니다.
d3dx9d.lib(d3dx9d_43.dll) : warning LNK4006: _D3DXCreateTextureFromResourceExA@60이(가) d3dx9.lib(d3dx9_43.dll)에 이미 정의되어 있습니다. 초 정의가 무시됩니다.
d3dx9d.lib(d3dx9d_43.dll) : warning LNK4006: __imp__D3DXCreateTextureFromResourceA@16이(가) d3dx9.lib(d3dx9_43.dll)에 이미 정의되어 있습니다. 초 정의가 무시됩니다.
d3dx9d.lib(d3dx9d_43.dll) : warning LNK4006: _D3DXCreateTextureFromResourceA@16이(가) d3dx9.lib(d3dx9_43.dll)에 이미 정의되어 있습니다. 초 정의가 무시됩니다.
d3dx9d.lib(d3dx9d_43.dll) : warning LNK4006: __imp__D3DXCreateTextureFromFileW@12이(가) d3dx9.lib(d3dx9_43.dll)에 이미 정의되어 있습니다. 초 정의가 무시됩니다.
d3dx9d.lib(d3dx9d_43.dll) : warning LNK4006: _D3DXCreateTextureFromFileW@12이(가) d3dx9.lib(d3dx9_43.dll)에 이미 정의되어 있습니다. 초 정의가 무시됩니다.
d3dx9d.lib(d3dx9d_43.dll) : warning LNK4006: __imp__D3DXCreateTextureFromFileInMemoryEx@60이(가) d3dx9.lib(d3dx9_43.dll)에 이미 정의되어 있습니다. 초 정의가 무시됩니다.
d3dx9d.lib(d3dx9d_43.dll) : warning LNK4006: _D3DXCreateTextureFromFileInMemoryEx@60이(가) d3dx9.lib(d3dx9_43.dll)에 이미 정의되어 있습니다. 초 정의가 무시됩니다.
d3dx9d.lib(d3dx9d_43.dll) : warning LNK4006: __imp__D3DXCreateTextureFromFileInMemory@16이(가) d3dx9.lib(d3dx9_43.dll)에 이미 정의되어 있습니다. 초 정의가 무시됩니다.
d3dx9d.lib(d3dx9d_43.dll) : warning LNK4006: _D3DXCreateTextureFromFileInMemory@16이(가) d3dx9.lib(d3dx9_43.dll)에 이미 정의되어 있습니다. 초 정의가 무시됩니다.
d3dx9d.lib(d3dx9d_43.dll) : warning LNK4006: __imp__D3DXCreateTextureFromFileExW@56이(가) d3dx9.lib(d3dx9_43.dll)에 이미 정의되어 있습니다. 초 정의가 무시됩니다.
d3dx9d.lib(d3dx9d_43.dll) : warning LNK4006: _D3DXCreateTextureFromFileExW@56이(가) d3dx9.lib(d3dx9_43.dll)에 이미 정의되어 있습니다. 초 정의가 무시됩니다.
d3dx9d.lib(d3dx9d_43.dll) : warning LNK4006: __imp__D3DXCreateTextureFromFileExA@56이(가) d3dx9.lib(d3dx9_43.dll)에 이미 정의되어 있습니다. 초 정의가 무시됩니다.
d3dx9d.lib(d3dx9d_43.dll) : warning LNK4006: _D3DXCreateTextureFromFileExA@56이(가) d3dx9.lib(d3dx9_43.dll)에 이미 정의되어 있습니다. 초 정의가 무시됩니다.
d3dx9d.lib(d3dx9d_43.dll) : warning LNK4006: __imp__D3DXCreateTextureFromFileA@12이(가) d3dx9.lib(d3dx9_43.dll)에 이미 정의되어 있습니다. 초 정의가 무시됩니다.
d3dx9d.lib(d3dx9d_43.dll) : warning LNK4006: _D3DXCreateTextureFromFileA@12이(가) d3dx9.lib(d3dx9_43.dll)에 이미 정의되어 있습니다. 초 정의가 무시됩니다.
d3dx9d.lib(d3dx9d_43.dll) : warning LNK4006: __imp__D3DXCreateTexture@32이(가) d3dx9.lib(d3dx9_43.dll)에 이미 정의되어 있습니다. 초 정의가 무시됩니다.
d3dx9d.lib(d3dx9d_43.dll) : warning LNK4006: _D3DXCreateTexture@32이(가) d3dx9.lib(d3dx9_43.dll)에 이미 정의되어 있습니다. 초 정의가 무시됩니다.
d3dx9d.lib(d3dx9d_43.dll) : warning LNK4006: __imp__D3DXCreateTextW@32이(가) d3dx9.lib(d3dx9_43.dll)에 이미 정의되어 있습니다. 초 정의가 무시됩니다.
d3dx9d.lib(d3dx9d_43.dll) : warning LNK4006: _D3DXCreateTextW@32이(가) d3dx9.lib(d3dx9_43.dll)에 이미 정의되어 있습니다. 초 정의가 무시됩니다.
d3dx9d.lib(d3dx9d_43.dll) : warning LNK4006: __imp__D3DXCreateTextA@32이(가) d3dx9.lib(d3dx9_43.dll)에 이미 정의되어 있습니다. 초 정의가 무시됩니다.
d3dx9d.lib(d3dx9d_43.dll) : warning LNK4006: _D3DXCreateTextA@32이(가) d3dx9.lib(d3dx9_43.dll)에 이미 정의되어 있습니다. 초 정의가 무시됩니다.
d3dx9d.lib(d3dx9d_43.dll) : warning LNK4006: __imp__D3DXCreateTeapot@12이(가) d3dx9.lib(d3dx9_43.dll)에 이미 정의되어 있습니다. 초 정의가 무시됩니다.
d3dx9d.lib(d3dx9d_43.dll) : warning LNK4006: _D3DXCreateTeapot@12이(가) d3dx9.lib(d3dx9_43.dll)에 이미 정의되어 있습니다. 초 정의가 무시됩니다.
d3dx9d.lib(d3dx9d_43.dll) : warning LNK4006: __imp__D3DXCreateSprite@8이(가) d3dx9.lib(d3dx9_43.dll)에 이미 정의되어 있습니다. 초 정의가 무시됩니다.
d3dx9d.lib(d3dx9d_43.dll) : warning LNK4006: _D3DXCreateSprite@8이(가) d3dx9.lib(d3dx9_43.dll)에 이미 정의되어 있습니다. 초 정의가 무시됩니다.
d3dx9d.lib(d3dx9d_43.dll) : warning LNK4006: __imp__D3DXCreateSphere@24이(가) d3dx9.lib(d3dx9_43.dll)에 이미 정의되어 있습니다. 초 정의가 무시됩니다.
d3dx9d.lib(d3dx9d_43.dll) : warning LNK4006: _D3DXCreateSphere@24이(가) d3dx9.lib(d3dx9_43.dll)에 이미 정의되어 있습니다. 초 정의가 무시됩니다.
d3dx9d.lib(d3dx9d_43.dll) : warning LNK4006: __imp__D3DXCreateSkinInfoFromBlendedMesh@16이(가) d3dx9.lib(d3dx9_43.dll)에 이미 정의되어 있습니다. 초 정의가 무시됩니다.
d3dx9d.lib(d3dx9d_43.dll) : warning LNK4006: _D3DXCreateSkinInfoFromBlendedMesh@16이(가) d3dx9.lib(d3dx9_43.dll)에 이미 정의되어 있습니다. 초 정의가 무시됩니다.
d3dx9d.lib(d3dx9d_43.dll) : warning LNK4006: __imp__D3DXCreateSkinInfoFVF@16이(가) d3dx9.lib(d3dx9_43.dll)에 이미 정의되어 있습니다. 초 정의가 무시됩니다.
d3dx9d.lib(d3dx9d_43.dll) : warning LNK4006: _D3DXCreateSkinInfoFVF@16이(가) d3dx9.lib(d3dx9_43.dll)에 이미 정의되어 있습니다. 초 정의가 무시됩니다.
d3dx9d.lib(d3dx9d_43.dll) : warning LNK4006: __imp__D3DXCreateSkinInfo@16이(가) d3dx9.lib(d3dx9_43.dll)에 이미 정의되어 있습니다. 초 정의가 무시됩니다.
d3dx9d.lib(d3dx9d_43.dll) : warning LNK4006: _D3DXCreateSkinInfo@16이(가) d3dx9.lib(d3dx9_43.dll)에 이미 정의되어 있습니다. 초 정의가 무시됩니다.
d3dx9d.lib(d3dx9d_43.dll) : warning LNK4006: __imp__D3DXCreateSPMesh@20이(가) d3dx9.lib(d3dx9_43.dll)에 이미 정의되어 있습니다. 초 정의가 무시됩니다.
d3dx9d.lib(d3dx9d_43.dll) : warning LNK4006: _D3DXCreateSPMesh@20이(가) d3dx9.lib(d3dx9_43.dll)에 이미 정의되어 있습니다. 초 정의가 무시됩니다.
d3dx9d.lib(d3dx9d_43.dll) : warning LNK4006: __imp__D3DXCreateRenderToSurface@28이(가) d3dx9.lib(d3dx9_43.dll)에 이미 정의되어 있습니다. 초 정의가 무시됩니다.
d3dx9d.lib(d3dx9d_43.dll) : warning LNK4006: _D3DXCreateRenderToSurface@28이(가) d3dx9.lib(d3dx9_43.dll)에 이미 정의되어 있습니다. 초 정의가 무시됩니다.
d3dx9d.lib(d3dx9d_43.dll) : warning LNK4006: __imp__D3DXCreateRenderToEnvMap@28이(가) d3dx9.lib(d3dx9_43.dll)에 이미 정의되어 있습니다. 초 정의가 무시됩니다.
d3dx9d.lib(d3dx9d_43.dll) : warning LNK4006: _D3DXCreateRenderToEnvMap@28이(가) d3dx9.lib(d3dx9_43.dll)에 이미 정의되어 있습니다. 초 정의가 무시됩니다.
d3dx9d.lib(d3dx9d_43.dll) : warning LNK4006: __imp__D3DXCreatePolygon@20이(가) d3dx9.lib(d3dx9_43.dll)에 이미 정의되어 있습니다. 초 정의가 무시됩니다.
d3dx9d.lib(d3dx9d_43.dll) : warning LNK4006: _D3DXCreatePolygon@20이(가) d3dx9.lib(d3dx9_43.dll)에 이미 정의되어 있습니다. 초 정의가 무시됩니다.
d3dx9d.lib(d3dx9d_43.dll) : warning LNK4006: __imp__D3DXCreatePatchMesh@28이(가) d3dx9.lib(d3dx9_43.dll)에 이미 정의되어 있습니다. 초 정의가 무시됩니다.
d3dx9d.lib(d3dx9d_43.dll) : warning LNK4006: _D3DXCreatePatchMesh@28이(가) d3dx9.lib(d3dx9_43.dll)에 이미 정의되어 있습니다. 초 정의가 무시됩니다.
d3dx9d.lib(d3dx9d_43.dll) : warning LNK4006: __imp__D3DXCreatePRTEngine@20이(가) d3dx9.lib(d3dx9_43.dll)에 이미 정의되어 있습니다. 초 정의가 무시됩니다.
d3dx9d.lib(d3dx9d_43.dll) : warning LNK4006: _D3DXCreatePRTEngine@20이(가) d3dx9.lib(d3dx9_43.dll)에 이미 정의되어 있습니다. 초 정의가 무시됩니다.
d3dx9d.lib(d3dx9d_43.dll) : warning LNK4006: __imp__D3DXCreatePRTCompBuffer@28이(가) d3dx9.lib(d3dx9_43.dll)에 이미 정의되어 있습니다. 초 정의가 무시됩니다.
d3dx9d.lib(d3dx9d_43.dll) : warning LNK4006: _D3DXCreatePRTCompBuffer@28이(가) d3dx9.lib(d3dx9_43.dll)에 이미 정의되어 있습니다. 초 정의가 무시됩니다.
d3dx9d.lib(d3dx9d_43.dll) : warning LNK4006: __imp__D3DXCreatePRTBufferTex@20이(가) d3dx9.lib(d3dx9_43.dll)에 이미 정의되어 있습니다. 초 정의가 무시됩니다.
d3dx9d.lib(d3dx9d_43.dll) : warning LNK4006: _D3DXCreatePRTBufferTex@20이(가) d3dx9.lib(d3dx9_43.dll)에 이미 정의되어 있습니다. 초 정의가 무시됩니다.
d3dx9d.lib(d3dx9d_43.dll) : warning LNK4006: __imp__D3DXCreatePRTBuffer@16이(가) d3dx9.lib(d3dx9_43.dll)에 이미 정의되어 있습니다. 초 정의가 무시됩니다.
d3dx9d.lib(d3dx9d_43.dll) : warning LNK4006: _D3DXCreatePRTBuffer@16이(가) d3dx9.lib(d3dx9_43.dll)에 이미 정의되어 있습니다. 초 정의가 무시됩니다.
d3dx9d.lib(d3dx9d_43.dll) : warning LNK4006: __imp__D3DXCreatePMeshFromStream@28이(가) d3dx9.lib(d3dx9_43.dll)에 이미 정의되어 있습니다. 초 정의가 무시됩니다.
d3dx9d.lib(d3dx9d_43.dll) : warning LNK4006: _D3DXCreatePMeshFromStream@28이(가) d3dx9.lib(d3dx9_43.dll)에 이미 정의되어 있습니다. 초 정의가 무시됩니다.
d3dx9d.lib(d3dx9d_43.dll) : warning LNK4006: __imp__D3DXCreateNPatchMesh@8이(가) d3dx9.lib(d3dx9_43.dll)에 이미 정의되어 있습니다. 초 정의가 무시됩니다.
d3dx9d.lib(d3dx9d_43.dll) : warning LNK4006: _D3DXCreateNPatchMesh@8이(가) d3dx9.lib(d3dx9_43.dll)에 이미 정의되어 있습니다. 초 정의가 무시됩니다.
d3dx9d.lib(d3dx9d_43.dll) : warning LNK4006: __imp__D3DXCreateMeshFVF@24이(가) d3dx9.lib(d3dx9_43.dll)에 이미 정의되어 있습니다. 초 정의가 무시됩니다.
d3dx9d.lib(d3dx9d_43.dll) : warning LNK4006: _D3DXCreateMeshFVF@24이(가) d3dx9.lib(d3dx9_43.dll)에 이미 정의되어 있습니다. 초 정의가 무시됩니다.
d3dx9d.lib(d3dx9d_43.dll) : warning LNK4006: __imp__D3DXCreateMesh@24이(가) d3dx9.lib(d3dx9_43.dll)에 이미 정의되어 있습니다. 초 정의가 무시됩니다.
d3dx9d.lib(d3dx9d_43.dll) : warning LNK4006: _D3DXCreateMesh@24이(가) d3dx9.lib(d3dx9_43.dll)에 이미 정의되어 있습니다. 초 정의가 무시됩니다.
d3dx9d.lib(d3dx9d_43.dll) : warning LNK4006: __imp__D3DXCreateMatrixStack@8이(가) d3dx9.lib(d3dx9_43.dll)에 이미 정의되어 있습니다. 초 정의가 무시됩니다.
d3dx9d.lib(d3dx9d_43.dll) : warning LNK4006: _D3DXCreateMatrixStack@8이(가) d3dx9.lib(d3dx9_43.dll)에 이미 정의되어 있습니다. 초 정의가 무시됩니다.
d3dx9d.lib(d3dx9d_43.dll) : warning LNK4006: __imp__D3DXCreateLine@8이(가) d3dx9.lib(d3dx9_43.dll)에 이미 정의되어 있습니다. 초 정의가 무시됩니다.
d3dx9d.lib(d3dx9d_43.dll) : warning LNK4006: _D3DXCreateLine@8이(가) d3dx9.lib(d3dx9_43.dll)에 이미 정의되어 있습니다. 초 정의가 무시됩니다.
d3dx9d.lib(d3dx9d_43.dll) : warning LNK4006: __imp__D3DXCreateKeyframedAnimationSet@32이(가) d3dx9.lib(d3dx9_43.dll)에 이미 정의되어 있습니다. 초 정의가 무시됩니다.
d3dx9d.lib(d3dx9d_43.dll) : warning LNK4006: _D3DXCreateKeyframedAnimationSet@32이(가) d3dx9.lib(d3dx9_43.dll)에 이미 정의되어 있습니다. 초 정의가 무시됩니다.
d3dx9d.lib(d3dx9d_43.dll) : warning LNK4006: __imp__D3DXCreateFontW@48이(가) d3dx9.lib(d3dx9_43.dll)에 이미 정의되어 있습니다. 초 정의가 무시됩니다.
d3dx9d.lib(d3dx9d_43.dll) : warning LNK4006: _D3DXCreateFontW@48이(가) d3dx9.lib(d3dx9_43.dll)에 이미 정의되어 있습니다. 초 정의가 무시됩니다.
d3dx9d.lib(d3dx9d_43.dll) : warning LNK4006: __imp__D3DXCreateFontIndirectW@12이(가) d3dx9.lib(d3dx9_43.dll)에 이미 정의되어 있습니다. 초 정의가 무시됩니다.
d3dx9d.lib(d3dx9d_43.dll) : warning LNK4006: _D3DXCreateFontIndirectW@12이(가) d3dx9.lib(d3dx9_43.dll)에 이미 정의되어 있습니다. 초 정의가 무시됩니다.
d3dx9d.lib(d3dx9d_43.dll) : warning LNK4006: __imp__D3DXCreateFontIndirectA@12이(가) d3dx9.lib(d3dx9_43.dll)에 이미 정의되어 있습니다. 초 정의가 무시됩니다.
d3dx9d.lib(d3dx9d_43.dll) : warning LNK4006: _D3DXCreateFontIndirectA@12이(가) d3dx9.lib(d3dx9_43.dll)에 이미 정의되어 있습니다. 초 정의가 무시됩니다.
d3dx9d.lib(d3dx9d_43.dll) : warning LNK4006: __imp__D3DXCreateFontA@48이(가) d3dx9.lib(d3dx9_43.dll)에 이미 정의되어 있습니다. 초 정의가 무시됩니다.
d3dx9d.lib(d3dx9d_43.dll) : warning LNK4006: _D3DXCreateFontA@48이(가) d3dx9.lib(d3dx9_43.dll)에 이미 정의되어 있습니다. 초 정의가 무시됩니다.
d3dx9d.lib(d3dx9d_43.dll) : warning LNK4006: __imp__D3DXCreateEffectPool@4이(가) d3dx9.lib(d3dx9_43.dll)에 이미 정의되어 있습니다. 초 정의가 무시됩니다.
d3dx9d.lib(d3dx9d_43.dll) : warning LNK4006: _D3DXCreateEffectPool@4이(가) d3dx9.lib(d3dx9_43.dll)에 이미 정의되어 있습니다. 초 정의가 무시됩니다.
d3dx9d.lib(d3dx9d_43.dll) : warning LNK4006: __imp__D3DXCreateEffectFromResourceW@36이(가) d3dx9.lib(d3dx9_43.dll)에 이미 정의되어 있습니다. 초 정의가 무시됩니다.
d3dx9d.lib(d3dx9d_43.dll) : warning LNK4006: _D3DXCreateEffectFromResourceW@36이(가) d3dx9.lib(d3dx9_43.dll)에 이미 정의되어 있습니다. 초 정의가 무시됩니다.
d3dx9d.lib(d3dx9d_43.dll) : warning LNK4006: __imp__D3DXCreateEffectFromResourceExW@40이(가) d3dx9.lib(d3dx9_43.dll)에 이미 정의되어 있습니다. 초 정의가 무시됩니다.
d3dx9d.lib(d3dx9d_43.dll) : warning LNK4006: _D3DXCreateEffectFromResourceExW@40이(가) d3dx9.lib(d3dx9_43.dll)에 이미 정의되어 있습니다. 초 정의가 무시됩니다.
d3dx9d.lib(d3dx9d_43.dll) : warning LNK4006: __imp__D3DXCreateEffectFromResourceExA@40이(가) d3dx9.lib(d3dx9_43.dll)에 이미 정의되어 있습니다. 초 정의가 무시됩니다.
d3dx9d.lib(d3dx9d_43.dll) : warning LNK4006: _D3DXCreateEffectFromResourceExA@40이(가) d3dx9.lib(d3dx9_43.dll)에 이미 정의되어 있습니다. 초 정의가 무시됩니다.
d3dx9d.lib(d3dx9d_43.dll) : warning LNK4006: __imp__D3DXCreateEffectFromResourceA@36이(가) d3dx9.lib(d3dx9_43.dll)에 이미 정의되어 있습니다. 초 정의가 무시됩니다.
d3dx9d.lib(d3dx9d_43.dll) : warning LNK4006: _D3DXCreateEffectFromResourceA@36이(가) d3dx9.lib(d3dx9_43.dll)에 이미 정의되어 있습니다. 초 정의가 무시됩니다.
d3dx9d.lib(d3dx9d_43.dll) : warning LNK4006: __imp__D3DXCreateEffectFromFileW@32이(가) d3dx9.lib(d3dx9_43.dll)에 이미 정의되어 있습니다. 초 정의가 무시됩니다.
d3dx9d.lib(d3dx9d_43.dll) : warning LNK4006: _D3DXCreateEffectFromFileW@32이(가) d3dx9.lib(d3dx9_43.dll)에 이미 정의되어 있습니다. 초 정의가 무시됩니다.
d3dx9d.lib(d3dx9d_43.dll) : warning LNK4006: __imp__D3DXCreateEffectFromFileExW@36이(가) d3dx9.lib(d3dx9_43.dll)에 이미 정의되어 있습니다. 초 정의가 무시됩니다.
d3dx9d.lib(d3dx9d_43.dll) : warning LNK4006: _D3DXCreateEffectFromFileExW@36이(가) d3dx9.lib(d3dx9_43.dll)에 이미 정의되어 있습니다. 초 정의가 무시됩니다.
d3dx9d.lib(d3dx9d_43.dll) : warning LNK4006: __imp__D3DXCreateEffectFromFileExA@36이(가) d3dx9.lib(d3dx9_43.dll)에 이미 정의되어 있습니다. 초 정의가 무시됩니다.
d3dx9d.lib(d3dx9d_43.dll) : warning LNK4006: _D3DXCreateEffectFromFileExA@36이(가) d3dx9.lib(d3dx9_43.dll)에 이미 정의되어 있습니다. 초 정의가 무시됩니다.
d3dx9d.lib(d3dx9d_43.dll) : warning LNK4006: __imp__D3DXCreateEffectFromFileA@32이(가) d3dx9.lib(d3dx9_43.dll)에 이미 정의되어 있습니다. 초 정의가 무시됩니다.
d3dx9d.lib(d3dx9d_43.dll) : warning LNK4006: _D3DXCreateEffectFromFileA@32이(가) d3dx9.lib(d3dx9_43.dll)에 이미 정의되어 있습니다. 초 정의가 무시됩니다.
d3dx9d.lib(d3dx9d_43.dll) : warning LNK4006: __imp__D3DXCreateEffectEx@40이(가) d3dx9.lib(d3dx9_43.dll)에 이미 정의되어 있습니다. 초 정의가 무시됩니다.
d3dx9d.lib(d3dx9d_43.dll) : warning LNK4006: _D3DXCreateEffectEx@40이(가) d3dx9.lib(d3dx9_43.dll)에 이미 정의되어 있습니다. 초 정의가 무시됩니다.
d3dx9d.lib(d3dx9d_43.dll) : warning LNK4006: __imp__D3DXCreateEffectCompilerFromResourceW@28이(가) d3dx9.lib(d3dx9_43.dll)에 이미 정의되어 있습니다. 초 정의가 무시됩니다.
d3dx9d.lib(d3dx9d_43.dll) : warning LNK4006: _D3DXCreateEffectCompilerFromResourceW@28이(가) d3dx9.lib(d3dx9_43.dll)에 이미 정의되어 있습니다. 초 정의가 무시됩니다.
d3dx9d.lib(d3dx9d_43.dll) : warning LNK4006: __imp__D3DXCreateEffectCompilerFromResourceA@28이(가) d3dx9.lib(d3dx9_43.dll)에 이미 정의되어 있습니다. 초 정의가 무시됩니다.
d3dx9d.lib(d3dx9d_43.dll) : warning LNK4006: _D3DXCreateEffectCompilerFromResourceA@28이(가) d3dx9.lib(d3dx9_43.dll)에 이미 정의되어 있습니다. 초 정의가 무시됩니다.
d3dx9d.lib(d3dx9d_43.dll) : warning LNK4006: __imp__D3DXCreateEffectCompilerFromFileW@24이(가) d3dx9.lib(d3dx9_43.dll)에 이미 정의되어 있습니다. 초 정의가 무시됩니다.
d3dx9d.lib(d3dx9d_43.dll) : warning LNK4006: _D3DXCreateEffectCompilerFromFileW@24이(가) d3dx9.lib(d3dx9_43.dll)에 이미 정의되어 있습니다. 초 정의가 무시됩니다.
d3dx9d.lib(d3dx9d_43.dll) : warning LNK4006: __imp__D3DXCreateEffectCompilerFromFileA@24이(가) d3dx9.lib(d3dx9_43.dll)에 이미 정의되어 있습니다. 초 정의가 무시됩니다.
d3dx9d.lib(d3dx9d_43.dll) : warning LNK4006: _D3DXCreateEffectCompilerFromFileA@24이(가) d3dx9.lib(d3dx9_43.dll)에 이미 정의되어 있습니다. 초 정의가 무시됩니다.
d3dx9d.lib(d3dx9d_43.dll) : warning LNK4006: __imp__D3DXCreateEffectCompiler@28이(가) d3dx9.lib(d3dx9_43.dll)에 이미 정의되어 있습니다. 초 정의가 무시됩니다.
d3dx9d.lib(d3dx9d_43.dll) : warning LNK4006: _D3DXCreateEffectCompiler@28이(가) d3dx9.lib(d3dx9_43.dll)에 이미 정의되어 있습니다. 초 정의가 무시됩니다.
d3dx9d.lib(d3dx9d_43.dll) : warning LNK4006: __imp__D3DXCreateEffect@36이(가) d3dx9.lib(d3dx9_43.dll)에 이미 정의되어 있습니다. 초 정의가 무시됩니다.
d3dx9d.lib(d3dx9d_43.dll) : warning LNK4006: _D3DXCreateEffect@36이(가) d3dx9.lib(d3dx9_43.dll)에 이미 정의되어 있습니다. 초 정의가 무시됩니다.
d3dx9d.lib(d3dx9d_43.dll) : warning LNK4006: __imp__D3DXCreateCylinder@32이(가) d3dx9.lib(d3dx9_43.dll)에 이미 정의되어 있습니다. 초 정의가 무시됩니다.
d3dx9d.lib(d3dx9d_43.dll) : warning LNK4006: _D3DXCreateCylinder@32이(가) d3dx9.lib(d3dx9_43.dll)에 이미 정의되어 있습니다. 초 정의가 무시됩니다.
d3dx9d.lib(d3dx9d_43.dll) : warning LNK4006: __imp__D3DXCreateCubeTextureFromResourceW@16이(가) d3dx9.lib(d3dx9_43.dll)에 이미 정의되어 있습니다. 초 정의가 무시됩니다.
d3dx9d.lib(d3dx9d_43.dll) : warning LNK4006: _D3DXCreateCubeTextureFromResourceW@16이(가) d3dx9.lib(d3dx9_43.dll)에 이미 정의되어 있습니다. 초 정의가 무시됩니다.
d3dx9d.lib(d3dx9d_43.dll) : warning LNK4006: __imp__D3DXCreateCubeTextureFromResourceExW@56이(가) d3dx9.lib(d3dx9_43.dll)에 이미 정의되어 있습니다. 초 정의가 무시됩니다.
d3dx9d.lib(d3dx9d_43.dll) : warning LNK4006: _D3DXCreateCubeTextureFromResourceExW@56이(가) d3dx9.lib(d3dx9_43.dll)에 이미 정의되어 있습니다. 초 정의가 무시됩니다.
d3dx9d.lib(d3dx9d_43.dll) : warning LNK4006: __imp__D3DXCreateCubeTextureFromResourceExA@56이(가) d3dx9.lib(d3dx9_43.dll)에 이미 정의되어 있습니다. 초 정의가 무시됩니다.
d3dx9d.lib(d3dx9d_43.dll) : warning LNK4006: _D3DXCreateCubeTextureFromResourceExA@56이(가) d3dx9.lib(d3dx9_43.dll)에 이미 정의되어 있습니다. 초 정의가 무시됩니다.
d3dx9d.lib(d3dx9d_43.dll) : warning LNK4006: __imp__D3DXCreateCubeTextureFromResourceA@16이(가) d3dx9.lib(d3dx9_43.dll)에 이미 정의되어 있습니다. 초 정의가 무시됩니다.
d3dx9d.lib(d3dx9d_43.dll) : warning LNK4006: _D3DXCreateCubeTextureFromResourceA@16이(가) d3dx9.lib(d3dx9_43.dll)에 이미 정의되어 있습니다. 초 정의가 무시됩니다.
d3dx9d.lib(d3dx9d_43.dll) : warning LNK4006: __imp__D3DXCreateCubeTextureFromFileW@12이(가) d3dx9.lib(d3dx9_43.dll)에 이미 정의되어 있습니다. 초 정의가 무시됩니다.
d3dx9d.lib(d3dx9d_43.dll) : warning LNK4006: _D3DXCreateCubeTextureFromFileW@12이(가) d3dx9.lib(d3dx9_43.dll)에 이미 정의되어 있습니다. 초 정의가 무시됩니다.
d3dx9d.lib(d3dx9d_43.dll) : warning LNK4006: __imp__D3DXCreateCubeTextureFromFileInMemoryEx@56이(가) d3dx9.lib(d3dx9_43.dll)에 이미 정의되어 있습니다. 초 정의가 무시됩니다.
d3dx9d.lib(d3dx9d_43.dll) : warning LNK4006: _D3DXCreateCubeTextureFromFileInMemoryEx@56이(가) d3dx9.lib(d3dx9_43.dll)에 이미 정의되어 있습니다. 초 정의가 무시됩니다.
d3dx9d.lib(d3dx9d_43.dll) : warning LNK4006: __imp__D3DXCreateCubeTextureFromFileInMemory@16이(가) d3dx9.lib(d3dx9_43.dll)에 이미 정의되어 있습니다. 초 정의가 무시됩니다.
d3dx9d.lib(d3dx9d_43.dll) : warning LNK4006: _D3DXCreateCubeTextureFromFileInMemory@16이(가) d3dx9.lib(d3dx9_43.dll)에 이미 정의되어 있습니다. 초 정의가 무시됩니다.
d3dx9d.lib(d3dx9d_43.dll) : warning LNK4006: __imp__D3DXCreateCubeTextureFromFileExW@52이(가) d3dx9.lib(d3dx9_43.dll)에 이미 정의되어 있습니다. 초 정의가 무시됩니다.
d3dx9d.lib(d3dx9d_43.dll) : warning LNK4006: _D3DXCreateCubeTextureFromFileExW@52이(가) d3dx9.lib(d3dx9_43.dll)에 이미 정의되어 있습니다. 초 정의가 무시됩니다.
d3dx9d.lib(d3dx9d_43.dll) : warning LNK4006: __imp__D3DXCreateCubeTextureFromFileExA@52이(가) d3dx9.lib(d3dx9_43.dll)에 이미 정의되어 있습니다. 초 정의가 무시됩니다.
d3dx9d.lib(d3dx9d_43.dll) : warning LNK4006: _D3DXCreateCubeTextureFromFileExA@52이(가) d3dx9.lib(d3dx9_43.dll)에 이미 정의되어 있습니다. 초 정의가 무시됩니다.
d3dx9d.lib(d3dx9d_43.dll) : warning LNK4006: __imp__D3DXCreateCubeTextureFromFileA@12이(가) d3dx9.lib(d3dx9_43.dll)에 이미 정의되어 있습니다. 초 정의가 무시됩니다.
d3dx9d.lib(d3dx9d_43.dll) : warning LNK4006: _D3DXCreateCubeTextureFromFileA@12이(가) d3dx9.lib(d3dx9_43.dll)에 이미 정의되어 있습니다. 초 정의가 무시됩니다.
d3dx9d.lib(d3dx9d_43.dll) : warning LNK4006: __imp__D3DXCreateCubeTexture@28이(가) d3dx9.lib(d3dx9_43.dll)에 이미 정의되어 있습니다. 초 정의가 무시됩니다.
d3dx9d.lib(d3dx9d_43.dll) : warning LNK4006: _D3DXCreateCubeTexture@28이(가) d3dx9.lib(d3dx9_43.dll)에 이미 정의되어 있습니다. 초 정의가 무시됩니다.
d3dx9d.lib(d3dx9d_43.dll) : warning LNK4006: __imp__D3DXCreateCompressedAnimationSet@32이(가) d3dx9.lib(d3dx9_43.dll)에 이미 정의되어 있습니다. 초 정의가 무시됩니다.
d3dx9d.lib(d3dx9d_43.dll) : warning LNK4006: _D3DXCreateCompressedAnimationSet@32이(가) d3dx9.lib(d3dx9_43.dll)에 이미 정의되어 있습니다. 초 정의가 무시됩니다.
d3dx9d.lib(d3dx9d_43.dll) : warning LNK4006: __imp__D3DXCreateBuffer@8이(가) d3dx9.lib(d3dx9_43.dll)에 이미 정의되어 있습니다. 초 정의가 무시됩니다.
d3dx9d.lib(d3dx9d_43.dll) : warning LNK4006: _D3DXCreateBuffer@8이(가) d3dx9.lib(d3dx9_43.dll)에 이미 정의되어 있습니다. 초 정의가 무시됩니다.
d3dx9d.lib(d3dx9d_43.dll) : warning LNK4006: __imp__D3DXCreateBox@24이(가) d3dx9.lib(d3dx9_43.dll)에 이미 정의되어 있습니다. 초 정의가 무시됩니다.
d3dx9d.lib(d3dx9d_43.dll) : warning LNK4006: _D3DXCreateBox@24이(가) d3dx9.lib(d3dx9_43.dll)에 이미 정의되어 있습니다. 초 정의가 무시됩니다.
d3dx9d.lib(d3dx9d_43.dll) : warning LNK4006: __imp__D3DXCreateAnimationController@20이(가) d3dx9.lib(d3dx9_43.dll)에 이미 정의되어 있습니다. 초 정의가 무시됩니다.
d3dx9d.lib(d3dx9d_43.dll) : warning LNK4006: _D3DXCreateAnimationController@20이(가) d3dx9.lib(d3dx9_43.dll)에 이미 정의되어 있습니다. 초 정의가 무시됩니다.
d3dx9d.lib(d3dx9d_43.dll) : warning LNK4006: __imp__D3DXConvertMeshSubsetToStrips@28이(가) d3dx9.lib(d3dx9_43.dll)에 이미 정의되어 있습니다. 초 정의가 무시됩니다.
d3dx9d.lib(d3dx9d_43.dll) : warning LNK4006: _D3DXConvertMeshSubsetToStrips@28이(가) d3dx9.lib(d3dx9_43.dll)에 이미 정의되어 있습니다. 초 정의가 무시됩니다.
d3dx9d.lib(d3dx9d_43.dll) : warning LNK4006: __imp__D3DXConvertMeshSubsetToSingleStrip@20이(가) d3dx9.lib(d3dx9_43.dll)에 이미 정의되어 있습니다. 초 정의가 무시됩니다.
d3dx9d.lib(d3dx9d_43.dll) : warning LNK4006: _D3DXConvertMeshSubsetToSingleStrip@20이(가) d3dx9.lib(d3dx9_43.dll)에 이미 정의되어 있습니다. 초 정의가 무시됩니다.
d3dx9d.lib(d3dx9d_43.dll) : warning LNK4006: __imp__D3DXConcatenateMeshes@32이(가) d3dx9.lib(d3dx9_43.dll)에 이미 정의되어 있습니다. 초 정의가 무시됩니다.
d3dx9d.lib(d3dx9d_43.dll) : warning LNK4006: _D3DXConcatenateMeshes@32이(가) d3dx9.lib(d3dx9_43.dll)에 이미 정의되어 있습니다. 초 정의가 무시됩니다.
d3dx9d.lib(d3dx9d_43.dll) : warning LNK4006: __imp__D3DXComputeTangentFrameEx@64이(가) d3dx9.lib(d3dx9_43.dll)에 이미 정의되어 있습니다. 초 정의가 무시됩니다.
d3dx9d.lib(d3dx9d_43.dll) : warning LNK4006: _D3DXComputeTangentFrameEx@64이(가) d3dx9.lib(d3dx9_43.dll)에 이미 정의되어 있습니다. 초 정의가 무시됩니다.
d3dx9d.lib(d3dx9d_43.dll) : warning LNK4006: __imp__D3DXComputeTangentFrame@8이(가) d3dx9.lib(d3dx9_43.dll)에 이미 정의되어 있습니다. 초 정의가 무시됩니다.
d3dx9d.lib(d3dx9d_43.dll) : warning LNK4006: _D3DXComputeTangentFrame@8이(가) d3dx9.lib(d3dx9_43.dll)에 이미 정의되어 있습니다. 초 정의가 무시됩니다.
d3dx9d.lib(d3dx9d_43.dll) : warning LNK4006: __imp__D3DXComputeTangent@24이(가) d3dx9.lib(d3dx9_43.dll)에 이미 정의되어 있습니다. 초 정의가 무시됩니다.
d3dx9d.lib(d3dx9d_43.dll) : warning LNK4006: _D3DXComputeTangent@24이(가) d3dx9.lib(d3dx9_43.dll)에 이미 정의되어 있습니다. 초 정의가 무시됩니다.
d3dx9d.lib(d3dx9d_43.dll) : warning LNK4006: __imp__D3DXComputeNormals@8이(가) d3dx9.lib(d3dx9_43.dll)에 이미 정의되어 있습니다. 초 정의가 무시됩니다.
d3dx9d.lib(d3dx9d_43.dll) : warning LNK4006: _D3DXComputeNormals@8이(가) d3dx9.lib(d3dx9_43.dll)에 이미 정의되어 있습니다. 초 정의가 무시됩니다.
d3dx9d.lib(d3dx9d_43.dll) : warning LNK4006: __imp__D3DXComputeNormalMap@24이(가) d3dx9.lib(d3dx9_43.dll)에 이미 정의되어 있습니다. 초 정의가 무시됩니다.
d3dx9d.lib(d3dx9d_43.dll) : warning LNK4006: _D3DXComputeNormalMap@24이(가) d3dx9.lib(d3dx9_43.dll)에 이미 정의되어 있습니다. 초 정의가 무시됩니다.
d3dx9d.lib(d3dx9d_43.dll) : warning LNK4006: __imp__D3DXComputeIMTFromTexture@28이(가) d3dx9.lib(d3dx9_43.dll)에 이미 정의되어 있습니다. 초 정의가 무시됩니다.
d3dx9d.lib(d3dx9d_43.dll) : warning LNK4006: _D3DXComputeIMTFromTexture@28이(가) d3dx9.lib(d3dx9_43.dll)에 이미 정의되어 있습니다. 초 정의가 무시됩니다.
d3dx9d.lib(d3dx9d_43.dll) : warning LNK4006: __imp__D3DXComputeIMTFromSignal@40이(가) d3dx9.lib(d3dx9_43.dll)에 이미 정의되어 있습니다. 초 정의가 무시됩니다.
d3dx9d.lib(d3dx9d_43.dll) : warning LNK4006: _D3DXComputeIMTFromSignal@40이(가) d3dx9.lib(d3dx9_43.dll)에 이미 정의되어 있습니다. 초 정의가 무시됩니다.
d3dx9d.lib(d3dx9d_43.dll) : warning LNK4006: __imp__D3DXComputeIMTFromPerVertexSignal@32이(가) d3dx9.lib(d3dx9_43.dll)에 이미 정의되어 있습니다. 초 정의가 무시됩니다.
d3dx9d.lib(d3dx9d_43.dll) : warning LNK4006: _D3DXComputeIMTFromPerVertexSignal@32이(가) d3dx9.lib(d3dx9_43.dll)에 이미 정의되어 있습니다. 초 정의가 무시됩니다.
d3dx9d.lib(d3dx9d_43.dll) : warning LNK4006: __imp__D3DXComputeIMTFromPerTexelSignal@44이(가) d3dx9.lib(d3dx9_43.dll)에 이미 정의되어 있습니다. 초 정의가 무시됩니다.
d3dx9d.lib(d3dx9d_43.dll) : warning LNK4006: _D3DXComputeIMTFromPerTexelSignal@44이(가) d3dx9.lib(d3dx9_43.dll)에 이미 정의되어 있습니다. 초 정의가 무시됩니다.
d3dx9d.lib(d3dx9d_43.dll) : warning LNK4006: __imp__D3DXComputeBoundingSphere@20이(가) d3dx9.lib(d3dx9_43.dll)에 이미 정의되어 있습니다. 초 정의가 무시됩니다.
d3dx9d.lib(d3dx9d_43.dll) : warning LNK4006: _D3DXComputeBoundingSphere@20이(가) d3dx9.lib(d3dx9_43.dll)에 이미 정의되어 있습니다. 초 정의가 무시됩니다.
d3dx9d.lib(d3dx9d_43.dll) : warning LNK4006: __imp__D3DXComputeBoundingBox@20이(가) d3dx9.lib(d3dx9_43.dll)에 이미 정의되어 있습니다. 초 정의가 무시됩니다.
d3dx9d.lib(d3dx9d_43.dll) : warning LNK4006: _D3DXComputeBoundingBox@20이(가) d3dx9.lib(d3dx9_43.dll)에 이미 정의되어 있습니다. 초 정의가 무시됩니다.
d3dx9d.lib(d3dx9d_43.dll) : warning LNK4006: __imp__D3DXCompileShaderFromResourceW@40이(가) d3dx9.lib(d3dx9_43.dll)에 이미 정의되어 있습니다. 초 정의가 무시됩니다.
d3dx9d.lib(d3dx9d_43.dll) : warning LNK4006: _D3DXCompileShaderFromResourceW@40이(가) d3dx9.lib(d3dx9_43.dll)에 이미 정의되어 있습니다. 초 정의가 무시됩니다.
d3dx9d.lib(d3dx9d_43.dll) : warning LNK4006: __imp__D3DXCompileShaderFromResourceA@40이(가) d3dx9.lib(d3dx9_43.dll)에 이미 정의되어 있습니다. 초 정의가 무시됩니다.
d3dx9d.lib(d3dx9d_43.dll) : warning LNK4006: _D3DXCompileShaderFromResourceA@40이(가) d3dx9.lib(d3dx9_43.dll)에 이미 정의되어 있습니다. 초 정의가 무시됩니다.
d3dx9d.lib(d3dx9d_43.dll) : warning LNK4006: __imp__D3DXCompileShaderFromFileW@36이(가) d3dx9.lib(d3dx9_43.dll)에 이미 정의되어 있습니다. 초 정의가 무시됩니다.
d3dx9d.lib(d3dx9d_43.dll) : warning LNK4006: _D3DXCompileShaderFromFileW@36이(가) d3dx9.lib(d3dx9_43.dll)에 이미 정의되어 있습니다. 초 정의가 무시됩니다.
d3dx9d.lib(d3dx9d_43.dll) : warning LNK4006: __imp__D3DXCompileShaderFromFileA@36이(가) d3dx9.lib(d3dx9_43.dll)에 이미 정의되어 있습니다. 초 정의가 무시됩니다.
d3dx9d.lib(d3dx9d_43.dll) : warning LNK4006: _D3DXCompileShaderFromFileA@36이(가) d3dx9.lib(d3dx9_43.dll)에 이미 정의되어 있습니다. 초 정의가 무시됩니다.
d3dx9d.lib(d3dx9d_43.dll) : warning LNK4006: __imp__D3DXCompileShader@40이(가) d3dx9.lib(d3dx9_43.dll)에 이미 정의되어 있습니다. 초 정의가 무시됩니다.
d3dx9d.lib(d3dx9d_43.dll) : warning LNK4006: _D3DXCompileShader@40이(가) d3dx9.lib(d3dx9_43.dll)에 이미 정의되어 있습니다. 초 정의가 무시됩니다.
d3dx9d.lib(d3dx9d_43.dll) : warning LNK4006: __imp__D3DXColorAdjustSaturation@12이(가) d3dx9.lib(d3dx9_43.dll)에 이미 정의되어 있습니다. 초 정의가 무시됩니다.
d3dx9d.lib(d3dx9d_43.dll) : warning LNK4006: _D3DXColorAdjustSaturation@12이(가) d3dx9.lib(d3dx9_43.dll)에 이미 정의되어 있습니다. 초 정의가 무시됩니다.
d3dx9d.lib(d3dx9d_43.dll) : warning LNK4006: __imp__D3DXColorAdjustContrast@12이(가) d3dx9.lib(d3dx9_43.dll)에 이미 정의되어 있습니다. 초 정의가 무시됩니다.
d3dx9d.lib(d3dx9d_43.dll) : warning LNK4006: _D3DXColorAdjustContrast@12이(가) d3dx9.lib(d3dx9_43.dll)에 이미 정의되어 있습니다. 초 정의가 무시됩니다.
d3dx9d.lib(d3dx9d_43.dll) : warning LNK4006: __imp__D3DXCleanMesh@24이(가) d3dx9.lib(d3dx9_43.dll)에 이미 정의되어 있습니다. 초 정의가 무시됩니다.
d3dx9d.lib(d3dx9d_43.dll) : warning LNK4006: _D3DXCleanMesh@24이(가) d3dx9.lib(d3dx9_43.dll)에 이미 정의되어 있습니다. 초 정의가 무시됩니다.
d3dx9d.lib(d3dx9d_43.dll) : warning LNK4006: __imp__D3DXCheckVolumeTextureRequirements@32이(가) d3dx9.lib(d3dx9_43.dll)에 이미 정의되어 있습니다. 초 정의가 무시됩니다.
d3dx9d.lib(d3dx9d_43.dll) : warning LNK4006: _D3DXCheckVolumeTextureRequirements@32이(가) d3dx9.lib(d3dx9_43.dll)에 이미 정의되어 있습니다. 초 정의가 무시됩니다.
d3dx9d.lib(d3dx9d_43.dll) : warning LNK4006: __imp__D3DXCheckVersion@8이(가) d3dx9.lib(d3dx9_43.dll)에 이미 정의되어 있습니다. 초 정의가 무시됩니다.
d3dx9d.lib(d3dx9d_43.dll) : warning LNK4006: _D3DXCheckVersion@8이(가) d3dx9.lib(d3dx9_43.dll)에 이미 정의되어 있습니다. 초 정의가 무시됩니다.
d3dx9d.lib(d3dx9d_43.dll) : warning LNK4006: __imp__D3DXCheckTextureRequirements@28이(가) d3dx9.lib(d3dx9_43.dll)에 이미 정의되어 있습니다. 초 정의가 무시됩니다.
d3dx9d.lib(d3dx9d_43.dll) : warning LNK4006: _D3DXCheckTextureRequirements@28이(가) d3dx9.lib(d3dx9_43.dll)에 이미 정의되어 있습니다. 초 정의가 무시됩니다.
d3dx9d.lib(d3dx9d_43.dll) : warning LNK4006: __imp__D3DXCheckCubeTextureRequirements@24이(가) d3dx9.lib(d3dx9_43.dll)에 이미 정의되어 있습니다. 초 정의가 무시됩니다.
d3dx9d.lib(d3dx9d_43.dll) : warning LNK4006: _D3DXCheckCubeTextureRequirements@24이(가) d3dx9.lib(d3dx9_43.dll)에 이미 정의되어 있습니다. 초 정의가 무시됩니다.
d3dx9d.lib(d3dx9d_43.dll) : warning LNK4006: __imp__D3DXBoxBoundProbe@16이(가) d3dx9.lib(d3dx9_43.dll)에 이미 정의되어 있습니다. 초 정의가 무시됩니다.
d3dx9d.lib(d3dx9d_43.dll) : warning LNK4006: _D3DXBoxBoundProbe@16이(가) d3dx9.lib(d3dx9_43.dll)에 이미 정의되어 있습니다. 초 정의가 무시됩니다.
d3dx9d.lib(d3dx9d_43.dll) : warning LNK4006: __imp__D3DXAssembleShaderFromResourceW@28이(가) d3dx9.lib(d3dx9_43.dll)에 이미 정의되어 있습니다. 초 정의가 무시됩니다.
d3dx9d.lib(d3dx9d_43.dll) : warning LNK4006: _D3DXAssembleShaderFromResourceW@28이(가) d3dx9.lib(d3dx9_43.dll)에 이미 정의되어 있습니다. 초 정의가 무시됩니다.
d3dx9d.lib(d3dx9d_43.dll) : warning LNK4006: __imp__D3DXAssembleShaderFromResourceA@28이(가) d3dx9.lib(d3dx9_43.dll)에 이미 정의되어 있습니다. 초 정의가 무시됩니다.
d3dx9d.lib(d3dx9d_43.dll) : warning LNK4006: _D3DXAssembleShaderFromResourceA@28이(가) d3dx9.lib(d3dx9_43.dll)에 이미 정의되어 있습니다. 초 정의가 무시됩니다.
d3dx9d.lib(d3dx9d_43.dll) : warning LNK4006: __imp__D3DXAssembleShaderFromFileW@24이(가) d3dx9.lib(d3dx9_43.dll)에 이미 정의되어 있습니다. 초 정의가 무시됩니다.
d3dx9d.lib(d3dx9d_43.dll) : warning LNK4006: _D3DXAssembleShaderFromFileW@24이(가) d3dx9.lib(d3dx9_43.dll)에 이미 정의되어 있습니다. 초 정의가 무시됩니다.
d3dx9d.lib(d3dx9d_43.dll) : warning LNK4006: __imp__D3DXAssembleShaderFromFileA@24이(가) d3dx9.lib(d3dx9_43.dll)에 이미 정의되어 있습니다. 초 정의가 무시됩니다.
d3dx9d.lib(d3dx9d_43.dll) : warning LNK4006: _D3DXAssembleShaderFromFileA@24이(가) d3dx9.lib(d3dx9_43.dll)에 이미 정의되어 있습니다. 초 정의가 무시됩니다.
d3dx9d.lib(d3dx9d_43.dll) : warning LNK4006: __imp__D3DXAssembleShader@28이(가) d3dx9.lib(d3dx9_43.dll)에 이미 정의되어 있습니다. 초 정의가 무시됩니다.
d3dx9d.lib(d3dx9d_43.dll) : warning LNK4006: _D3DXAssembleShader@28이(가) d3dx9.lib(d3dx9_43.dll)에 이미 정의되어 있습니다. 초 정의가 무시됩니다.
d3dx9d.lib(d3dx9d_43.dll) : warning LNK4006: __NULL_IMPORT_DESCRIPTOR이(가) d3dx9.lib(d3dx9_43.dll)에 이미 정의되어 있습니다. 초 정의가 무시됩니다.
  EngineFramework.vcxproj -> C:\Users\user\Desktop\API_Project-DirectX\API_Project-DirextX\Solution_Kirby\Debug\EngineFramework.lib
