c:\users\asus\onedrive\바탕 화면\api_project-dirextx\api_project-dirextx\solution_kirby\engineframework\debug\engineframework.pch
c:\users\asus\onedrive\바탕 화면\api_project-dirextx\api_project-dirextx\solution_kirby\engineframework\debug\vc143.pdb
c:\users\asus\onedrive\바탕 화면\api_project-dirextx\api_project-dirextx\solution_kirby\engineframework\debug\vc143.idb
c:\users\asus\onedrive\바탕 화면\api_project-dirextx\api_project-dirextx\solution_kirby\engineframework\debug\pch.obj
c:\users\asus\onedrive\바탕 화면\api_project-dirextx\api_project-dirextx\solution_kirby\engineframework\debug\windowframe.obj
c:\users\asus\onedrive\바탕 화면\api_project-dirextx\api_project-dirextx\solution_kirby\engineframework\debug\rigidbody.obj
c:\users\asus\onedrive\바탕 화면\api_project-dirextx\api_project-dirextx\solution_kirby\engineframework\debug\colorbutton.obj
c:\users\asus\onedrive\바탕 화면\api_project-dirextx\api_project-dirextx\solution_kirby\engineframework\debug\objectmanager.obj
c:\users\asus\onedrive\바탕 화면\api_project-dirextx\api_project-dirextx\solution_kirby\engineframework\debug\mouse.obj
c:\users\asus\onedrive\바탕 화면\api_project-dirextx\api_project-dirextx\solution_kirby\engineframework\debug\mainframe.obj
c:\users\asus\onedrive\바탕 화면\api_project-dirextx\api_project-dirextx\solution_kirby\engineframework\debug\inputstring.obj
c:\users\asus\onedrive\바탕 화면\api_project-dirextx\api_project-dirextx\solution_kirby\engineframework\debug\gameobject.obj
c:\users\asus\onedrive\바탕 화면\api_project-dirextx\api_project-dirextx\solution_kirby\engineframework\debug\debugwindow.obj
c:\users\asus\onedrive\바탕 화면\api_project-dirextx\api_project-dirextx\solution_kirby\engineframework\debug\component.obj
c:\users\asus\onedrive\바탕 화면\api_project-dirextx\api_project-dirextx\solution_kirby\engineframework\debug\collisionmanager.obj
c:\users\asus\onedrive\바탕 화면\api_project-dirextx\api_project-dirextx\solution_kirby\engineframework\debug\collider.obj
c:\users\asus\onedrive\바탕 화면\api_project-dirextx\api_project-dirextx\solution_kirby\engineframework\debug\camera.obj
c:\users\asus\onedrive\바탕 화면\api_project-dirextx\api_project-dirextx\solution_kirby\engineframework\debug\buffer.obj
c:\users\asus\onedrive\바탕 화면\api_project-dirextx\api_project-dirextx\solution_kirby\engineframework\debug\boxcollider.obj
c:\users\asus\onedrive\바탕 화면\api_project-dirextx\api_project-dirextx\solution_kirby\engineframework\debug\bitmaprender.obj
c:\users\asus\onedrive\바탕 화면\api_project-dirextx\api_project-dirextx\solution_kirby\engineframework\debug\animationrender.obj
c:\users\asus\onedrive\바탕 화면\api_project-dirextx\api_project-dirextx\solution_kirby\engineframework\debug\animationmanager.obj
c:\users\asus\onedrive\바탕 화면\api_project-dirextx\api_project-dirextx\solution_kirby\debug\engineframework.pdb
c:\users\asus\onedrive\바탕 화면\api_project-dirextx\api_project-dirextx\solution_kirby\engineframework\debug\engineframework.tlog\cl.command.1.tlog
c:\users\asus\onedrive\바탕 화면\api_project-dirextx\api_project-dirextx\solution_kirby\engineframework\debug\engineframework.tlog\cl.read.1.tlog
c:\users\asus\onedrive\바탕 화면\api_project-dirextx\api_project-dirextx\solution_kirby\engineframework\debug\engineframework.tlog\cl.write.1.tlog
c:\users\asus\onedrive\바탕 화면\api_project-dirextx\api_project-dirextx\solution_kirby\engineframework\debug\engineframework.tlog\link-cvtres.read.1.tlog
c:\users\asus\onedrive\바탕 화면\api_project-dirextx\api_project-dirextx\solution_kirby\engineframework\debug\engineframework.tlog\link-cvtres.write.1.tlog
c:\users\asus\onedrive\바탕 화면\api_project-dirextx\api_project-dirextx\solution_kirby\engineframework\debug\engineframework.tlog\link-rc.read.1.tlog
c:\users\asus\onedrive\바탕 화면\api_project-dirextx\api_project-dirextx\solution_kirby\engineframework\debug\engineframework.tlog\link-rc.write.1.tlog
c:\users\asus\onedrive\바탕 화면\api_project-dirextx\api_project-dirextx\solution_kirby\engineframework\debug\engineframework.tlog\link.command.1.tlog
c:\users\asus\onedrive\바탕 화면\api_project-dirextx\api_project-dirextx\solution_kirby\engineframework\debug\engineframework.tlog\link.read.1.tlog
c:\users\asus\onedrive\바탕 화면\api_project-dirextx\api_project-dirextx\solution_kirby\engineframework\debug\engineframework.tlog\link.write.1.tlog
