c:\users\user\desktop\api_project\api_project\solution_kirby\x64\debug\engineframework.pdb
c:\users\user\desktop\api_project\api_project\solution_kirby\x64\debug\engineframework.idb
c:\users\user\desktop\api_project\api_project\solution_kirby\engineframework\x64\debug\windowframe.obj
c:\users\user\desktop\api_project\api_project\solution_kirby\engineframework\x64\debug\rigidbody.obj
c:\users\user\desktop\api_project\api_project\solution_kirby\engineframework\x64\debug\colorbutton.obj
c:\users\user\desktop\api_project\api_project\solution_kirby\engineframework\x64\debug\pch.obj
c:\users\user\desktop\api_project\api_project\solution_kirby\engineframework\x64\debug\objectmanager.obj
c:\users\user\desktop\api_project\api_project\solution_kirby\engineframework\x64\debug\mouse.obj
c:\users\user\desktop\api_project\api_project\solution_kirby\engineframework\x64\debug\mainframe.obj
c:\users\user\desktop\api_project\api_project\solution_kirby\engineframework\x64\debug\inputstring.obj
c:\users\user\desktop\api_project\api_project\solution_kirby\engineframework\x64\debug\gameobject.obj
c:\users\user\desktop\api_project\api_project\solution_kirby\engineframework\x64\debug\debugwindow.obj
c:\users\user\desktop\api_project\api_project\solution_kirby\engineframework\x64\debug\component.obj
c:\users\user\desktop\api_project\api_project\solution_kirby\engineframework\x64\debug\collisionmanager.obj
c:\users\user\desktop\api_project\api_project\solution_kirby\engineframework\x64\debug\collider.obj
c:\users\user\desktop\api_project\api_project\solution_kirby\engineframework\x64\debug\camera.obj
c:\users\user\desktop\api_project\api_project\solution_kirby\engineframework\x64\debug\buffer.obj
c:\users\user\desktop\api_project\api_project\solution_kirby\engineframework\x64\debug\boxcollider.obj
c:\users\user\desktop\api_project\api_project\solution_kirby\engineframework\x64\debug\bitmaprender.obj
c:\users\user\desktop\api_project\api_project\solution_kirby\engineframework\x64\debug\animationrender.obj
c:\users\user\desktop\api_project\api_project\solution_kirby\engineframework\x64\debug\animationmanager.obj
c:\users\user\desktop\api_project\api_project\solution_kirby\x64\debug\engineframework.lib
c:\users\user\desktop\api_project\api_project\solution_kirby\engineframework\x64\debug\engineframework.tlog\cl.command.1.tlog
c:\users\user\desktop\api_project\api_project\solution_kirby\engineframework\x64\debug\engineframework.tlog\cl.items.tlog
c:\users\user\desktop\api_project\api_project\solution_kirby\engineframework\x64\debug\engineframework.tlog\cl.read.1.tlog
c:\users\user\desktop\api_project\api_project\solution_kirby\engineframework\x64\debug\engineframework.tlog\cl.write.1.tlog
c:\users\user\desktop\api_project\api_project\solution_kirby\engineframework\x64\debug\engineframework.tlog\lib-link.read.1.tlog
c:\users\user\desktop\api_project\api_project\solution_kirby\engineframework\x64\debug\engineframework.tlog\lib-link.write.1.tlog
c:\users\user\desktop\api_project\api_project\solution_kirby\engineframework\x64\debug\engineframework.tlog\lib.command.1.tlog
