c:\api_project-dirextx\solution_kirby\kirbygamedll\debug\vc143.pdb
c:\api_project-dirextx\solution_kirby\kirbygamedll\debug\vc143.idb
c:\api_project-dirextx\solution_kirby\kirbygamedll\debug\startscene.obj
c:\api_project-dirextx\solution_kirby\kirbygamedll\debug\stagemaker.obj
c:\api_project-dirextx\solution_kirby\kirbygamedll\debug\scenechanger.obj
c:\api_project-dirextx\solution_kirby\kirbygamedll\debug\player.obj
c:\api_project-dirextx\solution_kirby\kirbygamedll\debug\monsterai.obj
c:\api_project-dirextx\solution_kirby\kirbygamedll\debug\landchecker.obj
c:\api_project-dirextx\solution_kirby\kirbygamedll\debug\kirbygame.obj
c:\api_project-dirextx\solution_kirby\kirbygamedll\debug\gamescene.obj
c:\api_project-dirextx\solution_kirby\kirbygamedll\debug\game.obj
c:\api_project-dirextx\solution_kirby\kirbygamedll\debug\editerscene.obj
c:\api_project-dirextx\solution_kirby\kirbygamedll\debug\edit.obj
c:\api_project-dirextx\solution_kirby\kirbygamedll\debug\door.obj
c:\api_project-dirextx\solution_kirby\kirbygamedll\debug\dllmain.obj
c:\api_project-dirextx\solution_kirby\kirbygamedll\debug\changeobject.obj
c:\api_project-dirextx\solution_kirby\kirbygamedll\debug\attakobject.obj
c:\api_project-dirextx\solution_kirby\kirbygamedll\debug\attackevent.obj
c:\api_project-dirextx\solution_kirby\kirbygamedll\debug\pluginmanager.obj
c:\api_project-dirextx\solution_kirby\debug\kirbygamedll.lib
c:\api_project-dirextx\solution_kirby\debug\kirbygamedll.exp
c:\api_project-dirextx\solution_kirby\kirbygamedll\debug\kirbygamedll.ilk
c:\api_project-dirextx\solution_kirby\debug\kirbygamedll.dll
c:\api_project-dirextx\solution_kirby\debug\kirbygamedll.pdb
c:\api_project-dirextx\solution_kirby\kirbygamedll\debug\kirbygamedll.tlog\cl.command.1.tlog
c:\api_project-dirextx\solution_kirby\kirbygamedll\debug\kirbygamedll.tlog\cl.items.tlog
c:\api_project-dirextx\solution_kirby\kirbygamedll\debug\kirbygamedll.tlog\cl.read.1.tlog
c:\api_project-dirextx\solution_kirby\kirbygamedll\debug\kirbygamedll.tlog\cl.write.1.tlog
c:\api_project-dirextx\solution_kirby\kirbygamedll\debug\kirbygamedll.tlog\link.command.1.tlog
c:\api_project-dirextx\solution_kirby\kirbygamedll\debug\kirbygamedll.tlog\link.read.1.tlog
c:\api_project-dirextx\solution_kirby\kirbygamedll\debug\kirbygamedll.tlog\link.write.1.tlog
c:\api_project-dirextx\solution_kirby\kirbygamedll\debug\kirbygamedll.tlog\link.write.2u.tlog
