  AttackEvent.cpp
C:\Users\user\Desktop\API_Project-DirectX\API_Project-DirextX\Solution_Kirby\EngineFramework\AnimationManager.h(14,2): warning C4091: 'static ': 변수를 선언하지 않으면 'AnimationManager' 왼쪽은 무시됩니다.
  (소스 파일 'AttackEvent.cpp'을(를) 컴파일하는 중)
  
  AttakObject.cpp
C:\Users\user\Desktop\API_Project-DirectX\API_Project-DirextX\Solution_Kirby\EngineFramework\AnimationManager.h(14,2): warning C4091: 'static ': 변수를 선언하지 않으면 'AnimationManager' 왼쪽은 무시됩니다.
  (소스 파일 'AttakObject.cpp'을(를) 컴파일하는 중)
  
  ChangeObject.cpp
C:\Users\user\Desktop\API_Project-DirectX\API_Project-DirextX\Solution_Kirby\EngineFramework\AnimationManager.h(14,2): warning C4091: 'static ': 변수를 선언하지 않으면 'AnimationManager' 왼쪽은 무시됩니다.
  (소스 파일 'ChangeObject.cpp'을(를) 컴파일하는 중)
  
  Edit.cpp
C:\Users\user\Desktop\API_Project-DirectX\API_Project-DirextX\Solution_Kirby\EngineFramework\AnimationManager.h(14,2): warning C4091: 'static ': 변수를 선언하지 않으면 'AnimationManager' 왼쪽은 무시됩니다.
  (소스 파일 'Edit.cpp'을(를) 컴파일하는 중)
  
C:\Users\user\Desktop\API_Project-DirectX\API_Project-DirextX\Solution_Kirby\KirbyGame\Edit.cpp(493,15): warning C4244: '초기화 중': 'FLOAT'에서 'int'(으)로 변환하면서 데이터가 손실될 수 있습니다.
C:\Users\user\Desktop\API_Project-DirectX\API_Project-DirextX\Solution_Kirby\KirbyGame\Edit.cpp(494,15): warning C4244: '초기화 중': 'FLOAT'에서 'int'(으)로 변환하면서 데이터가 손실될 수 있습니다.
  EditerScene.cpp
C:\Users\user\Desktop\API_Project-DirectX\API_Project-DirextX\Solution_Kirby\EngineFramework\AnimationManager.h(14,2): warning C4091: 'static ': 변수를 선언하지 않으면 'AnimationManager' 왼쪽은 무시됩니다.
  (소스 파일 'EditerScene.cpp'을(를) 컴파일하는 중)
  
  game.cpp
C:\Users\user\Desktop\API_Project-DirectX\API_Project-DirextX\Solution_Kirby\EngineFramework\AnimationManager.h(14,2): warning C4091: 'static ': 변수를 선언하지 않으면 'AnimationManager' 왼쪽은 무시됩니다.
  (소스 파일 'game.cpp'을(를) 컴파일하는 중)
  
  GameScene.cpp
C:\Users\user\Desktop\API_Project-DirectX\API_Project-DirextX\Solution_Kirby\EngineFramework\AnimationManager.h(14,2): warning C4091: 'static ': 변수를 선언하지 않으면 'AnimationManager' 왼쪽은 무시됩니다.
  (소스 파일 'GameScene.cpp'을(를) 컴파일하는 중)
  
  LandChecker.cpp
C:\Users\user\Desktop\API_Project-DirectX\API_Project-DirextX\Solution_Kirby\EngineFramework\AnimationManager.h(14,2): warning C4091: 'static ': 변수를 선언하지 않으면 'AnimationManager' 왼쪽은 무시됩니다.
  (소스 파일 'LandChecker.cpp'을(를) 컴파일하는 중)
  
  main.cpp
C:\Users\user\Desktop\API_Project-DirectX\API_Project-DirextX\Solution_Kirby\EngineFramework\AnimationManager.h(14,2): warning C4091: 'static ': 변수를 선언하지 않으면 'AnimationManager' 왼쪽은 무시됩니다.
  (소스 파일 'main.cpp'을(를) 컴파일하는 중)
  
  MonsterAI.cpp
C:\Users\user\Desktop\API_Project-DirectX\API_Project-DirextX\Solution_Kirby\EngineFramework\AnimationManager.h(14,2): warning C4091: 'static ': 변수를 선언하지 않으면 'AnimationManager' 왼쪽은 무시됩니다.
  (소스 파일 'MonsterAI.cpp'을(를) 컴파일하는 중)
  
  Player.cpp
C:\Users\user\Desktop\API_Project-DirectX\API_Project-DirextX\Solution_Kirby\EngineFramework\AnimationManager.h(14,2): warning C4091: 'static ': 변수를 선언하지 않으면 'AnimationManager' 왼쪽은 무시됩니다.
  (소스 파일 'Player.cpp'을(를) 컴파일하는 중)
  
  SceneChanger.cpp
C:\Users\user\Desktop\API_Project-DirectX\API_Project-DirextX\Solution_Kirby\EngineFramework\AnimationManager.h(14,2): warning C4091: 'static ': 변수를 선언하지 않으면 'AnimationManager' 왼쪽은 무시됩니다.
  (소스 파일 'SceneChanger.cpp'을(를) 컴파일하는 중)
  
  StageMaker.cpp
C:\Users\user\Desktop\API_Project-DirectX\API_Project-DirextX\Solution_Kirby\EngineFramework\AnimationManager.h(14,2): warning C4091: 'static ': 변수를 선언하지 않으면 'AnimationManager' 왼쪽은 무시됩니다.
  (소스 파일 'StageMaker.cpp'을(를) 컴파일하는 중)
  
C:\Users\user\Desktop\API_Project-DirectX\API_Project-DirextX\Solution_Kirby\KirbyGame\StageMaker.cpp(72,26): warning C4267: '초기화 중': 'size_t'에서 'int'(으)로 변환하면서 데이터가 손실될 수 있습니다.
C:\Users\user\Desktop\API_Project-DirectX\API_Project-DirextX\Solution_Kirby\KirbyGame\StageMaker.cpp(284,49): warning C4244: '인수': 'double'에서 'float'(으)로 변환하면서 데이터가 손실될 수 있습니다.
C:\Users\user\Desktop\API_Project-DirectX\API_Project-DirextX\Solution_Kirby\KirbyGame\StageMaker.cpp(291,71): warning C4244: '인수': 'double'에서 'float'(으)로 변환하면서 데이터가 손실될 수 있습니다.
C:\Users\user\Desktop\API_Project-DirectX\API_Project-DirextX\Solution_Kirby\KirbyGame\StageMaker.cpp(291,53): warning C4244: '인수': 'double'에서 'float'(으)로 변환하면서 데이터가 손실될 수 있습니다.
  StartScene.cpp
C:\Users\user\Desktop\API_Project-DirectX\API_Project-DirextX\Solution_Kirby\EngineFramework\AnimationManager.h(14,2): warning C4091: 'static ': 변수를 선언하지 않으면 'AnimationManager' 왼쪽은 무시됩니다.
  (소스 파일 'StartScene.cpp'을(를) 컴파일하는 중)
  
  코드를 생성하고 있습니다...
EngineFramework.lib(BitmapRender.obj) : error LNK2019: D3DXMatrixTranslation"private: void __cdecl BitmapRender::DrawBitmap(int,int,int,int,int)" (?DrawBitmap@BitmapRender@@AEAAXHHHHH@Z) 함수에서 참조되는 확인할 수 없는 외부 기호
EngineFramework.lib(AnimationManager.obj) : error LNK2019: D3DXCreateTextureFromFileA"public: static struct Animation __cdecl AnimationManager::LoadAnimation(class std::basic_string<char,struct std::char_traits<char>,class std::allocator<char> > const &,float)" (?LoadAnimation@AnimationManager@@SA?AUAnimation@@AEBV?$basic_string@DU?$char_traits@D@std@@V?$allocator@D@2@@std@@M@Z) 함수에서 참조되는 확인할 수 없는 외부 기호
EngineFramework.lib(AnimationManager.obj) : error LNK2019: D3DXCreateTextureFromFileExW"public: static struct IDirect3DTexture9 * __cdecl AnimationManager::LoadTexture(class std::basic_string<wchar_t,struct std::char_traits<wchar_t>,class std::allocator<wchar_t> > const &)" (?LoadTexture@AnimationManager@@SAPEAUIDirect3DTexture9@@AEBV?$basic_string@_WU?$char_traits@_W@std@@V?$allocator@_W@2@@std@@@Z) 함수에서 참조되는 확인할 수 없는 외부 기호
EngineFramework.lib(MainFrame.obj) : error LNK2019: Direct3DCreate9"public: void __cdecl MainFrame::Initialize(int,class Scene *)" (?Initialize@MainFrame@@QEAAXHPEAVScene@@@Z) 함수에서 참조되는 확인할 수 없는 외부 기호
EngineFramework.lib(MainFrame.obj) : error LNK2019: D3DXMatrixOrthoLH"public: void __cdecl MainFrame::Initialize(int,class Scene *)" (?Initialize@MainFrame@@QEAAXHPEAVScene@@@Z) 함수에서 참조되는 확인할 수 없는 외부 기호
EngineFramework.lib(MainFrame.obj) : error LNK2019: D3DXCreateFontW"public: void __cdecl MainFrame::Initialize(int,class Scene *)" (?Initialize@MainFrame@@QEAAXHPEAVScene@@@Z) 함수에서 참조되는 확인할 수 없는 외부 기호
EngineFramework.lib(Camera.obj) : error LNK2019: D3DXMatrixLookAtLH"public: void __cdecl Camera::InitializeView(void)" (?InitializeView@Camera@@QEAAXXZ) 함수에서 참조되는 확인할 수 없는 외부 기호
C:\Program Files (x86)\Microsoft DirectX SDK (June 2010)\Lib\x86\d3dx9.lib : warning LNK4272: 'x86' 라이브러리 컴퓨터 종류가 'x64' 대상 컴퓨터 종류와 충돌합니다.
C:\Program Files (x86)\Microsoft DirectX SDK (June 2010)\Lib\x86\d3d9.lib : warning LNK4272: 'x86' 라이브러리 컴퓨터 종류가 'x64' 대상 컴퓨터 종류와 충돌합니다.
C:\Program Files (x86)\Microsoft DirectX SDK (June 2010)\Lib\x86\d3dx9d.lib : warning LNK4272: 'x86' 라이브러리 컴퓨터 종류가 'x64' 대상 컴퓨터 종류와 충돌합니다.
C:\Users\user\Desktop\API_Project-DirectX\API_Project-DirextX\Solution_Kirby\x64\Debug\KirbyGame.exe : fatal error LNK1120: 7개의 확인할 수 없는 외부 참조입니다.
