c:\users\user\desktop\api_project\api_project\solution_kirby\kirbygame\x64\debug\vc143.pdb
c:\users\user\desktop\api_project\api_project\solution_kirby\kirbygame\x64\debug\vc143.idb
c:\users\user\desktop\api_project\api_project\solution_kirby\kirbygame\x64\debug\monsterai.obj
c:\users\user\desktop\api_project\api_project\solution_kirby\kirbygame\x64\debug\landchecker.obj
c:\users\user\desktop\api_project\api_project\solution_kirby\kirbygame\x64\debug\main.obj
c:\users\user\desktop\api_project\api_project\solution_kirby\kirbygame\x64\debug\startscene.obj
c:\users\user\desktop\api_project\api_project\solution_kirby\kirbygame\x64\debug\stagemaker.obj
c:\users\user\desktop\api_project\api_project\solution_kirby\kirbygame\x64\debug\scenechanger.obj
c:\users\user\desktop\api_project\api_project\solution_kirby\kirbygame\x64\debug\player.obj
c:\users\user\desktop\api_project\api_project\solution_kirby\kirbygame\x64\debug\gamescene.obj
c:\users\user\desktop\api_project\api_project\solution_kirby\kirbygame\x64\debug\game.obj
c:\users\user\desktop\api_project\api_project\solution_kirby\kirbygame\x64\debug\editerscene.obj
c:\users\user\desktop\api_project\api_project\solution_kirby\kirbygame\x64\debug\edit.obj
c:\users\user\desktop\api_project\api_project\solution_kirby\kirbygame\x64\debug\changeobject.obj
c:\users\user\desktop\api_project\api_project\solution_kirby\kirbygame\x64\debug\attakobject.obj
c:\users\user\desktop\api_project\api_project\solution_kirby\kirbygame\x64\debug\attackevent.obj
c:\users\user\desktop\api_project\api_project\solution_kirby\x64\debug\kirbygame.exe
c:\users\user\desktop\api_project\api_project\solution_kirby\x64\debug\kirbygame.pdb
c:\users\user\desktop\api_project\api_project\solution_kirby\kirbygame\x64\debug\kirbygame.ilk
c:\users\user\desktop\api_project\api_project\solution_kirby\kirbygame\x64\debug\kirbygame.tlog\cl.command.1.tlog
c:\users\user\desktop\api_project\api_project\solution_kirby\kirbygame\x64\debug\kirbygame.tlog\cl.items.tlog
c:\users\user\desktop\api_project\api_project\solution_kirby\kirbygame\x64\debug\kirbygame.tlog\cl.read.1.tlog
c:\users\user\desktop\api_project\api_project\solution_kirby\kirbygame\x64\debug\kirbygame.tlog\cl.write.1.tlog
c:\users\user\desktop\api_project\api_project\solution_kirby\kirbygame\x64\debug\kirbygame.tlog\link.command.1.tlog
c:\users\user\desktop\api_project\api_project\solution_kirby\kirbygame\x64\debug\kirbygame.tlog\link.read.1.tlog
c:\users\user\desktop\api_project\api_project\solution_kirby\kirbygame\x64\debug\kirbygame.tlog\link.secondary.1.tlog
c:\users\user\desktop\api_project\api_project\solution_kirby\kirbygame\x64\debug\kirbygame.tlog\link.write.1.tlog
